INFO - 2024-07-24 02:45:09 --> Session: Class initialized using 'CodeIgniter\Session\Handlers\FileHandler' driver.
ERROR - 2024-07-24 02:45:09 --> Error connecting to the database: mysqli_sql_exception: Unknown database 'u1658729_omahresik1' in C:\project\omahresik1.kadinkotamalang.com\41\system\Database\MySQLi\Connection.php:173
Stack trace:
#0 C:\project\omahresik1.kadinkotamalang.com\41\system\Database\MySQLi\Connection.php(173): mysqli->real_connect('localhost', 'root', Object(SensitiveParameterValue), 'u1658729_omahre...', 3306, '', 0)
#1 C:\project\omahresik1.kadinkotamalang.com\41\system\Database\BaseConnection.php(391): CodeIgniter\Database\MySQLi\Connection->connect(false)
#2 C:\project\omahresik1.kadinkotamalang.com\41\system\Database\BaseConnection.php(574): CodeIgniter\Database\BaseConnection->initialize()
#3 C:\project\omahresik1.kadinkotamalang.com\41\system\Database\BaseBuilder.php(1616): CodeIgniter\Database\BaseConnection->query('SELECT *\nFROM `...', Array, false)
#4 C:\project\omahresik1.kadinkotamalang.com\41\system\Model.php(241): CodeIgniter\Database\BaseBuilder->get()
#5 C:\project\omahresik1.kadinkotamalang.com\41\system\BaseModel.php(618): CodeIgniter\Model->doFindAll(0, 0)
#6 C:\project\omahresik1.kadinkotamalang.com\41\app\Controllers\user\Homectrl.php(28): CodeIgniter\BaseModel->findAll()
#7 C:\project\omahresik1.kadinkotamalang.com\41\system\CodeIgniter.php(932): App\Controllers\user\Homectrl->index()
#8 C:\project\omahresik1.kadinkotamalang.com\41\system\CodeIgniter.php(497): CodeIgniter\CodeIgniter->runController(Object(App\Controllers\user\Homectrl))
#9 C:\project\omahresik1.kadinkotamalang.com\41\system\CodeIgniter.php(366): CodeIgniter\CodeIgniter->handleRequest(NULL, Object(Config\Cache), false)
#10 C:\project\omahresik1.kadinkotamalang.com\41\public\index.php(67): CodeIgniter\CodeIgniter->run()
#11 C:\project\omahresik1.kadinkotamalang.com\41\system\Commands\Server\rewrite.php(47): require_once('C:\\project\\omah...')
#12 {main}

Next CodeIgniter\Database\Exceptions\DatabaseException: Unknown database 'u1658729_omahresik1' in C:\project\omahresik1.kadinkotamalang.com\41\system\Database\MySQLi\Connection.php:218
Stack trace:
#0 C:\project\omahresik1.kadinkotamalang.com\41\system\Database\BaseConnection.php(391): CodeIgniter\Database\MySQLi\Connection->connect(false)
#1 C:\project\omahresik1.kadinkotamalang.com\41\system\Database\BaseConnection.php(574): CodeIgniter\Database\BaseConnection->initialize()
#2 C:\project\omahresik1.kadinkotamalang.com\41\system\Database\BaseBuilder.php(1616): CodeIgniter\Database\BaseConnection->query('SELECT *\nFROM `...', Array, false)
#3 C:\project\omahresik1.kadinkotamalang.com\41\system\Model.php(241): CodeIgniter\Database\BaseBuilder->get()
#4 C:\project\omahresik1.kadinkotamalang.com\41\system\BaseModel.php(618): CodeIgniter\Model->doFindAll(0, 0)
#5 C:\project\omahresik1.kadinkotamalang.com\41\app\Controllers\user\Homectrl.php(28): CodeIgniter\BaseModel->findAll()
#6 C:\project\omahresik1.kadinkotamalang.com\41\system\CodeIgniter.php(932): App\Controllers\user\Homectrl->index()
#7 C:\project\omahresik1.kadinkotamalang.com\41\system\CodeIgniter.php(497): CodeIgniter\CodeIgniter->runController(Object(App\Controllers\user\Homectrl))
#8 C:\project\omahresik1.kadinkotamalang.com\41\system\CodeIgniter.php(366): CodeIgniter\CodeIgniter->handleRequest(NULL, Object(Config\Cache), false)
#9 C:\project\omahresik1.kadinkotamalang.com\41\public\index.php(67): CodeIgniter\CodeIgniter->run()
#10 C:\project\omahresik1.kadinkotamalang.com\41\system\Commands\Server\rewrite.php(47): require_once('C:\\project\\omah...')
#11 {main}
CRITICAL - 2024-07-24 02:45:09 --> Unable to connect to the database.
Main connection [MySQLi]: Unknown database 'u1658729_omahresik1'
in SYSTEMPATH\Database\BaseConnection.php on line 427.
 1 SYSTEMPATH\Database\BaseConnection.php(574): CodeIgniter\Database\BaseConnection->initialize()
 2 SYSTEMPATH\Database\BaseBuilder.php(1616): CodeIgniter\Database\BaseConnection->query('SELECT *
FROM `tb_profil`', [], false)
 3 SYSTEMPATH\Model.php(241): CodeIgniter\Database\BaseBuilder->get()
 4 SYSTEMPATH\BaseModel.php(618): CodeIgniter\Model->doFindAll(0, 0)
 5 APPPATH\Controllers\user\Homectrl.php(28): CodeIgniter\BaseModel->findAll()
 6 SYSTEMPATH\CodeIgniter.php(932): App\Controllers\user\Homectrl->index()
 7 SYSTEMPATH\CodeIgniter.php(497): CodeIgniter\CodeIgniter->runController(Object(App\Controllers\user\Homectrl))
 8 SYSTEMPATH\CodeIgniter.php(366): CodeIgniter\CodeIgniter->handleRequest(null, Object(Config\Cache), false)
 9 FCPATH\index.php(67): CodeIgniter\CodeIgniter->run()
10 SYSTEMPATH\Commands\Server\rewrite.php(47): require_once('C:\\project\\omahresik1.kadinkotamalang.com\\41\\public\\index.php')
INFO - 2024-07-24 02:45:09 --> Session: Class initialized using 'CodeIgniter\Session\Handlers\FileHandler' driver.
ERROR - 2024-07-24 02:45:09 --> Error connecting to the database: mysqli_sql_exception: Unknown database 'u1658729_omahresik1' in C:\project\omahresik1.kadinkotamalang.com\41\system\Database\MySQLi\Connection.php:173
Stack trace:
#0 C:\project\omahresik1.kadinkotamalang.com\41\system\Database\MySQLi\Connection.php(173): mysqli->real_connect('localhost', 'root', Object(SensitiveParameterValue), 'u1658729_omahre...', 3306, '', 0)
#1 C:\project\omahresik1.kadinkotamalang.com\41\system\Database\BaseConnection.php(391): CodeIgniter\Database\MySQLi\Connection->connect(false)
#2 C:\project\omahresik1.kadinkotamalang.com\41\system\Database\BaseConnection.php(574): CodeIgniter\Database\BaseConnection->initialize()
#3 C:\project\omahresik1.kadinkotamalang.com\41\system\Database\BaseBuilder.php(1616): CodeIgniter\Database\BaseConnection->query('SELECT *\nFROM `...', Array, false)
#4 C:\project\omahresik1.kadinkotamalang.com\41\system\Model.php(241): CodeIgniter\Database\BaseBuilder->get()
#5 C:\project\omahresik1.kadinkotamalang.com\41\system\BaseModel.php(618): CodeIgniter\Model->doFindAll(0, 0)
#6 C:\project\omahresik1.kadinkotamalang.com\41\app\Controllers\user\Homectrl.php(28): CodeIgniter\BaseModel->findAll()
#7 C:\project\omahresik1.kadinkotamalang.com\41\system\CodeIgniter.php(932): App\Controllers\user\Homectrl->index()
#8 C:\project\omahresik1.kadinkotamalang.com\41\system\CodeIgniter.php(497): CodeIgniter\CodeIgniter->runController(Object(App\Controllers\user\Homectrl))
#9 C:\project\omahresik1.kadinkotamalang.com\41\system\CodeIgniter.php(366): CodeIgniter\CodeIgniter->handleRequest(NULL, Object(Config\Cache), false)
#10 C:\project\omahresik1.kadinkotamalang.com\41\public\index.php(67): CodeIgniter\CodeIgniter->run()
#11 C:\project\omahresik1.kadinkotamalang.com\41\system\Commands\Server\rewrite.php(47): require_once('C:\\project\\omah...')
#12 {main}

Next CodeIgniter\Database\Exceptions\DatabaseException: Unknown database 'u1658729_omahresik1' in C:\project\omahresik1.kadinkotamalang.com\41\system\Database\MySQLi\Connection.php:218
Stack trace:
#0 C:\project\omahresik1.kadinkotamalang.com\41\system\Database\BaseConnection.php(391): CodeIgniter\Database\MySQLi\Connection->connect(false)
#1 C:\project\omahresik1.kadinkotamalang.com\41\system\Database\BaseConnection.php(574): CodeIgniter\Database\BaseConnection->initialize()
#2 C:\project\omahresik1.kadinkotamalang.com\41\system\Database\BaseBuilder.php(1616): CodeIgniter\Database\BaseConnection->query('SELECT *\nFROM `...', Array, false)
#3 C:\project\omahresik1.kadinkotamalang.com\41\system\Model.php(241): CodeIgniter\Database\BaseBuilder->get()
#4 C:\project\omahresik1.kadinkotamalang.com\41\system\BaseModel.php(618): CodeIgniter\Model->doFindAll(0, 0)
#5 C:\project\omahresik1.kadinkotamalang.com\41\app\Controllers\user\Homectrl.php(28): CodeIgniter\BaseModel->findAll()
#6 C:\project\omahresik1.kadinkotamalang.com\41\system\CodeIgniter.php(932): App\Controllers\user\Homectrl->index()
#7 C:\project\omahresik1.kadinkotamalang.com\41\system\CodeIgniter.php(497): CodeIgniter\CodeIgniter->runController(Object(App\Controllers\user\Homectrl))
#8 C:\project\omahresik1.kadinkotamalang.com\41\system\CodeIgniter.php(366): CodeIgniter\CodeIgniter->handleRequest(NULL, Object(Config\Cache), false)
#9 C:\project\omahresik1.kadinkotamalang.com\41\public\index.php(67): CodeIgniter\CodeIgniter->run()
#10 C:\project\omahresik1.kadinkotamalang.com\41\system\Commands\Server\rewrite.php(47): require_once('C:\\project\\omah...')
#11 {main}
CRITICAL - 2024-07-24 02:45:09 --> Unable to connect to the database.
Main connection [MySQLi]: Unknown database 'u1658729_omahresik1'
in SYSTEMPATH\Database\BaseConnection.php on line 427.
 1 SYSTEMPATH\Database\BaseConnection.php(574): CodeIgniter\Database\BaseConnection->initialize()
 2 SYSTEMPATH\Database\BaseBuilder.php(1616): CodeIgniter\Database\BaseConnection->query('SELECT *
FROM `tb_profil`', [], false)
 3 SYSTEMPATH\Model.php(241): CodeIgniter\Database\BaseBuilder->get()
 4 SYSTEMPATH\BaseModel.php(618): CodeIgniter\Model->doFindAll(0, 0)
 5 APPPATH\Controllers\user\Homectrl.php(28): CodeIgniter\BaseModel->findAll()
 6 SYSTEMPATH\CodeIgniter.php(932): App\Controllers\user\Homectrl->index()
 7 SYSTEMPATH\CodeIgniter.php(497): CodeIgniter\CodeIgniter->runController(Object(App\Controllers\user\Homectrl))
 8 SYSTEMPATH\CodeIgniter.php(366): CodeIgniter\CodeIgniter->handleRequest(null, Object(Config\Cache), false)
 9 FCPATH\index.php(67): CodeIgniter\CodeIgniter->run()
10 SYSTEMPATH\Commands\Server\rewrite.php(47): require_once('C:\\project\\omahresik1.kadinkotamalang.com\\41\\public\\index.php')
INFO - 2024-07-24 02:48:17 --> Session: Class initialized using 'CodeIgniter\Session\Handlers\FileHandler' driver.
INFO - 2024-07-24 02:48:30 --> Session: Class initialized using 'CodeIgniter\Session\Handlers\FileHandler' driver.
