DEBUG - 2024-09-28 02:23:21 --> LocaleFilter triggered.
DEBUG - 2024-09-28 02:23:21 --> Locale set to: id
INFO - 2024-09-28 02:23:22 --> Session: Class initialized using 'CodeIgniter\Session\Handlers\FileHandler' driver.
ERROR - 2024-09-28 02:24:17 --> Error connecting to the database: ErrorException: mysqli::real_connect(): Error while reading greeting packet. PID=19936 in C:\projectcomp\projek5\elecompid\41\system\Database\MySQLi\Connection.php:173
Stack trace:
#0 [internal function]: CodeIgniter\Debug\Exceptions->errorHandler(2, 'mysqli::real_co...', 'C:\\projectcomp\\...', 173)
#1 C:\projectcomp\projek5\elecompid\41\system\Database\MySQLi\Connection.php(173): mysqli->real_connect('localhost', 'root', Object(SensitiveParameterValue), 'u1658729_elecom...', 3306, '', 0)
#2 C:\projectcomp\projek5\elecompid\41\system\Database\BaseConnection.php(391): CodeIgniter\Database\MySQLi\Connection->connect(false)
#3 C:\projectcomp\projek5\elecompid\41\system\Database\BaseConnection.php(574): CodeIgniter\Database\BaseConnection->initialize()
#4 C:\projectcomp\projek5\elecompid\41\system\Database\BaseBuilder.php(1616): CodeIgniter\Database\BaseConnection->query('SELECT *\nFROM `...', Array, false)
#5 C:\projectcomp\projek5\elecompid\41\system\Model.php(241): CodeIgniter\Database\BaseBuilder->get()
#6 C:\projectcomp\projek5\elecompid\41\system\BaseModel.php(618): CodeIgniter\Model->doFindAll(0, 0)
#7 C:\projectcomp\projek5\elecompid\41\app\Controllers\user\Aktivitasctrl.php(63): CodeIgniter\BaseModel->findAll()
#8 C:\projectcomp\projek5\elecompid\41\system\CodeIgniter.php(932): App\Controllers\user\Aktivitasctrl->detail('6', 'How-We-Design-A...', 'Bagaimana-Kami-...')
#9 C:\projectcomp\projek5\elecompid\41\system\CodeIgniter.php(497): CodeIgniter\CodeIgniter->runController(Object(App\Controllers\user\Aktivitasctrl))
#10 C:\projectcomp\projek5\elecompid\41\system\CodeIgniter.php(366): CodeIgniter\CodeIgniter->handleRequest(NULL, Object(Config\Cache), false)
#11 C:\projectcomp\projek5\elecompid\41\public\index.php(67): CodeIgniter\CodeIgniter->run()
#12 C:\projectcomp\projek5\elecompid\41\system\Commands\Server\rewrite.php(47): require_once('C:\\projectcomp\\...')
#13 {main}

Next mysqli_sql_exception: MySQL server has gone away in C:\projectcomp\projek5\elecompid\41\system\Database\MySQLi\Connection.php:173
Stack trace:
#0 C:\projectcomp\projek5\elecompid\41\system\Database\MySQLi\Connection.php(173): mysqli->real_connect('localhost', 'root', Object(SensitiveParameterValue), 'u1658729_elecom...', 3306, '', 0)
#1 C:\projectcomp\projek5\elecompid\41\system\Database\BaseConnection.php(391): CodeIgniter\Database\MySQLi\Connection->connect(false)
#2 C:\projectcomp\projek5\elecompid\41\system\Database\BaseConnection.php(574): CodeIgniter\Database\BaseConnection->initialize()
#3 C:\projectcomp\projek5\elecompid\41\system\Database\BaseBuilder.php(1616): CodeIgniter\Database\BaseConnection->query('SELECT *\nFROM `...', Array, false)
#4 C:\projectcomp\projek5\elecompid\41\system\Model.php(241): CodeIgniter\Database\BaseBuilder->get()
#5 C:\projectcomp\projek5\elecompid\41\system\BaseModel.php(618): CodeIgniter\Model->doFindAll(0, 0)
#6 C:\projectcomp\projek5\elecompid\41\app\Controllers\user\Aktivitasctrl.php(63): CodeIgniter\BaseModel->findAll()
#7 C:\projectcomp\projek5\elecompid\41\system\CodeIgniter.php(932): App\Controllers\user\Aktivitasctrl->detail('6', 'How-We-Design-A...', 'Bagaimana-Kami-...')
#8 C:\projectcomp\projek5\elecompid\41\system\CodeIgniter.php(497): CodeIgniter\CodeIgniter->runController(Object(App\Controllers\user\Aktivitasctrl))
#9 C:\projectcomp\projek5\elecompid\41\system\CodeIgniter.php(366): CodeIgniter\CodeIgniter->handleRequest(NULL, Object(Config\Cache), false)
#10 C:\projectcomp\projek5\elecompid\41\public\index.php(67): CodeIgniter\CodeIgniter->run()
#11 C:\projectcomp\projek5\elecompid\41\system\Commands\Server\rewrite.php(47): require_once('C:\\projectcomp\\...')
#12 {main}

Next CodeIgniter\Database\Exceptions\DatabaseException: MySQL server has gone away in C:\projectcomp\projek5\elecompid\41\system\Database\MySQLi\Connection.php:218
Stack trace:
#0 C:\projectcomp\projek5\elecompid\41\system\Database\BaseConnection.php(391): CodeIgniter\Database\MySQLi\Connection->connect(false)
#1 C:\projectcomp\projek5\elecompid\41\system\Database\BaseConnection.php(574): CodeIgniter\Database\BaseConnection->initialize()
#2 C:\projectcomp\projek5\elecompid\41\system\Database\BaseBuilder.php(1616): CodeIgniter\Database\BaseConnection->query('SELECT *\nFROM `...', Array, false)
#3 C:\projectcomp\projek5\elecompid\41\system\Model.php(241): CodeIgniter\Database\BaseBuilder->get()
#4 C:\projectcomp\projek5\elecompid\41\system\BaseModel.php(618): CodeIgniter\Model->doFindAll(0, 0)
#5 C:\projectcomp\projek5\elecompid\41\app\Controllers\user\Aktivitasctrl.php(63): CodeIgniter\BaseModel->findAll()
#6 C:\projectcomp\projek5\elecompid\41\system\CodeIgniter.php(932): App\Controllers\user\Aktivitasctrl->detail('6', 'How-We-Design-A...', 'Bagaimana-Kami-...')
#7 C:\projectcomp\projek5\elecompid\41\system\CodeIgniter.php(497): CodeIgniter\CodeIgniter->runController(Object(App\Controllers\user\Aktivitasctrl))
#8 C:\projectcomp\projek5\elecompid\41\system\CodeIgniter.php(366): CodeIgniter\CodeIgniter->handleRequest(NULL, Object(Config\Cache), false)
#9 C:\projectcomp\projek5\elecompid\41\public\index.php(67): CodeIgniter\CodeIgniter->run()
#10 C:\projectcomp\projek5\elecompid\41\system\Commands\Server\rewrite.php(47): require_once('C:\\projectcomp\\...')
#11 {main}
CRITICAL - 2024-09-28 02:24:17 --> Unable to connect to the database.
Main connection [MySQLi]: MySQL server has gone away
in SYSTEMPATH\Database\BaseConnection.php on line 427.
 1 SYSTEMPATH\Database\BaseConnection.php(574): CodeIgniter\Database\BaseConnection->initialize()
 2 SYSTEMPATH\Database\BaseBuilder.php(1616): CodeIgniter\Database\BaseConnection->query('SELECT *
FROM `tb_profil`', [], false)
 3 SYSTEMPATH\Model.php(241): CodeIgniter\Database\BaseBuilder->get()
 4 SYSTEMPATH\BaseModel.php(618): CodeIgniter\Model->doFindAll(0, 0)
 5 APPPATH\Controllers\user\Aktivitasctrl.php(63): CodeIgniter\BaseModel->findAll()
 6 SYSTEMPATH\CodeIgniter.php(932): App\Controllers\user\Aktivitasctrl->detail('6', 'How-We-Design-A-Website', 'Bagaimana-Kami-Mendesign-Website')
 7 SYSTEMPATH\CodeIgniter.php(497): CodeIgniter\CodeIgniter->runController(Object(App\Controllers\user\Aktivitasctrl))
 8 SYSTEMPATH\CodeIgniter.php(366): CodeIgniter\CodeIgniter->handleRequest(null, Object(Config\Cache), false)
 9 FCPATH\index.php(67): CodeIgniter\CodeIgniter->run()
10 SYSTEMPATH\Commands\Server\rewrite.php(47): require_once('C:\\projectcomp\\projek5\\elecompid\\41\\public\\index.php')
DEBUG - 2024-09-28 02:24:43 --> LocaleFilter triggered.
DEBUG - 2024-09-28 02:24:43 --> Locale set to: id
INFO - 2024-09-28 02:24:43 --> Session: Class initialized using 'CodeIgniter\Session\Handlers\FileHandler' driver.
DEBUG - 2024-09-28 02:25:46 --> LocaleFilter triggered.
DEBUG - 2024-09-28 02:25:46 --> Locale set to default: id
DEBUG - 2024-09-28 02:25:46 --> LocaleFilter triggered.
DEBUG - 2024-09-28 02:25:46 --> Locale set to: id
INFO - 2024-09-28 02:25:46 --> Session: Class initialized using 'CodeIgniter\Session\Handlers\FileHandler' driver.
DEBUG - 2024-09-28 02:25:49 --> LocaleFilter triggered.
DEBUG - 2024-09-28 02:25:49 --> Locale set to default: id
INFO - 2024-09-28 02:25:49 --> Session: Class initialized using 'CodeIgniter\Session\Handlers\FileHandler' driver.
DEBUG - 2024-09-28 02:25:52 --> LocaleFilter triggered.
DEBUG - 2024-09-28 02:25:52 --> Locale set to default: id
DEBUG - 2024-09-28 02:25:55 --> LocaleFilter triggered.
DEBUG - 2024-09-28 02:25:55 --> Locale set to default: id
DEBUG - 2024-09-28 02:28:28 --> LocaleFilter triggered.
DEBUG - 2024-09-28 02:28:28 --> Locale set to default: id
INFO - 2024-09-28 02:28:28 --> Session: Class initialized using 'CodeIgniter\Session\Handlers\FileHandler' driver.
DEBUG - 2024-09-28 02:28:28 --> LocaleFilter triggered.
DEBUG - 2024-09-28 02:28:28 --> Locale set to default: id
INFO - 2024-09-28 02:28:28 --> Session: Class initialized using 'CodeIgniter\Session\Handlers\FileHandler' driver.
DEBUG - 2024-09-28 02:28:38 --> LocaleFilter triggered.
DEBUG - 2024-09-28 02:28:38 --> Locale set to default: id
INFO - 2024-09-28 02:28:38 --> CSRF token verified.
INFO - 2024-09-28 02:28:38 --> Session: Class initialized using 'CodeIgniter\Session\Handlers\FileHandler' driver.
DEBUG - 2024-09-28 02:28:38 --> LocaleFilter triggered.
DEBUG - 2024-09-28 02:28:38 --> Locale set to default: id
INFO - 2024-09-28 02:28:38 --> Session: Class initialized using 'CodeIgniter\Session\Handlers\FileHandler' driver.
DEBUG - 2024-09-28 02:28:39 --> LocaleFilter triggered.
DEBUG - 2024-09-28 02:28:39 --> Locale set to default: id
INFO - 2024-09-28 02:28:39 --> Session: Class initialized using 'CodeIgniter\Session\Handlers\FileHandler' driver.
DEBUG - 2024-09-28 02:28:44 --> LocaleFilter triggered.
DEBUG - 2024-09-28 02:28:44 --> Locale set to default: id
INFO - 2024-09-28 02:28:44 --> Session: Class initialized using 'CodeIgniter\Session\Handlers\FileHandler' driver.
DEBUG - 2024-09-28 02:28:45 --> LocaleFilter triggered.
DEBUG - 2024-09-28 02:28:45 --> Locale set to default: id
INFO - 2024-09-28 02:28:45 --> Session: Class initialized using 'CodeIgniter\Session\Handlers\FileHandler' driver.
DEBUG - 2024-09-28 02:28:46 --> LocaleFilter triggered.
DEBUG - 2024-09-28 02:28:46 --> Locale set to default: id
INFO - 2024-09-28 02:28:46 --> Session: Class initialized using 'CodeIgniter\Session\Handlers\FileHandler' driver.
DEBUG - 2024-09-28 02:28:46 --> LocaleFilter triggered.
DEBUG - 2024-09-28 02:28:46 --> Locale set to default: id
INFO - 2024-09-28 02:28:46 --> Session: Class initialized using 'CodeIgniter\Session\Handlers\FileHandler' driver.
DEBUG - 2024-09-28 02:28:50 --> LocaleFilter triggered.
DEBUG - 2024-09-28 02:28:50 --> Locale set to default: id
INFO - 2024-09-28 02:28:50 --> Session: Class initialized using 'CodeIgniter\Session\Handlers\FileHandler' driver.
DEBUG - 2024-09-28 02:28:51 --> LocaleFilter triggered.
DEBUG - 2024-09-28 02:28:51 --> Locale set to default: id
INFO - 2024-09-28 02:28:51 --> Session: Class initialized using 'CodeIgniter\Session\Handlers\FileHandler' driver.
DEBUG - 2024-09-28 02:28:56 --> LocaleFilter triggered.
DEBUG - 2024-09-28 02:28:56 --> Locale set to default: id
INFO - 2024-09-28 02:28:56 --> Session: Class initialized using 'CodeIgniter\Session\Handlers\FileHandler' driver.
DEBUG - 2024-09-28 02:28:56 --> LocaleFilter triggered.
DEBUG - 2024-09-28 02:28:56 --> Locale set to default: id
INFO - 2024-09-28 02:28:56 --> Session: Class initialized using 'CodeIgniter\Session\Handlers\FileHandler' driver.
DEBUG - 2024-09-28 02:28:59 --> LocaleFilter triggered.
DEBUG - 2024-09-28 02:28:59 --> Locale set to default: id
DEBUG - 2024-09-28 02:28:59 --> LocaleFilter triggered.
DEBUG - 2024-09-28 02:28:59 --> Locale set to: id
INFO - 2024-09-28 02:28:59 --> Session: Class initialized using 'CodeIgniter\Session\Handlers\FileHandler' driver.
DEBUG - 2024-09-28 02:45:36 --> LocaleFilter triggered.
DEBUG - 2024-09-28 02:45:36 --> Locale set to: id
INFO - 2024-09-28 02:45:37 --> Session: Class initialized using 'CodeIgniter\Session\Handlers\FileHandler' driver.
DEBUG - 2024-09-28 02:49:07 --> LocaleFilter triggered.
DEBUG - 2024-09-28 02:49:07 --> Locale set to: id
INFO - 2024-09-28 02:49:07 --> Session: Class initialized using 'CodeIgniter\Session\Handlers\FileHandler' driver.
DEBUG - 2024-09-28 02:49:09 --> LocaleFilter triggered.
DEBUG - 2024-09-28 02:49:09 --> Locale set to: en
INFO - 2024-09-28 02:49:09 --> Session: Class initialized using 'CodeIgniter\Session\Handlers\FileHandler' driver.
DEBUG - 2024-09-28 02:49:09 --> LocaleFilter triggered.
DEBUG - 2024-09-28 02:49:09 --> Locale set to default: id
DEBUG - 2024-09-28 02:49:09 --> LocaleFilter triggered.
DEBUG - 2024-09-28 02:49:09 --> Locale set to: id
INFO - 2024-09-28 02:49:09 --> Session: Class initialized using 'CodeIgniter\Session\Handlers\FileHandler' driver.
DEBUG - 2024-09-28 02:49:14 --> LocaleFilter triggered.
DEBUG - 2024-09-28 02:49:14 --> Locale set to: en
INFO - 2024-09-28 02:49:14 --> Session: Class initialized using 'CodeIgniter\Session\Handlers\FileHandler' driver.
DEBUG - 2024-09-28 02:49:18 --> LocaleFilter triggered.
DEBUG - 2024-09-28 02:49:18 --> Locale set to default: id
INFO - 2024-09-28 02:49:18 --> Session: Class initialized using 'CodeIgniter\Session\Handlers\FileHandler' driver.
DEBUG - 2024-09-28 02:49:18 --> LocaleFilter triggered.
DEBUG - 2024-09-28 02:49:18 --> Locale set to: id
INFO - 2024-09-28 02:49:18 --> Session: Class initialized using 'CodeIgniter\Session\Handlers\FileHandler' driver.
DEBUG - 2024-09-28 02:49:23 --> LocaleFilter triggered.
DEBUG - 2024-09-28 02:49:23 --> Locale set to: id
INFO - 2024-09-28 02:49:23 --> Session: Class initialized using 'CodeIgniter\Session\Handlers\FileHandler' driver.
DEBUG - 2024-09-28 02:49:26 --> LocaleFilter triggered.
DEBUG - 2024-09-28 02:49:26 --> Locale set to: id
INFO - 2024-09-28 02:49:27 --> Session: Class initialized using 'CodeIgniter\Session\Handlers\FileHandler' driver.
DEBUG - 2024-09-28 02:49:27 --> LocaleFilter triggered.
DEBUG - 2024-09-28 02:49:27 --> Locale set to default: id
DEBUG - 2024-09-28 02:49:27 --> LocaleFilter triggered.
DEBUG - 2024-09-28 02:49:27 --> Locale set to: id
INFO - 2024-09-28 02:49:27 --> Session: Class initialized using 'CodeIgniter\Session\Handlers\FileHandler' driver.
DEBUG - 2024-09-28 02:51:03 --> LocaleFilter triggered.
DEBUG - 2024-09-28 02:51:03 --> Locale set to: id
INFO - 2024-09-28 02:51:03 --> Session: Class initialized using 'CodeIgniter\Session\Handlers\FileHandler' driver.
DEBUG - 2024-09-28 02:51:05 --> LocaleFilter triggered.
DEBUG - 2024-09-28 02:51:05 --> Locale set to: id
INFO - 2024-09-28 02:51:05 --> Session: Class initialized using 'CodeIgniter\Session\Handlers\FileHandler' driver.
CRITICAL - 2024-09-28 02:51:05 --> Call to undefined method App\Models\ProdukModel::getAllProducts
in SYSTEMPATH\Model.php on line 838.
 1 APPPATH\Controllers\user\Productsctrl.php(28): CodeIgniter\Model->__call('getAllProducts', [])
 2 SYSTEMPATH\CodeIgniter.php(932): App\Controllers\user\Productsctrl->index()
 3 SYSTEMPATH\CodeIgniter.php(497): CodeIgniter\CodeIgniter->runController(Object(App\Controllers\user\Productsctrl))
 4 SYSTEMPATH\CodeIgniter.php(366): CodeIgniter\CodeIgniter->handleRequest(null, Object(Config\Cache), false)
 5 FCPATH\index.php(67): CodeIgniter\CodeIgniter->run()
 6 SYSTEMPATH\Commands\Server\rewrite.php(47): require_once('C:\\projectcomp\\projek5\\elecompid\\41\\public\\index.php')
DEBUG - 2024-09-28 02:51:22 --> LocaleFilter triggered.
DEBUG - 2024-09-28 02:51:22 --> Locale set to: id
INFO - 2024-09-28 02:51:22 --> Session: Class initialized using 'CodeIgniter\Session\Handlers\FileHandler' driver.
DEBUG - 2024-09-28 02:51:25 --> LocaleFilter triggered.
DEBUG - 2024-09-28 02:51:25 --> Locale set to: id
INFO - 2024-09-28 02:51:25 --> Session: Class initialized using 'CodeIgniter\Session\Handlers\FileHandler' driver.
DEBUG - 2024-09-28 02:51:25 --> LocaleFilter triggered.
DEBUG - 2024-09-28 02:51:25 --> Locale set to default: id
DEBUG - 2024-09-28 02:51:26 --> LocaleFilter triggered.
DEBUG - 2024-09-28 02:51:26 --> Locale set to: id
INFO - 2024-09-28 02:51:26 --> Session: Class initialized using 'CodeIgniter\Session\Handlers\FileHandler' driver.
DEBUG - 2024-09-28 02:51:28 --> LocaleFilter triggered.
DEBUG - 2024-09-28 02:51:28 --> Locale set to: id
INFO - 2024-09-28 02:51:29 --> Session: Class initialized using 'CodeIgniter\Session\Handlers\FileHandler' driver.
DEBUG - 2024-09-28 02:59:41 --> LocaleFilter triggered.
DEBUG - 2024-09-28 02:59:41 --> Locale set to: id
INFO - 2024-09-28 02:59:41 --> Session: Class initialized using 'CodeIgniter\Session\Handlers\FileHandler' driver.
DEBUG - 2024-09-28 02:59:53 --> LocaleFilter triggered.
DEBUG - 2024-09-28 02:59:53 --> Locale set to: id
INFO - 2024-09-28 02:59:53 --> Session: Class initialized using 'CodeIgniter\Session\Handlers\FileHandler' driver.
DEBUG - 2024-09-28 02:59:56 --> LocaleFilter triggered.
DEBUG - 2024-09-28 02:59:56 --> Locale set to default: id
INFO - 2024-09-28 02:59:56 --> Session: Class initialized using 'CodeIgniter\Session\Handlers\FileHandler' driver.
DEBUG - 2024-09-28 02:59:56 --> LocaleFilter triggered.
DEBUG - 2024-09-28 02:59:56 --> Locale set to: en
INFO - 2024-09-28 02:59:56 --> Session: Class initialized using 'CodeIgniter\Session\Handlers\FileHandler' driver.
DEBUG - 2024-09-28 03:00:05 --> LocaleFilter triggered.
DEBUG - 2024-09-28 03:00:05 --> Locale set to: en
INFO - 2024-09-28 03:00:05 --> Session: Class initialized using 'CodeIgniter\Session\Handlers\FileHandler' driver.
DEBUG - 2024-09-28 03:01:12 --> LocaleFilter triggered.
DEBUG - 2024-09-28 03:01:12 --> Locale set to: en
INFO - 2024-09-28 03:01:12 --> Session: Class initialized using 'CodeIgniter\Session\Handlers\FileHandler' driver.
DEBUG - 2024-09-28 03:01:17 --> LocaleFilter triggered.
DEBUG - 2024-09-28 03:01:17 --> Locale set to: en
INFO - 2024-09-28 03:01:17 --> Session: Class initialized using 'CodeIgniter\Session\Handlers\FileHandler' driver.
DEBUG - 2024-09-28 03:01:21 --> LocaleFilter triggered.
DEBUG - 2024-09-28 03:01:21 --> Locale set to: en
INFO - 2024-09-28 03:01:21 --> Session: Class initialized using 'CodeIgniter\Session\Handlers\FileHandler' driver.
DEBUG - 2024-09-28 03:02:03 --> LocaleFilter triggered.
DEBUG - 2024-09-28 03:02:03 --> Locale set to: en
INFO - 2024-09-28 03:02:03 --> Session: Class initialized using 'CodeIgniter\Session\Handlers\FileHandler' driver.
DEBUG - 2024-09-28 03:02:04 --> LocaleFilter triggered.
DEBUG - 2024-09-28 03:02:04 --> Locale set to: en
INFO - 2024-09-28 03:02:04 --> Session: Class initialized using 'CodeIgniter\Session\Handlers\FileHandler' driver.
DEBUG - 2024-09-28 03:03:04 --> LocaleFilter triggered.
DEBUG - 2024-09-28 03:03:04 --> Locale set to: en
INFO - 2024-09-28 03:03:04 --> Session: Class initialized using 'CodeIgniter\Session\Handlers\FileHandler' driver.
DEBUG - 2024-09-28 03:03:04 --> LocaleFilter triggered.
DEBUG - 2024-09-28 03:03:04 --> Locale set to default: id
DEBUG - 2024-09-28 03:03:04 --> LocaleFilter triggered.
DEBUG - 2024-09-28 03:03:04 --> Locale set to: id
INFO - 2024-09-28 03:03:04 --> Session: Class initialized using 'CodeIgniter\Session\Handlers\FileHandler' driver.
DEBUG - 2024-09-28 03:03:07 --> LocaleFilter triggered.
DEBUG - 2024-09-28 03:03:07 --> Locale set to: en
INFO - 2024-09-28 03:03:07 --> Session: Class initialized using 'CodeIgniter\Session\Handlers\FileHandler' driver.
DEBUG - 2024-09-28 03:03:09 --> LocaleFilter triggered.
DEBUG - 2024-09-28 03:03:09 --> Locale set to: en
INFO - 2024-09-28 03:03:09 --> Session: Class initialized using 'CodeIgniter\Session\Handlers\FileHandler' driver.
DEBUG - 2024-09-28 03:08:13 --> LocaleFilter triggered.
DEBUG - 2024-09-28 03:08:13 --> Locale set to default: id
DEBUG - 2024-09-28 03:08:14 --> LocaleFilter triggered.
DEBUG - 2024-09-28 03:08:14 --> Locale set to default: id
DEBUG - 2024-09-28 03:08:14 --> LocaleFilter triggered.
DEBUG - 2024-09-28 03:08:14 --> Locale set to: id
INFO - 2024-09-28 03:08:14 --> Session: Class initialized using 'CodeIgniter\Session\Handlers\FileHandler' driver.
DEBUG - 2024-09-28 03:08:16 --> LocaleFilter triggered.
DEBUG - 2024-09-28 03:08:16 --> Locale set to default: id
INFO - 2024-09-28 03:08:16 --> Session: Class initialized using 'CodeIgniter\Session\Handlers\FileHandler' driver.
DEBUG - 2024-09-28 03:08:21 --> LocaleFilter triggered.
DEBUG - 2024-09-28 03:08:21 --> Locale set to default: id
INFO - 2024-09-28 03:08:21 --> CSRF token verified.
INFO - 2024-09-28 03:08:21 --> Session: Class initialized using 'CodeIgniter\Session\Handlers\FileHandler' driver.
DEBUG - 2024-09-28 03:08:21 --> LocaleFilter triggered.
DEBUG - 2024-09-28 03:08:21 --> Locale set to default: id
INFO - 2024-09-28 03:08:21 --> Session: Class initialized using 'CodeIgniter\Session\Handlers\FileHandler' driver.
DEBUG - 2024-09-28 03:08:24 --> LocaleFilter triggered.
DEBUG - 2024-09-28 03:08:24 --> Locale set to default: id
INFO - 2024-09-28 03:08:24 --> Session: Class initialized using 'CodeIgniter\Session\Handlers\FileHandler' driver.
DEBUG - 2024-09-28 03:08:28 --> LocaleFilter triggered.
DEBUG - 2024-09-28 03:08:28 --> Locale set to default: id
INFO - 2024-09-28 03:08:29 --> Session: Class initialized using 'CodeIgniter\Session\Handlers\FileHandler' driver.
DEBUG - 2024-09-28 03:09:02 --> LocaleFilter triggered.
DEBUG - 2024-09-28 03:09:02 --> Locale set to default: id
INFO - 2024-09-28 03:09:02 --> CSRF token verified.
INFO - 2024-09-28 03:09:02 --> Session: Class initialized using 'CodeIgniter\Session\Handlers\FileHandler' driver.
DEBUG - 2024-09-28 03:09:03 --> LocaleFilter triggered.
DEBUG - 2024-09-28 03:09:03 --> Locale set to default: id
INFO - 2024-09-28 03:09:03 --> Session: Class initialized using 'CodeIgniter\Session\Handlers\FileHandler' driver.
DEBUG - 2024-09-28 03:09:27 --> LocaleFilter triggered.
DEBUG - 2024-09-28 03:09:27 --> Locale set to default: id
INFO - 2024-09-28 03:09:27 --> CSRF token verified.
INFO - 2024-09-28 03:09:27 --> Session: Class initialized using 'CodeIgniter\Session\Handlers\FileHandler' driver.
DEBUG - 2024-09-28 03:09:28 --> LocaleFilter triggered.
DEBUG - 2024-09-28 03:09:28 --> Locale set to default: id
INFO - 2024-09-28 03:09:28 --> Session: Class initialized using 'CodeIgniter\Session\Handlers\FileHandler' driver.
DEBUG - 2024-09-28 03:16:55 --> LocaleFilter triggered.
DEBUG - 2024-09-28 03:16:55 --> Locale set to: en
INFO - 2024-09-28 03:16:55 --> Session: Class initialized using 'CodeIgniter\Session\Handlers\FileHandler' driver.
DEBUG - 2024-09-28 03:16:58 --> LocaleFilter triggered.
DEBUG - 2024-09-28 03:16:58 --> Locale set to: en
INFO - 2024-09-28 03:16:58 --> Session: Class initialized using 'CodeIgniter\Session\Handlers\FileHandler' driver.
DEBUG - 2024-09-28 03:17:00 --> LocaleFilter triggered.
DEBUG - 2024-09-28 03:17:00 --> Locale set to: en
INFO - 2024-09-28 03:17:00 --> Session: Class initialized using 'CodeIgniter\Session\Handlers\FileHandler' driver.
DEBUG - 2024-09-28 04:19:02 --> LocaleFilter triggered.
DEBUG - 2024-09-28 04:19:02 --> Locale set to: en
INFO - 2024-09-28 04:19:02 --> Session: Class initialized using 'CodeIgniter\Session\Handlers\FileHandler' driver.
DEBUG - 2024-09-28 04:19:04 --> LocaleFilter triggered.
DEBUG - 2024-09-28 04:19:04 --> Locale set to: en
INFO - 2024-09-28 04:19:04 --> Session: Class initialized using 'CodeIgniter\Session\Handlers\FileHandler' driver.
DEBUG - 2024-09-28 04:19:08 --> LocaleFilter triggered.
DEBUG - 2024-09-28 04:19:08 --> Locale set to: en
INFO - 2024-09-28 04:19:08 --> Session: Class initialized using 'CodeIgniter\Session\Handlers\FileHandler' driver.
DEBUG - 2024-09-28 04:21:38 --> LocaleFilter triggered.
DEBUG - 2024-09-28 04:21:38 --> Locale set to: en
INFO - 2024-09-28 04:21:38 --> Session: Class initialized using 'CodeIgniter\Session\Handlers\FileHandler' driver.
DEBUG - 2024-09-28 04:21:39 --> LocaleFilter triggered.
DEBUG - 2024-09-28 04:21:39 --> Locale set to: en
INFO - 2024-09-28 04:21:39 --> Session: Class initialized using 'CodeIgniter\Session\Handlers\FileHandler' driver.
DEBUG - 2024-09-28 04:21:40 --> LocaleFilter triggered.
DEBUG - 2024-09-28 04:21:40 --> Locale set to: en
INFO - 2024-09-28 04:21:40 --> Session: Class initialized using 'CodeIgniter\Session\Handlers\FileHandler' driver.
DEBUG - 2024-09-28 04:24:16 --> LocaleFilter triggered.
DEBUG - 2024-09-28 04:24:16 --> Locale set to: en
INFO - 2024-09-28 04:24:16 --> Session: Class initialized using 'CodeIgniter\Session\Handlers\FileHandler' driver.
DEBUG - 2024-09-28 04:24:21 --> LocaleFilter triggered.
DEBUG - 2024-09-28 04:24:21 --> Locale set to: en
INFO - 2024-09-28 04:24:21 --> Session: Class initialized using 'CodeIgniter\Session\Handlers\FileHandler' driver.
DEBUG - 2024-09-28 04:24:27 --> LocaleFilter triggered.
DEBUG - 2024-09-28 04:24:27 --> Locale set to: en
INFO - 2024-09-28 04:24:27 --> Session: Class initialized using 'CodeIgniter\Session\Handlers\FileHandler' driver.
DEBUG - 2024-09-28 04:25:00 --> LocaleFilter triggered.
DEBUG - 2024-09-28 04:25:00 --> Locale set to: en
INFO - 2024-09-28 04:25:00 --> Session: Class initialized using 'CodeIgniter\Session\Handlers\FileHandler' driver.
DEBUG - 2024-09-28 04:25:07 --> LocaleFilter triggered.
DEBUG - 2024-09-28 04:25:07 --> Locale set to: en
INFO - 2024-09-28 04:25:07 --> Session: Class initialized using 'CodeIgniter\Session\Handlers\FileHandler' driver.
DEBUG - 2024-09-28 04:25:08 --> LocaleFilter triggered.
DEBUG - 2024-09-28 04:25:08 --> Locale set to: en
INFO - 2024-09-28 04:25:08 --> Session: Class initialized using 'CodeIgniter\Session\Handlers\FileHandler' driver.
DEBUG - 2024-09-28 04:25:45 --> LocaleFilter triggered.
DEBUG - 2024-09-28 04:25:45 --> Locale set to: en
INFO - 2024-09-28 04:25:45 --> Session: Class initialized using 'CodeIgniter\Session\Handlers\FileHandler' driver.
DEBUG - 2024-09-28 04:25:48 --> LocaleFilter triggered.
DEBUG - 2024-09-28 04:25:48 --> Locale set to default: id
INFO - 2024-09-28 04:25:48 --> Session: Class initialized using 'CodeIgniter\Session\Handlers\FileHandler' driver.
DEBUG - 2024-09-28 04:25:48 --> LocaleFilter triggered.
DEBUG - 2024-09-28 04:25:48 --> Locale set to: id
INFO - 2024-09-28 04:25:48 --> Session: Class initialized using 'CodeIgniter\Session\Handlers\FileHandler' driver.
DEBUG - 2024-09-28 04:25:52 --> LocaleFilter triggered.
DEBUG - 2024-09-28 04:25:52 --> Locale set to: id
INFO - 2024-09-28 04:25:52 --> Session: Class initialized using 'CodeIgniter\Session\Handlers\FileHandler' driver.
DEBUG - 2024-09-28 04:26:20 --> LocaleFilter triggered.
DEBUG - 2024-09-28 04:26:20 --> Locale set to: id
INFO - 2024-09-28 04:26:20 --> Session: Class initialized using 'CodeIgniter\Session\Handlers\FileHandler' driver.
DEBUG - 2024-09-28 04:33:03 --> LocaleFilter triggered.
DEBUG - 2024-09-28 04:33:03 --> Locale set to default: id
INFO - 2024-09-28 04:33:03 --> Session: Class initialized using 'CodeIgniter\Session\Handlers\FileHandler' driver.
DEBUG - 2024-09-28 04:33:09 --> LocaleFilter triggered.
DEBUG - 2024-09-28 04:33:09 --> Locale set to default: id
INFO - 2024-09-28 04:33:09 --> Session: Class initialized using 'CodeIgniter\Session\Handlers\FileHandler' driver.
DEBUG - 2024-09-28 04:35:12 --> LocaleFilter triggered.
DEBUG - 2024-09-28 04:35:12 --> Locale set to default: id
INFO - 2024-09-28 04:35:12 --> Session: Class initialized using 'CodeIgniter\Session\Handlers\FileHandler' driver.
DEBUG - 2024-09-28 04:35:16 --> LocaleFilter triggered.
DEBUG - 2024-09-28 04:35:16 --> Locale set to default: id
INFO - 2024-09-28 04:35:16 --> CSRF token verified.
INFO - 2024-09-28 04:35:16 --> Session: Class initialized using 'CodeIgniter\Session\Handlers\FileHandler' driver.
DEBUG - 2024-09-28 04:35:16 --> LocaleFilter triggered.
DEBUG - 2024-09-28 04:35:16 --> Locale set to default: id
INFO - 2024-09-28 04:35:16 --> Session: Class initialized using 'CodeIgniter\Session\Handlers\FileHandler' driver.
DEBUG - 2024-09-28 04:35:35 --> LocaleFilter triggered.
DEBUG - 2024-09-28 04:35:35 --> Locale set to default: id
INFO - 2024-09-28 04:35:35 --> Session: Class initialized using 'CodeIgniter\Session\Handlers\FileHandler' driver.
DEBUG - 2024-09-28 04:35:39 --> LocaleFilter triggered.
DEBUG - 2024-09-28 04:35:39 --> Locale set to default: id
INFO - 2024-09-28 04:35:39 --> CSRF token verified.
INFO - 2024-09-28 04:35:39 --> Session: Class initialized using 'CodeIgniter\Session\Handlers\FileHandler' driver.
DEBUG - 2024-09-28 04:35:39 --> LocaleFilter triggered.
DEBUG - 2024-09-28 04:35:39 --> Locale set to default: id
INFO - 2024-09-28 04:35:39 --> Session: Class initialized using 'CodeIgniter\Session\Handlers\FileHandler' driver.
DEBUG - 2024-09-28 04:35:39 --> LocaleFilter triggered.
DEBUG - 2024-09-28 04:35:39 --> Locale set to default: id
INFO - 2024-09-28 04:35:39 --> CSRF token verified.
INFO - 2024-09-28 04:35:39 --> Session: Class initialized using 'CodeIgniter\Session\Handlers\FileHandler' driver.
DEBUG - 2024-09-28 04:35:40 --> LocaleFilter triggered.
DEBUG - 2024-09-28 04:35:40 --> Locale set to default: id
INFO - 2024-09-28 04:35:40 --> Session: Class initialized using 'CodeIgniter\Session\Handlers\FileHandler' driver.
DEBUG - 2024-09-28 04:35:44 --> LocaleFilter triggered.
DEBUG - 2024-09-28 04:35:44 --> Locale set to default: id
INFO - 2024-09-28 04:35:44 --> Session: Class initialized using 'CodeIgniter\Session\Handlers\FileHandler' driver.
DEBUG - 2024-09-28 04:35:48 --> LocaleFilter triggered.
DEBUG - 2024-09-28 04:35:48 --> Locale set to default: id
INFO - 2024-09-28 04:35:48 --> CSRF token verified.
INFO - 2024-09-28 04:35:48 --> Session: Class initialized using 'CodeIgniter\Session\Handlers\FileHandler' driver.
DEBUG - 2024-09-28 04:35:48 --> LocaleFilter triggered.
DEBUG - 2024-09-28 04:35:48 --> Locale set to default: id
INFO - 2024-09-28 04:35:48 --> Session: Class initialized using 'CodeIgniter\Session\Handlers\FileHandler' driver.
DEBUG - 2024-09-28 04:35:55 --> LocaleFilter triggered.
DEBUG - 2024-09-28 04:35:55 --> Locale set to default: id
INFO - 2024-09-28 04:35:55 --> Session: Class initialized using 'CodeIgniter\Session\Handlers\FileHandler' driver.
DEBUG - 2024-09-28 04:36:00 --> LocaleFilter triggered.
DEBUG - 2024-09-28 04:36:00 --> Locale set to default: id
INFO - 2024-09-28 04:36:00 --> CSRF token verified.
INFO - 2024-09-28 04:36:00 --> Session: Class initialized using 'CodeIgniter\Session\Handlers\FileHandler' driver.
DEBUG - 2024-09-28 04:36:01 --> LocaleFilter triggered.
DEBUG - 2024-09-28 04:36:01 --> Locale set to default: id
INFO - 2024-09-28 04:36:01 --> Session: Class initialized using 'CodeIgniter\Session\Handlers\FileHandler' driver.
DEBUG - 2024-09-28 04:37:26 --> LocaleFilter triggered.
DEBUG - 2024-09-28 04:37:26 --> Locale set to: id
INFO - 2024-09-28 04:37:26 --> Session: Class initialized using 'CodeIgniter\Session\Handlers\FileHandler' driver.
DEBUG - 2024-09-28 04:37:29 --> LocaleFilter triggered.
DEBUG - 2024-09-28 04:37:29 --> Locale set to: id
INFO - 2024-09-28 04:37:29 --> Session: Class initialized using 'CodeIgniter\Session\Handlers\FileHandler' driver.
DEBUG - 2024-09-28 04:41:44 --> LocaleFilter triggered.
DEBUG - 2024-09-28 04:41:44 --> Locale set to: id
INFO - 2024-09-28 04:41:44 --> Session: Class initialized using 'CodeIgniter\Session\Handlers\FileHandler' driver.
DEBUG - 2024-09-28 04:41:46 --> LocaleFilter triggered.
DEBUG - 2024-09-28 04:41:46 --> Locale set to: id
INFO - 2024-09-28 04:41:46 --> Session: Class initialized using 'CodeIgniter\Session\Handlers\FileHandler' driver.
DEBUG - 2024-09-28 04:41:49 --> LocaleFilter triggered.
DEBUG - 2024-09-28 04:41:49 --> Locale set to: id
INFO - 2024-09-28 04:41:49 --> Session: Class initialized using 'CodeIgniter\Session\Handlers\FileHandler' driver.
DEBUG - 2024-09-28 04:41:51 --> LocaleFilter triggered.
DEBUG - 2024-09-28 04:41:51 --> Locale set to: id
INFO - 2024-09-28 04:41:51 --> Session: Class initialized using 'CodeIgniter\Session\Handlers\FileHandler' driver.
DEBUG - 2024-09-28 04:41:51 --> LocaleFilter triggered.
DEBUG - 2024-09-28 04:41:51 --> Locale set to: id
INFO - 2024-09-28 04:41:51 --> Session: Class initialized using 'CodeIgniter\Session\Handlers\FileHandler' driver.
DEBUG - 2024-09-28 04:44:58 --> LocaleFilter triggered.
DEBUG - 2024-09-28 04:44:58 --> Locale set to: id
INFO - 2024-09-28 04:44:58 --> Session: Class initialized using 'CodeIgniter\Session\Handlers\FileHandler' driver.
CRITICAL - 2024-09-28 04:44:58 --> Undefined variable $artikel_item
in APPPATH\Views\user\home\index.php on line 180.
 1 APPPATH\Views\user\home\index.php(180): CodeIgniter\Debug\Exceptions->errorHandler(2, 'Undefined variable $artikel_item', 'C:\\projectcomp\\projek5\\elecompid\\41\\app\\Views\\user\\home\\index.php', 180)
 2 SYSTEMPATH\View\View.php(224): include('C:\\projectcomp\\projek5\\elecompid\\41\\app\\Views\\user\\home\\index.php')
 3 SYSTEMPATH\View\View.php(227): CodeIgniter\View\View->CodeIgniter\View\{closure}()
 4 SYSTEMPATH\Common.php(1180): CodeIgniter\View\View->render('user/home/index', [], true)
 5 APPPATH\Controllers\user\Homectrl.php(53): view('user/home/index', [...])
 6 SYSTEMPATH\CodeIgniter.php(932): App\Controllers\user\Homectrl->index()
 7 SYSTEMPATH\CodeIgniter.php(497): CodeIgniter\CodeIgniter->runController(Object(App\Controllers\user\Homectrl))
 8 SYSTEMPATH\CodeIgniter.php(366): CodeIgniter\CodeIgniter->handleRequest(null, Object(Config\Cache), false)
 9 FCPATH\index.php(67): CodeIgniter\CodeIgniter->run()
10 SYSTEMPATH\Commands\Server\rewrite.php(47): require_once('C:\\projectcomp\\projek5\\elecompid\\41\\public\\index.php')
DEBUG - 2024-09-28 04:46:26 --> LocaleFilter triggered.
DEBUG - 2024-09-28 04:46:26 --> Locale set to: id
INFO - 2024-09-28 04:46:26 --> Session: Class initialized using 'CodeIgniter\Session\Handlers\FileHandler' driver.
DEBUG - 2024-09-28 04:46:30 --> LocaleFilter triggered.
DEBUG - 2024-09-28 04:46:30 --> Locale set to: id
INFO - 2024-09-28 04:46:30 --> Session: Class initialized using 'CodeIgniter\Session\Handlers\FileHandler' driver.
DEBUG - 2024-09-28 04:46:32 --> LocaleFilter triggered.
DEBUG - 2024-09-28 04:46:32 --> Locale set to: id
INFO - 2024-09-28 04:46:32 --> Session: Class initialized using 'CodeIgniter\Session\Handlers\FileHandler' driver.
DEBUG - 2024-09-28 04:48:34 --> LocaleFilter triggered.
DEBUG - 2024-09-28 04:48:34 --> Locale set to: id
INFO - 2024-09-28 04:48:35 --> Session: Class initialized using 'CodeIgniter\Session\Handlers\FileHandler' driver.
DEBUG - 2024-09-28 04:48:36 --> LocaleFilter triggered.
DEBUG - 2024-09-28 04:48:36 --> Locale set to: id
INFO - 2024-09-28 04:48:36 --> Session: Class initialized using 'CodeIgniter\Session\Handlers\FileHandler' driver.
DEBUG - 2024-09-28 04:48:39 --> LocaleFilter triggered.
DEBUG - 2024-09-28 04:48:39 --> Locale set to: id
INFO - 2024-09-28 04:48:39 --> Session: Class initialized using 'CodeIgniter\Session\Handlers\FileHandler' driver.
DEBUG - 2024-09-28 04:48:42 --> LocaleFilter triggered.
DEBUG - 2024-09-28 04:48:42 --> Locale set to: id
INFO - 2024-09-28 04:48:42 --> Session: Class initialized using 'CodeIgniter\Session\Handlers\FileHandler' driver.
DEBUG - 2024-09-28 04:49:18 --> LocaleFilter triggered.
DEBUG - 2024-09-28 04:49:18 --> Locale set to: id
INFO - 2024-09-28 04:49:18 --> Session: Class initialized using 'CodeIgniter\Session\Handlers\FileHandler' driver.
DEBUG - 2024-09-28 04:49:22 --> LocaleFilter triggered.
DEBUG - 2024-09-28 04:49:22 --> Locale set to: id
INFO - 2024-09-28 04:49:22 --> Session: Class initialized using 'CodeIgniter\Session\Handlers\FileHandler' driver.
DEBUG - 2024-09-28 04:49:24 --> LocaleFilter triggered.
DEBUG - 2024-09-28 04:49:24 --> Locale set to: id
INFO - 2024-09-28 04:49:24 --> Session: Class initialized using 'CodeIgniter\Session\Handlers\FileHandler' driver.
DEBUG - 2024-09-28 04:51:07 --> LocaleFilter triggered.
DEBUG - 2024-09-28 04:51:07 --> Locale set to: id
INFO - 2024-09-28 04:51:07 --> Session: Class initialized using 'CodeIgniter\Session\Handlers\FileHandler' driver.
DEBUG - 2024-09-28 04:51:10 --> LocaleFilter triggered.
DEBUG - 2024-09-28 04:51:10 --> Locale set to: id
INFO - 2024-09-28 04:51:10 --> Session: Class initialized using 'CodeIgniter\Session\Handlers\FileHandler' driver.
DEBUG - 2024-09-28 04:56:38 --> LocaleFilter triggered.
DEBUG - 2024-09-28 04:56:38 --> Locale set to default: id
INFO - 2024-09-28 04:56:38 --> Session: Class initialized using 'CodeIgniter\Session\Handlers\FileHandler' driver.
DEBUG - 2024-09-28 04:56:43 --> LocaleFilter triggered.
DEBUG - 2024-09-28 04:56:43 --> Locale set to default: id
INFO - 2024-09-28 04:56:43 --> Session: Class initialized using 'CodeIgniter\Session\Handlers\FileHandler' driver.
DEBUG - 2024-09-28 04:56:48 --> LocaleFilter triggered.
DEBUG - 2024-09-28 04:56:48 --> Locale set to default: id
INFO - 2024-09-28 04:56:48 --> CSRF token verified.
INFO - 2024-09-28 11:56:48 --> Session: Class initialized using 'CodeIgniter\Session\Handlers\FileHandler' driver.
DEBUG - 2024-09-28 04:56:48 --> LocaleFilter triggered.
DEBUG - 2024-09-28 04:56:48 --> Locale set to default: id
INFO - 2024-09-28 04:56:48 --> Session: Class initialized using 'CodeIgniter\Session\Handlers\FileHandler' driver.
DEBUG - 2024-09-28 04:56:55 --> LocaleFilter triggered.
DEBUG - 2024-09-28 04:56:55 --> Locale set to default: id
INFO - 2024-09-28 04:56:55 --> Session: Class initialized using 'CodeIgniter\Session\Handlers\FileHandler' driver.
DEBUG - 2024-09-28 04:56:59 --> LocaleFilter triggered.
DEBUG - 2024-09-28 04:56:59 --> Locale set to default: id
INFO - 2024-09-28 04:56:59 --> CSRF token verified.
INFO - 2024-09-28 11:57:00 --> Session: Class initialized using 'CodeIgniter\Session\Handlers\FileHandler' driver.
DEBUG - 2024-09-28 04:57:00 --> LocaleFilter triggered.
DEBUG - 2024-09-28 04:57:00 --> Locale set to default: id
INFO - 2024-09-28 04:57:00 --> Session: Class initialized using 'CodeIgniter\Session\Handlers\FileHandler' driver.
DEBUG - 2024-09-28 04:59:06 --> LocaleFilter triggered.
DEBUG - 2024-09-28 04:59:06 --> Locale set to: id
INFO - 2024-09-28 04:59:07 --> Session: Class initialized using 'CodeIgniter\Session\Handlers\FileHandler' driver.
CRITICAL - 2024-09-28 04:59:07 --> Attempt to read property "id_aktivitas" on array
in APPPATH\Views\user\aktivitas\index.php on line 42.
 1 APPPATH\Views\user\aktivitas\index.php(42): CodeIgniter\Debug\Exceptions->errorHandler(2, 'Attempt to read property "id_aktivitas" on array', 'C:\\projectcomp\\projek5\\elecompid\\41\\app\\Views\\user\\aktivitas\\index.php', 42)
 2 SYSTEMPATH\View\View.php(224): include('C:\\projectcomp\\projek5\\elecompid\\41\\app\\Views\\user\\aktivitas\\index.php')
 3 SYSTEMPATH\View\View.php(227): CodeIgniter\View\View->CodeIgniter\View\{closure}()
 4 SYSTEMPATH\Common.php(1180): CodeIgniter\View\View->render('user/aktivitas/index', [], true)
 5 APPPATH\Controllers\user\Aktivitasctrl.php(57): view('user/aktivitas/index', [...])
 6 SYSTEMPATH\CodeIgniter.php(932): App\Controllers\user\Aktivitasctrl->index()
 7 SYSTEMPATH\CodeIgniter.php(497): CodeIgniter\CodeIgniter->runController(Object(App\Controllers\user\Aktivitasctrl))
 8 SYSTEMPATH\CodeIgniter.php(366): CodeIgniter\CodeIgniter->handleRequest(null, Object(Config\Cache), false)
 9 FCPATH\index.php(67): CodeIgniter\CodeIgniter->run()
10 SYSTEMPATH\Commands\Server\rewrite.php(47): require_once('C:\\projectcomp\\projek5\\elecompid\\41\\public\\index.php')
DEBUG - 2024-09-28 05:01:12 --> LocaleFilter triggered.
DEBUG - 2024-09-28 05:01:12 --> Locale set to: id
INFO - 2024-09-28 05:01:12 --> Session: Class initialized using 'CodeIgniter\Session\Handlers\FileHandler' driver.
CRITICAL - 2024-09-28 05:01:12 --> Attempt to read property "slug_in" on array
in APPPATH\Views\user\aktivitas\index.php on line 43.
 1 APPPATH\Views\user\aktivitas\index.php(43): CodeIgniter\Debug\Exceptions->errorHandler(2, 'Attempt to read property "slug_in" on array', 'C:\\projectcomp\\projek5\\elecompid\\41\\app\\Views\\user\\aktivitas\\index.php', 43)
 2 SYSTEMPATH\View\View.php(224): include('C:\\projectcomp\\projek5\\elecompid\\41\\app\\Views\\user\\aktivitas\\index.php')
 3 SYSTEMPATH\View\View.php(227): CodeIgniter\View\View->CodeIgniter\View\{closure}()
 4 SYSTEMPATH\Common.php(1180): CodeIgniter\View\View->render('user/aktivitas/index', [], true)
 5 APPPATH\Controllers\user\Aktivitasctrl.php(57): view('user/aktivitas/index', [...])
 6 SYSTEMPATH\CodeIgniter.php(932): App\Controllers\user\Aktivitasctrl->index()
 7 SYSTEMPATH\CodeIgniter.php(497): CodeIgniter\CodeIgniter->runController(Object(App\Controllers\user\Aktivitasctrl))
 8 SYSTEMPATH\CodeIgniter.php(366): CodeIgniter\CodeIgniter->handleRequest(null, Object(Config\Cache), false)
 9 FCPATH\index.php(67): CodeIgniter\CodeIgniter->run()
10 SYSTEMPATH\Commands\Server\rewrite.php(47): require_once('C:\\projectcomp\\projek5\\elecompid\\41\\public\\index.php')
DEBUG - 2024-09-28 05:01:32 --> LocaleFilter triggered.
DEBUG - 2024-09-28 05:01:32 --> Locale set to: id
INFO - 2024-09-28 05:01:32 --> Session: Class initialized using 'CodeIgniter\Session\Handlers\FileHandler' driver.
DEBUG - 2024-09-28 05:01:34 --> LocaleFilter triggered.
DEBUG - 2024-09-28 05:01:34 --> Locale set to: id
INFO - 2024-09-28 05:01:34 --> Session: Class initialized using 'CodeIgniter\Session\Handlers\FileHandler' driver.
DEBUG - 2024-09-28 05:01:40 --> LocaleFilter triggered.
DEBUG - 2024-09-28 05:01:40 --> Locale set to: id
INFO - 2024-09-28 05:01:40 --> Session: Class initialized using 'CodeIgniter\Session\Handlers\FileHandler' driver.
DEBUG - 2024-09-28 05:03:59 --> LocaleFilter triggered.
DEBUG - 2024-09-28 05:03:59 --> Locale set to: id
INFO - 2024-09-28 05:03:59 --> Session: Class initialized using 'CodeIgniter\Session\Handlers\FileHandler' driver.
DEBUG - 2024-09-28 05:04:01 --> LocaleFilter triggered.
DEBUG - 2024-09-28 05:04:01 --> Locale set to: id
INFO - 2024-09-28 05:04:01 --> Session: Class initialized using 'CodeIgniter\Session\Handlers\FileHandler' driver.
DEBUG - 2024-09-28 05:04:20 --> LocaleFilter triggered.
DEBUG - 2024-09-28 05:04:20 --> Locale set to: id
INFO - 2024-09-28 05:04:20 --> Session: Class initialized using 'CodeIgniter\Session\Handlers\FileHandler' driver.
DEBUG - 2024-09-28 05:05:14 --> LocaleFilter triggered.
DEBUG - 2024-09-28 05:05:14 --> Locale set to: id
INFO - 2024-09-28 05:05:14 --> Session: Class initialized using 'CodeIgniter\Session\Handlers\FileHandler' driver.
DEBUG - 2024-09-28 05:06:10 --> LocaleFilter triggered.
DEBUG - 2024-09-28 05:06:10 --> Locale set to: id
INFO - 2024-09-28 05:06:10 --> Session: Class initialized using 'CodeIgniter\Session\Handlers\FileHandler' driver.
DEBUG - 2024-09-28 05:06:11 --> LocaleFilter triggered.
DEBUG - 2024-09-28 05:06:11 --> Locale set to: id
INFO - 2024-09-28 05:06:11 --> Session: Class initialized using 'CodeIgniter\Session\Handlers\FileHandler' driver.
DEBUG - 2024-09-28 05:06:13 --> LocaleFilter triggered.
DEBUG - 2024-09-28 05:06:13 --> Locale set to: id
INFO - 2024-09-28 05:06:13 --> Session: Class initialized using 'CodeIgniter\Session\Handlers\FileHandler' driver.
DEBUG - 2024-09-28 05:06:16 --> LocaleFilter triggered.
DEBUG - 2024-09-28 05:06:16 --> Locale set to: id
INFO - 2024-09-28 05:06:16 --> Session: Class initialized using 'CodeIgniter\Session\Handlers\FileHandler' driver.
DEBUG - 2024-09-28 05:06:20 --> LocaleFilter triggered.
DEBUG - 2024-09-28 05:06:20 --> Locale set to default: id
INFO - 2024-09-28 05:06:20 --> Session: Class initialized using 'CodeIgniter\Session\Handlers\FileHandler' driver.
DEBUG - 2024-09-28 05:06:21 --> LocaleFilter triggered.
DEBUG - 2024-09-28 05:06:21 --> Locale set to: en
INFO - 2024-09-28 05:06:21 --> Session: Class initialized using 'CodeIgniter\Session\Handlers\FileHandler' driver.
DEBUG - 2024-09-28 05:06:26 --> LocaleFilter triggered.
DEBUG - 2024-09-28 05:06:26 --> Locale set to: en
INFO - 2024-09-28 05:06:26 --> Session: Class initialized using 'CodeIgniter\Session\Handlers\FileHandler' driver.
DEBUG - 2024-09-28 05:06:29 --> LocaleFilter triggered.
DEBUG - 2024-09-28 05:06:29 --> Locale set to: en
INFO - 2024-09-28 05:06:29 --> Session: Class initialized using 'CodeIgniter\Session\Handlers\FileHandler' driver.
DEBUG - 2024-09-28 05:06:32 --> LocaleFilter triggered.
DEBUG - 2024-09-28 05:06:32 --> Locale set to: en
INFO - 2024-09-28 05:06:32 --> Session: Class initialized using 'CodeIgniter\Session\Handlers\FileHandler' driver.
DEBUG - 2024-09-28 05:07:21 --> LocaleFilter triggered.
DEBUG - 2024-09-28 05:07:21 --> Locale set to: en
INFO - 2024-09-28 05:07:21 --> Session: Class initialized using 'CodeIgniter\Session\Handlers\FileHandler' driver.
DEBUG - 2024-09-28 05:08:53 --> LocaleFilter triggered.
DEBUG - 2024-09-28 05:08:53 --> Locale set to: en
INFO - 2024-09-28 05:08:53 --> Session: Class initialized using 'CodeIgniter\Session\Handlers\FileHandler' driver.
DEBUG - 2024-09-28 05:08:55 --> LocaleFilter triggered.
DEBUG - 2024-09-28 05:08:55 --> Locale set to: en
INFO - 2024-09-28 05:08:55 --> Session: Class initialized using 'CodeIgniter\Session\Handlers\FileHandler' driver.
DEBUG - 2024-09-28 05:08:59 --> LocaleFilter triggered.
DEBUG - 2024-09-28 05:08:59 --> Locale set to: en
INFO - 2024-09-28 05:08:59 --> Session: Class initialized using 'CodeIgniter\Session\Handlers\FileHandler' driver.
DEBUG - 2024-09-28 05:09:02 --> LocaleFilter triggered.
DEBUG - 2024-09-28 05:09:02 --> Locale set to default: id
INFO - 2024-09-28 05:09:02 --> Session: Class initialized using 'CodeIgniter\Session\Handlers\FileHandler' driver.
DEBUG - 2024-09-28 05:09:02 --> LocaleFilter triggered.
DEBUG - 2024-09-28 05:09:02 --> Locale set to: id
INFO - 2024-09-28 05:09:02 --> Session: Class initialized using 'CodeIgniter\Session\Handlers\FileHandler' driver.
DEBUG - 2024-09-28 05:09:05 --> LocaleFilter triggered.
DEBUG - 2024-09-28 05:09:05 --> Locale set to: id
INFO - 2024-09-28 05:09:05 --> Session: Class initialized using 'CodeIgniter\Session\Handlers\FileHandler' driver.
DEBUG - 2024-09-28 05:09:07 --> LocaleFilter triggered.
DEBUG - 2024-09-28 05:09:07 --> Locale set to: id
INFO - 2024-09-28 05:09:07 --> Session: Class initialized using 'CodeIgniter\Session\Handlers\FileHandler' driver.
DEBUG - 2024-09-28 05:09:26 --> LocaleFilter triggered.
DEBUG - 2024-09-28 05:09:26 --> Locale set to: id
INFO - 2024-09-28 05:09:26 --> Session: Class initialized using 'CodeIgniter\Session\Handlers\FileHandler' driver.
DEBUG - 2024-09-28 05:09:29 --> LocaleFilter triggered.
DEBUG - 2024-09-28 05:09:29 --> Locale set to: id
INFO - 2024-09-28 05:09:29 --> Session: Class initialized using 'CodeIgniter\Session\Handlers\FileHandler' driver.
DEBUG - 2024-09-28 05:09:31 --> LocaleFilter triggered.
DEBUG - 2024-09-28 05:09:31 --> Locale set to: id
INFO - 2024-09-28 05:09:31 --> Session: Class initialized using 'CodeIgniter\Session\Handlers\FileHandler' driver.
DEBUG - 2024-09-28 05:09:37 --> LocaleFilter triggered.
DEBUG - 2024-09-28 05:09:37 --> Locale set to: id
INFO - 2024-09-28 05:09:37 --> Session: Class initialized using 'CodeIgniter\Session\Handlers\FileHandler' driver.
DEBUG - 2024-09-28 05:09:39 --> LocaleFilter triggered.
DEBUG - 2024-09-28 05:09:39 --> Locale set to: id
INFO - 2024-09-28 05:09:39 --> Session: Class initialized using 'CodeIgniter\Session\Handlers\FileHandler' driver.
DEBUG - 2024-09-28 05:09:42 --> LocaleFilter triggered.
DEBUG - 2024-09-28 05:09:42 --> Locale set to default: id
INFO - 2024-09-28 05:09:42 --> Session: Class initialized using 'CodeIgniter\Session\Handlers\FileHandler' driver.
DEBUG - 2024-09-28 05:09:42 --> LocaleFilter triggered.
DEBUG - 2024-09-28 05:09:42 --> Locale set to: en
INFO - 2024-09-28 05:09:42 --> Session: Class initialized using 'CodeIgniter\Session\Handlers\FileHandler' driver.
DEBUG - 2024-09-28 05:09:44 --> LocaleFilter triggered.
DEBUG - 2024-09-28 05:09:44 --> Locale set to: en
INFO - 2024-09-28 05:09:44 --> Session: Class initialized using 'CodeIgniter\Session\Handlers\FileHandler' driver.
DEBUG - 2024-09-28 05:09:44 --> LocaleFilter triggered.
DEBUG - 2024-09-28 05:09:44 --> Locale set to: en
INFO - 2024-09-28 05:09:44 --> Session: Class initialized using 'CodeIgniter\Session\Handlers\FileHandler' driver.
DEBUG - 2024-09-28 05:09:46 --> LocaleFilter triggered.
DEBUG - 2024-09-28 05:09:46 --> Locale set to: en
INFO - 2024-09-28 05:09:46 --> Session: Class initialized using 'CodeIgniter\Session\Handlers\FileHandler' driver.
DEBUG - 2024-09-28 05:11:03 --> LocaleFilter triggered.
DEBUG - 2024-09-28 05:11:03 --> Locale set to: en
INFO - 2024-09-28 05:11:03 --> Session: Class initialized using 'CodeIgniter\Session\Handlers\FileHandler' driver.
DEBUG - 2024-09-28 05:11:08 --> LocaleFilter triggered.
DEBUG - 2024-09-28 05:11:08 --> Locale set to: en
INFO - 2024-09-28 05:11:08 --> Session: Class initialized using 'CodeIgniter\Session\Handlers\FileHandler' driver.
DEBUG - 2024-09-28 05:11:31 --> LocaleFilter triggered.
DEBUG - 2024-09-28 05:11:31 --> Locale set to: en
INFO - 2024-09-28 05:11:31 --> Session: Class initialized using 'CodeIgniter\Session\Handlers\FileHandler' driver.
DEBUG - 2024-09-28 05:11:32 --> LocaleFilter triggered.
DEBUG - 2024-09-28 05:11:32 --> Locale set to: en
INFO - 2024-09-28 05:11:32 --> Session: Class initialized using 'CodeIgniter\Session\Handlers\FileHandler' driver.
DEBUG - 2024-09-28 05:12:19 --> LocaleFilter triggered.
DEBUG - 2024-09-28 05:12:19 --> Locale set to: en
INFO - 2024-09-28 05:12:19 --> Session: Class initialized using 'CodeIgniter\Session\Handlers\FileHandler' driver.
DEBUG - 2024-09-28 05:12:27 --> LocaleFilter triggered.
DEBUG - 2024-09-28 05:12:27 --> Locale set to: en
INFO - 2024-09-28 05:12:27 --> Session: Class initialized using 'CodeIgniter\Session\Handlers\FileHandler' driver.
DEBUG - 2024-09-28 05:12:28 --> LocaleFilter triggered.
DEBUG - 2024-09-28 05:12:28 --> Locale set to: en
INFO - 2024-09-28 05:12:28 --> Session: Class initialized using 'CodeIgniter\Session\Handlers\FileHandler' driver.
DEBUG - 2024-09-28 05:12:30 --> LocaleFilter triggered.
DEBUG - 2024-09-28 05:12:30 --> Locale set to: en
INFO - 2024-09-28 05:12:30 --> Session: Class initialized using 'CodeIgniter\Session\Handlers\FileHandler' driver.
DEBUG - 2024-09-28 05:14:34 --> LocaleFilter triggered.
DEBUG - 2024-09-28 05:14:34 --> Locale set to: en
INFO - 2024-09-28 05:14:34 --> Session: Class initialized using 'CodeIgniter\Session\Handlers\FileHandler' driver.
DEBUG - 2024-09-28 05:15:11 --> LocaleFilter triggered.
DEBUG - 2024-09-28 05:15:11 --> Locale set to: en
INFO - 2024-09-28 05:15:11 --> Session: Class initialized using 'CodeIgniter\Session\Handlers\FileHandler' driver.
DEBUG - 2024-09-28 05:15:17 --> LocaleFilter triggered.
DEBUG - 2024-09-28 05:15:17 --> Locale set to default: id
INFO - 2024-09-28 05:15:17 --> Session: Class initialized using 'CodeIgniter\Session\Handlers\FileHandler' driver.
DEBUG - 2024-09-28 05:15:17 --> LocaleFilter triggered.
DEBUG - 2024-09-28 05:15:17 --> Locale set to: id
INFO - 2024-09-28 05:15:18 --> Session: Class initialized using 'CodeIgniter\Session\Handlers\FileHandler' driver.
DEBUG - 2024-09-28 05:15:20 --> LocaleFilter triggered.
DEBUG - 2024-09-28 05:15:20 --> Locale set to: id
INFO - 2024-09-28 05:15:20 --> Session: Class initialized using 'CodeIgniter\Session\Handlers\FileHandler' driver.
DEBUG - 2024-09-28 05:15:23 --> LocaleFilter triggered.
DEBUG - 2024-09-28 05:15:23 --> Locale set to: id
INFO - 2024-09-28 05:15:23 --> Session: Class initialized using 'CodeIgniter\Session\Handlers\FileHandler' driver.
DEBUG - 2024-09-28 05:15:40 --> LocaleFilter triggered.
DEBUG - 2024-09-28 05:15:40 --> Locale set to: id
INFO - 2024-09-28 05:15:40 --> Session: Class initialized using 'CodeIgniter\Session\Handlers\FileHandler' driver.
DEBUG - 2024-09-28 05:16:20 --> LocaleFilter triggered.
DEBUG - 2024-09-28 05:16:20 --> Locale set to: id
INFO - 2024-09-28 05:16:20 --> Session: Class initialized using 'CodeIgniter\Session\Handlers\FileHandler' driver.
DEBUG - 2024-09-28 05:16:24 --> LocaleFilter triggered.
DEBUG - 2024-09-28 05:16:24 --> Locale set to: id
INFO - 2024-09-28 05:16:24 --> Session: Class initialized using 'CodeIgniter\Session\Handlers\FileHandler' driver.
DEBUG - 2024-09-28 05:16:38 --> LocaleFilter triggered.
DEBUG - 2024-09-28 05:16:38 --> Locale set to: id
INFO - 2024-09-28 05:16:38 --> Session: Class initialized using 'CodeIgniter\Session\Handlers\FileHandler' driver.
DEBUG - 2024-09-28 05:16:50 --> LocaleFilter triggered.
DEBUG - 2024-09-28 05:16:50 --> Locale set to: id
INFO - 2024-09-28 05:16:50 --> Session: Class initialized using 'CodeIgniter\Session\Handlers\FileHandler' driver.
DEBUG - 2024-09-28 05:17:02 --> LocaleFilter triggered.
DEBUG - 2024-09-28 05:17:02 --> Locale set to: id
INFO - 2024-09-28 05:17:02 --> Session: Class initialized using 'CodeIgniter\Session\Handlers\FileHandler' driver.
DEBUG - 2024-09-28 05:17:09 --> LocaleFilter triggered.
DEBUG - 2024-09-28 05:17:09 --> Locale set to: id
INFO - 2024-09-28 05:17:09 --> Session: Class initialized using 'CodeIgniter\Session\Handlers\FileHandler' driver.
DEBUG - 2024-09-28 05:17:20 --> LocaleFilter triggered.
DEBUG - 2024-09-28 05:17:20 --> Locale set to default: id
INFO - 2024-09-28 05:17:20 --> Session: Class initialized using 'CodeIgniter\Session\Handlers\FileHandler' driver.
DEBUG - 2024-09-28 05:17:21 --> LocaleFilter triggered.
DEBUG - 2024-09-28 05:17:21 --> Locale set to: en
INFO - 2024-09-28 05:17:21 --> Session: Class initialized using 'CodeIgniter\Session\Handlers\FileHandler' driver.
DEBUG - 2024-09-28 05:17:26 --> LocaleFilter triggered.
DEBUG - 2024-09-28 05:17:26 --> Locale set to: en
INFO - 2024-09-28 05:17:26 --> Session: Class initialized using 'CodeIgniter\Session\Handlers\FileHandler' driver.
DEBUG - 2024-09-28 05:38:16 --> LocaleFilter triggered.
DEBUG - 2024-09-28 05:38:16 --> Locale set to: en
INFO - 2024-09-28 05:38:16 --> Session: Class initialized using 'CodeIgniter\Session\Handlers\FileHandler' driver.
DEBUG - 2024-09-28 05:38:17 --> LocaleFilter triggered.
DEBUG - 2024-09-28 05:38:17 --> Locale set to default: id
DEBUG - 2024-09-28 05:38:17 --> LocaleFilter triggered.
DEBUG - 2024-09-28 05:38:17 --> Locale set to: id
INFO - 2024-09-28 05:38:17 --> Session: Class initialized using 'CodeIgniter\Session\Handlers\FileHandler' driver.
DEBUG - 2024-09-28 05:46:00 --> LocaleFilter triggered.
DEBUG - 2024-09-28 05:46:00 --> Locale set to default: id
INFO - 2024-09-28 05:46:00 --> Session: Class initialized using 'CodeIgniter\Session\Handlers\FileHandler' driver.
DEBUG - 2024-09-28 05:46:04 --> LocaleFilter triggered.
DEBUG - 2024-09-28 05:46:04 --> Locale set to default: id
INFO - 2024-09-28 05:46:04 --> Session: Class initialized using 'CodeIgniter\Session\Handlers\FileHandler' driver.
DEBUG - 2024-09-28 05:46:08 --> LocaleFilter triggered.
DEBUG - 2024-09-28 05:46:08 --> Locale set to default: id
INFO - 2024-09-28 05:46:08 --> Session: Class initialized using 'CodeIgniter\Session\Handlers\FileHandler' driver.
DEBUG - 2024-09-28 05:46:14 --> LocaleFilter triggered.
DEBUG - 2024-09-28 05:46:14 --> Locale set to default: id
INFO - 2024-09-28 05:46:14 --> Session: Class initialized using 'CodeIgniter\Session\Handlers\FileHandler' driver.
DEBUG - 2024-09-28 05:46:18 --> LocaleFilter triggered.
DEBUG - 2024-09-28 05:46:18 --> Locale set to default: id
INFO - 2024-09-28 05:46:18 --> CSRF token verified.
INFO - 2024-09-28 05:46:18 --> Session: Class initialized using 'CodeIgniter\Session\Handlers\FileHandler' driver.
DEBUG - 2024-09-28 05:46:18 --> LocaleFilter triggered.
DEBUG - 2024-09-28 05:46:18 --> Locale set to default: id
INFO - 2024-09-28 05:46:18 --> Session: Class initialized using 'CodeIgniter\Session\Handlers\FileHandler' driver.
DEBUG - 2024-09-28 15:10:20 --> LocaleFilter triggered.
DEBUG - 2024-09-28 15:10:20 --> Locale set to: id
INFO - 2024-09-28 15:10:20 --> Session: Class initialized using 'CodeIgniter\Session\Handlers\FileHandler' driver.
DEBUG - 2024-09-28 16:22:08 --> LocaleFilter triggered.
DEBUG - 2024-09-28 16:22:08 --> Locale set to default: id
DEBUG - 2024-09-28 16:22:08 --> LocaleFilter triggered.
DEBUG - 2024-09-28 16:22:08 --> Locale set to: id
INFO - 2024-09-28 16:22:08 --> Session: Class initialized using 'CodeIgniter\Session\Handlers\FileHandler' driver.
DEBUG - 2024-09-28 16:46:07 --> LocaleFilter triggered.
DEBUG - 2024-09-28 16:46:07 --> Locale set to: id
INFO - 2024-09-28 16:46:07 --> Session: Class initialized using 'CodeIgniter\Session\Handlers\FileHandler' driver.
DEBUG - 2024-09-28 16:48:26 --> LocaleFilter triggered.
DEBUG - 2024-09-28 16:48:26 --> Locale set to: id
INFO - 2024-09-28 16:48:26 --> Session: Class initialized using 'CodeIgniter\Session\Handlers\FileHandler' driver.
DEBUG - 2024-09-28 16:55:16 --> LocaleFilter triggered.
DEBUG - 2024-09-28 16:55:16 --> Locale set to: id
INFO - 2024-09-28 16:55:16 --> Session: Class initialized using 'CodeIgniter\Session\Handlers\FileHandler' driver.
DEBUG - 2024-09-28 17:05:03 --> LocaleFilter triggered.
DEBUG - 2024-09-28 17:05:03 --> Locale set to: id
INFO - 2024-09-28 17:05:03 --> Session: Class initialized using 'CodeIgniter\Session\Handlers\FileHandler' driver.
