INFO - 2024-12-09 06:47:09 --> Session: Class initialized using 'CodeIgniter\Session\Handlers\FileHandler' driver.
INFO - 2024-12-09 06:47:10 --> Session: Class initialized using 'CodeIgniter\Session\Handlers\FileHandler' driver.
INFO - 2024-12-09 06:47:24 --> Session: Class initialized using 'CodeIgniter\Session\Handlers\FileHandler' driver.
INFO - 2024-12-09 06:47:32 --> Session: Class initialized using 'CodeIgniter\Session\Handlers\FileHandler' driver.
INFO - 2024-12-09 06:47:32 --> CSRF token verified.
INFO - 2024-12-09 06:47:33 --> Session: Class initialized using 'CodeIgniter\Session\Handlers\FileHandler' driver.
INFO - 2024-12-09 06:47:39 --> Session: Class initialized using 'CodeIgniter\Session\Handlers\FileHandler' driver.
CRITICAL - 2024-12-09 06:47:39 --> Invalid file: "admin/emailpbn/index.php"
in SYSTEMPATH\Exceptions\FrameworkException.php on line 33.
 1 SYSTEMPATH\View\View.php(212): CodeIgniter\Exceptions\FrameworkException::forInvalidFile('admin/emailpbn/index.php')
 2 SYSTEMPATH\Common.php(1180): CodeIgniter\View\View->render('admin/emailpbn/index', [], true)
 3 APPPATH\Controllers\admin\EmailPBN.php(26): view('admin/emailpbn/index', [...])
 4 SYSTEMPATH\CodeIgniter.php(932): App\Controllers\admin\EmailPBN->index()
 5 SYSTEMPATH\CodeIgniter.php(497): CodeIgniter\CodeIgniter->runController(Object(App\Controllers\admin\EmailPBN))
 6 SYSTEMPATH\CodeIgniter.php(366): CodeIgniter\CodeIgniter->handleRequest(null, Object(Config\Cache), false)
 7 FCPATH\index.php(67): CodeIgniter\CodeIgniter->run()
 8 SYSTEMPATH\Commands\Server\rewrite.php(47): require_once('C:\\Users\\WINDOWS\\OneDrive\\Documents\\GitHub\\Web_Elecomps\\public\\index.php')
INFO - 2024-12-09 06:49:45 --> Session: Class initialized using 'CodeIgniter\Session\Handlers\FileHandler' driver.
INFO - 2024-12-09 06:50:45 --> Session: Class initialized using 'CodeIgniter\Session\Handlers\FileHandler' driver.
INFO - 2024-12-09 06:50:50 --> Session: Class initialized using 'CodeIgniter\Session\Handlers\FileHandler' driver.
INFO - 2024-12-09 06:50:56 --> Session: Class initialized using 'CodeIgniter\Session\Handlers\FileHandler' driver.
INFO - 2024-12-09 06:50:59 --> Session: Class initialized using 'CodeIgniter\Session\Handlers\FileHandler' driver.
INFO - 2024-12-09 06:51:51 --> Session: Class initialized using 'CodeIgniter\Session\Handlers\FileHandler' driver.
INFO - 2024-12-09 07:03:20 --> Session: Class initialized using 'CodeIgniter\Session\Handlers\FileHandler' driver.
INFO - 2024-12-09 07:03:26 --> Session: Class initialized using 'CodeIgniter\Session\Handlers\FileHandler' driver.
INFO - 2024-12-09 07:04:02 --> Session: Class initialized using 'CodeIgniter\Session\Handlers\FileHandler' driver.
CRITICAL - 2024-12-09 07:04:03 --> Undefined property: stdClass::$tema_pbn
in APPPATH\Views\admin\artikelpbn\index.php on line 43.
 1 APPPATH\Views\admin\artikelpbn\index.php(43): CodeIgniter\Debug\Exceptions->errorHandler(2, 'Undefined property: stdClass::$tema_pbn', 'C:\\Users\\WINDOWS\\OneDrive\\Documents\\GitHub\\Web_Elecomps\\app\\Views\\admin\\artikelpbn\\index.php', 43)
 2 SYSTEMPATH\View\View.php(224): include('C:\\Users\\WINDOWS\\OneDrive\\Documents\\GitHub\\Web_Elecomps\\app\\Views\\admin\\artikelpbn\\index.php')
 3 SYSTEMPATH\View\View.php(227): CodeIgniter\View\View->CodeIgniter\View\{closure}()
 4 SYSTEMPATH\Common.php(1180): CodeIgniter\View\View->render('admin/artikelpbn/index', [], true)
 5 APPPATH\Controllers\admin\ArtikelPBN.php(55): view('admin/artikelpbn/index', [...])
 6 SYSTEMPATH\CodeIgniter.php(932): App\Controllers\admin\ArtikelPBN->index()
 7 SYSTEMPATH\CodeIgniter.php(497): CodeIgniter\CodeIgniter->runController(Object(App\Controllers\admin\ArtikelPBN))
 8 SYSTEMPATH\CodeIgniter.php(366): CodeIgniter\CodeIgniter->handleRequest(null, Object(Config\Cache), false)
 9 FCPATH\index.php(67): CodeIgniter\CodeIgniter->run()
10 SYSTEMPATH\Commands\Server\rewrite.php(47): require_once('C:\\Users\\WINDOWS\\OneDrive\\Documents\\GitHub\\Web_Elecomps\\public\\index.php')
INFO - 2024-12-09 07:04:26 --> Session: Class initialized using 'CodeIgniter\Session\Handlers\FileHandler' driver.
INFO - 2024-12-09 07:05:03 --> Session: Class initialized using 'CodeIgniter\Session\Handlers\FileHandler' driver.
INFO - 2024-12-09 07:05:25 --> Session: Class initialized using 'CodeIgniter\Session\Handlers\FileHandler' driver.
INFO - 2024-12-09 07:08:19 --> Session: Class initialized using 'CodeIgniter\Session\Handlers\FileHandler' driver.
INFO - 2024-12-09 07:08:25 --> Session: Class initialized using 'CodeIgniter\Session\Handlers\FileHandler' driver.
INFO - 2024-12-09 07:08:39 --> Session: Class initialized using 'CodeIgniter\Session\Handlers\FileHandler' driver.
INFO - 2024-12-09 07:08:43 --> Session: Class initialized using 'CodeIgniter\Session\Handlers\FileHandler' driver.
INFO - 2024-12-09 07:08:47 --> Session: Class initialized using 'CodeIgniter\Session\Handlers\FileHandler' driver.
INFO - 2024-12-09 07:08:50 --> Session: Class initialized using 'CodeIgniter\Session\Handlers\FileHandler' driver.
INFO - 2024-12-09 07:08:58 --> Session: Class initialized using 'CodeIgniter\Session\Handlers\FileHandler' driver.
INFO - 2024-12-09 07:09:06 --> Session: Class initialized using 'CodeIgniter\Session\Handlers\FileHandler' driver.
INFO - 2024-12-09 07:09:13 --> Session: Class initialized using 'CodeIgniter\Session\Handlers\FileHandler' driver.
INFO - 2024-12-09 07:09:34 --> Session: Class initialized using 'CodeIgniter\Session\Handlers\FileHandler' driver.
INFO - 2024-12-09 07:10:10 --> Session: Class initialized using 'CodeIgniter\Session\Handlers\FileHandler' driver.
INFO - 2024-12-09 07:10:14 --> Session: Class initialized using 'CodeIgniter\Session\Handlers\FileHandler' driver.
INFO - 2024-12-09 07:10:38 --> Session: Class initialized using 'CodeIgniter\Session\Handlers\FileHandler' driver.
INFO - 2024-12-09 07:11:41 --> Session: Class initialized using 'CodeIgniter\Session\Handlers\FileHandler' driver.
INFO - 2024-12-09 07:12:03 --> Session: Class initialized using 'CodeIgniter\Session\Handlers\FileHandler' driver.
INFO - 2024-12-09 07:12:06 --> Session: Class initialized using 'CodeIgniter\Session\Handlers\FileHandler' driver.
INFO - 2024-12-09 07:13:36 --> Session: Class initialized using 'CodeIgniter\Session\Handlers\FileHandler' driver.
INFO - 2024-12-09 07:13:39 --> Session: Class initialized using 'CodeIgniter\Session\Handlers\FileHandler' driver.
INFO - 2024-12-09 07:13:48 --> Session: Class initialized using 'CodeIgniter\Session\Handlers\FileHandler' driver.
INFO - 2024-12-09 07:13:53 --> Session: Class initialized using 'CodeIgniter\Session\Handlers\FileHandler' driver.
INFO - 2024-12-09 07:18:48 --> Session: Class initialized using 'CodeIgniter\Session\Handlers\FileHandler' driver.
INFO - 2024-12-09 07:21:43 --> Session: Class initialized using 'CodeIgniter\Session\Handlers\FileHandler' driver.
INFO - 2024-12-09 07:21:59 --> Session: Class initialized using 'CodeIgniter\Session\Handlers\FileHandler' driver.
INFO - 2024-12-09 07:23:10 --> Session: Class initialized using 'CodeIgniter\Session\Handlers\FileHandler' driver.
INFO - 2024-12-09 07:23:10 --> CSRF token verified.
INFO - 2024-12-09 07:23:10 --> Session: Class initialized using 'CodeIgniter\Session\Handlers\FileHandler' driver.
INFO - 2024-12-09 07:23:22 --> Session: Class initialized using 'CodeIgniter\Session\Handlers\FileHandler' driver.
INFO - 2024-12-09 07:23:58 --> Session: Class initialized using 'CodeIgniter\Session\Handlers\FileHandler' driver.
INFO - 2024-12-09 07:23:58 --> CSRF token verified.
INFO - 2024-12-09 07:23:58 --> Session: Class initialized using 'CodeIgniter\Session\Handlers\FileHandler' driver.
INFO - 2024-12-09 07:24:02 --> Session: Class initialized using 'CodeIgniter\Session\Handlers\FileHandler' driver.
INFO - 2024-12-09 07:24:09 --> Session: Class initialized using 'CodeIgniter\Session\Handlers\FileHandler' driver.
INFO - 2024-12-09 07:25:00 --> Session: Class initialized using 'CodeIgniter\Session\Handlers\FileHandler' driver.
INFO - 2024-12-09 07:25:00 --> CSRF token verified.
INFO - 2024-12-09 07:25:00 --> Session: Class initialized using 'CodeIgniter\Session\Handlers\FileHandler' driver.
INFO - 2024-12-09 07:25:10 --> Session: Class initialized using 'CodeIgniter\Session\Handlers\FileHandler' driver.
INFO - 2024-12-09 07:25:10 --> Session: Class initialized using 'CodeIgniter\Session\Handlers\FileHandler' driver.
INFO - 2024-12-09 07:25:16 --> Session: Class initialized using 'CodeIgniter\Session\Handlers\FileHandler' driver.
INFO - 2024-12-09 07:25:20 --> Session: Class initialized using 'CodeIgniter\Session\Handlers\FileHandler' driver.
INFO - 2024-12-09 07:25:21 --> Session: Class initialized using 'CodeIgniter\Session\Handlers\FileHandler' driver.
INFO - 2024-12-09 07:25:28 --> Session: Class initialized using 'CodeIgniter\Session\Handlers\FileHandler' driver.
INFO - 2024-12-09 07:25:35 --> Session: Class initialized using 'CodeIgniter\Session\Handlers\FileHandler' driver.
INFO - 2024-12-09 07:26:05 --> Session: Class initialized using 'CodeIgniter\Session\Handlers\FileHandler' driver.
INFO - 2024-12-09 07:26:05 --> CSRF token verified.
INFO - 2024-12-09 07:26:05 --> Session: Class initialized using 'CodeIgniter\Session\Handlers\FileHandler' driver.
INFO - 2024-12-09 07:26:13 --> Session: Class initialized using 'CodeIgniter\Session\Handlers\FileHandler' driver.
INFO - 2024-12-09 07:26:33 --> Session: Class initialized using 'CodeIgniter\Session\Handlers\FileHandler' driver.
INFO - 2024-12-09 07:27:29 --> Session: Class initialized using 'CodeIgniter\Session\Handlers\FileHandler' driver.
INFO - 2024-12-09 07:33:23 --> Session: Class initialized using 'CodeIgniter\Session\Handlers\FileHandler' driver.
INFO - 2024-12-09 07:33:29 --> Session: Class initialized using 'CodeIgniter\Session\Handlers\FileHandler' driver.
INFO - 2024-12-09 07:33:29 --> Session: Class initialized using 'CodeIgniter\Session\Handlers\FileHandler' driver.
INFO - 2024-12-09 07:33:33 --> Session: Class initialized using 'CodeIgniter\Session\Handlers\FileHandler' driver.
INFO - 2024-12-09 07:33:33 --> Session: Class initialized using 'CodeIgniter\Session\Handlers\FileHandler' driver.
INFO - 2024-12-09 07:34:05 --> Session: Class initialized using 'CodeIgniter\Session\Handlers\FileHandler' driver.
INFO - 2024-12-09 07:34:40 --> Session: Class initialized using 'CodeIgniter\Session\Handlers\FileHandler' driver.
INFO - 2024-12-09 07:34:40 --> CSRF token verified.
INFO - 2024-12-09 07:34:40 --> Session: Class initialized using 'CodeIgniter\Session\Handlers\FileHandler' driver.
INFO - 2024-12-09 07:34:47 --> Session: Class initialized using 'CodeIgniter\Session\Handlers\FileHandler' driver.
INFO - 2024-12-09 07:35:27 --> Session: Class initialized using 'CodeIgniter\Session\Handlers\FileHandler' driver.
INFO - 2024-12-09 07:35:27 --> CSRF token verified.
INFO - 2024-12-09 07:35:28 --> Session: Class initialized using 'CodeIgniter\Session\Handlers\FileHandler' driver.
INFO - 2024-12-09 07:35:43 --> Session: Class initialized using 'CodeIgniter\Session\Handlers\FileHandler' driver.
INFO - 2024-12-09 07:36:17 --> Session: Class initialized using 'CodeIgniter\Session\Handlers\FileHandler' driver.
INFO - 2024-12-09 07:36:17 --> CSRF token verified.
INFO - 2024-12-09 07:36:17 --> Session: Class initialized using 'CodeIgniter\Session\Handlers\FileHandler' driver.
INFO - 2024-12-09 07:36:38 --> Session: Class initialized using 'CodeIgniter\Session\Handlers\FileHandler' driver.
INFO - 2024-12-09 07:36:47 --> Session: Class initialized using 'CodeIgniter\Session\Handlers\FileHandler' driver.
INFO - 2024-12-09 07:37:29 --> Session: Class initialized using 'CodeIgniter\Session\Handlers\FileHandler' driver.
INFO - 2024-12-09 07:37:29 --> CSRF token verified.
INFO - 2024-12-09 07:37:30 --> Session: Class initialized using 'CodeIgniter\Session\Handlers\FileHandler' driver.
INFO - 2024-12-09 07:37:48 --> Session: Class initialized using 'CodeIgniter\Session\Handlers\FileHandler' driver.
INFO - 2024-12-09 07:38:25 --> Session: Class initialized using 'CodeIgniter\Session\Handlers\FileHandler' driver.
INFO - 2024-12-09 07:38:25 --> CSRF token verified.
INFO - 2024-12-09 07:38:26 --> Session: Class initialized using 'CodeIgniter\Session\Handlers\FileHandler' driver.
INFO - 2024-12-09 07:38:33 --> Session: Class initialized using 'CodeIgniter\Session\Handlers\FileHandler' driver.
INFO - 2024-12-09 07:38:45 --> Session: Class initialized using 'CodeIgniter\Session\Handlers\FileHandler' driver.
INFO - 2024-12-09 07:38:45 --> CSRF token verified.
INFO - 2024-12-09 07:38:46 --> Session: Class initialized using 'CodeIgniter\Session\Handlers\FileHandler' driver.
INFO - 2024-12-09 07:39:13 --> Session: Class initialized using 'CodeIgniter\Session\Handlers\FileHandler' driver.
INFO - 2024-12-09 07:39:43 --> Session: Class initialized using 'CodeIgniter\Session\Handlers\FileHandler' driver.
INFO - 2024-12-09 07:39:43 --> CSRF token verified.
INFO - 2024-12-09 07:39:43 --> Session: Class initialized using 'CodeIgniter\Session\Handlers\FileHandler' driver.
INFO - 2024-12-09 07:41:21 --> Session: Class initialized using 'CodeIgniter\Session\Handlers\FileHandler' driver.
INFO - 2024-12-09 08:06:49 --> Session: Class initialized using 'CodeIgniter\Session\Handlers\FileHandler' driver.
INFO - 2024-12-09 08:06:57 --> Session: Class initialized using 'CodeIgniter\Session\Handlers\FileHandler' driver.
INFO - 2024-12-09 08:07:01 --> Session: Class initialized using 'CodeIgniter\Session\Handlers\FileHandler' driver.
INFO - 2024-12-09 08:07:17 --> Session: Class initialized using 'CodeIgniter\Session\Handlers\FileHandler' driver.
INFO - 2024-12-09 08:07:30 --> Session: Class initialized using 'CodeIgniter\Session\Handlers\FileHandler' driver.
INFO - 2024-12-09 08:07:33 --> Session: Class initialized using 'CodeIgniter\Session\Handlers\FileHandler' driver.
INFO - 2024-12-09 08:08:41 --> Session: Class initialized using 'CodeIgniter\Session\Handlers\FileHandler' driver.
INFO - 2024-12-09 08:08:41 --> CSRF token verified.
WARNING - 2024-12-09 08:08:41 --> [DEPRECATED] strtolower(): Passing null to parameter #1 ($string) of type string is deprecated in APPPATH\Controllers\admin\ArtikelPBN.php on line 21.
 1 APPPATH\Controllers\admin\ArtikelPBN.php(21): strtolower(null)
 2 APPPATH\Controllers\admin\ArtikelPBN.php(135): App\Controllers\admin\ArtikelPBN->generateSlug(null)
 3 SYSTEMPATH\CodeIgniter.php(932): App\Controllers\admin\ArtikelPBN->proses_tambah()
 4 SYSTEMPATH\CodeIgniter.php(497): CodeIgniter\CodeIgniter->runController(Object(App\Controllers\admin\ArtikelPBN))
 5 SYSTEMPATH\CodeIgniter.php(366): CodeIgniter\CodeIgniter->handleRequest(null, Object(Config\Cache), false)
 6 FCPATH\index.php(67): CodeIgniter\CodeIgniter->run()
 7 SYSTEMPATH\Commands\Server\rewrite.php(47): require_once('C:\\Users\\WINDOWS\\OneDrive\\Documents\\GitHub\\Web_Elecomps\\public\\index.php')
ERROR - 2024-12-09 08:08:41 --> mysqli_sql_exception: Unknown column 'slug_en' in 'field list' in C:\Users\WINDOWS\OneDrive\Documents\GitHub\Web_Elecomps\system\Database\MySQLi\Connection.php:295
Stack trace:
#0 C:\Users\WINDOWS\OneDrive\Documents\GitHub\Web_Elecomps\system\Database\MySQLi\Connection.php(295): mysqli->query('INSERT INTO `ar...', 0)
#1 C:\Users\WINDOWS\OneDrive\Documents\GitHub\Web_Elecomps\system\Database\BaseConnection.php(692): CodeIgniter\Database\MySQLi\Connection->execute('INSERT INTO `ar...')
#2 C:\Users\WINDOWS\OneDrive\Documents\GitHub\Web_Elecomps\system\Database\BaseConnection.php(606): CodeIgniter\Database\BaseConnection->simpleQuery('INSERT INTO `ar...')
#3 C:\Users\WINDOWS\OneDrive\Documents\GitHub\Web_Elecomps\system\Database\BaseBuilder.php(2309): CodeIgniter\Database\BaseConnection->query('INSERT INTO `ar...', Array, false)
#4 C:\Users\WINDOWS\OneDrive\Documents\GitHub\Web_Elecomps\system\Model.php(330): CodeIgniter\Database\BaseBuilder->insert()
#5 C:\Users\WINDOWS\OneDrive\Documents\GitHub\Web_Elecomps\system\BaseModel.php(782): CodeIgniter\Model->doInsert(Array)
#6 C:\Users\WINDOWS\OneDrive\Documents\GitHub\Web_Elecomps\system\Model.php(730): CodeIgniter\BaseModel->insert(Array, true)
#7 C:\Users\WINDOWS\OneDrive\Documents\GitHub\Web_Elecomps\app\Controllers\admin\ArtikelPBN.php(139): CodeIgniter\Model->insert(Array)
#8 C:\Users\WINDOWS\OneDrive\Documents\GitHub\Web_Elecomps\system\CodeIgniter.php(932): App\Controllers\admin\ArtikelPBN->proses_tambah()
#9 C:\Users\WINDOWS\OneDrive\Documents\GitHub\Web_Elecomps\system\CodeIgniter.php(497): CodeIgniter\CodeIgniter->runController(Object(App\Controllers\admin\ArtikelPBN))
#10 C:\Users\WINDOWS\OneDrive\Documents\GitHub\Web_Elecomps\system\CodeIgniter.php(366): CodeIgniter\CodeIgniter->handleRequest(NULL, Object(Config\Cache), false)
#11 C:\Users\WINDOWS\OneDrive\Documents\GitHub\Web_Elecomps\public\index.php(67): CodeIgniter\CodeIgniter->run()
#12 C:\Users\WINDOWS\OneDrive\Documents\GitHub\Web_Elecomps\system\Commands\Server\rewrite.php(47): require_once('C:\\Users\\WINDOW...')
#13 {main}
CRITICAL - 2024-12-09 08:08:41 --> Unknown column 'slug_en' in 'field list'
in SYSTEMPATH\Database\MySQLi\Connection.php on line 295.
 1 SYSTEMPATH\Database\MySQLi\Connection.php(295): mysqli->query('INSERT INTO `artikel_pbn` (`id_pbn`, `judul_artikelpbn`, `deskripsi_artikelpbn`, `creator_artikelpbn`, `tanggalbuat_artikelpbn`, `statusupload_artikelpbn`, `tanggalupload_artikelpbn`, `alamatweb_backlink`, `foto_artikelpbn`, `slug_in`, `slug_en`) VALUES (\'3\', \'inilah\', \'<p>bhjfh</p>\', \'nala\', \'2024-12-09T15:07\', \'Belum Diupload\', NULL, \'https://wisata\', \'inilah_09122024080841.jpg\', \'inilah\', \'\')', 0)
 2 SYSTEMPATH\Database\BaseConnection.php(692): CodeIgniter\Database\MySQLi\Connection->execute('INSERT INTO `artikel_pbn` (`id_pbn`, `judul_artikelpbn`, `deskripsi_artikelpbn`, `creator_artikelpbn`, `tanggalbuat_artikelpbn`, `statusupload_artikelpbn`, `tanggalupload_artikelpbn`, `alamatweb_backlink`, `foto_artikelpbn`, `slug_in`, `slug_en`) VALUES (\'3\', \'inilah\', \'<p>bhjfh</p>\', \'nala\', \'2024-12-09T15:07\', \'Belum Diupload\', NULL, \'https://wisata\', \'inilah_09122024080841.jpg\', \'inilah\', \'\')')
 3 SYSTEMPATH\Database\BaseConnection.php(606): CodeIgniter\Database\BaseConnection->simpleQuery('INSERT INTO `artikel_pbn` (`id_pbn`, `judul_artikelpbn`, `deskripsi_artikelpbn`, `creator_artikelpbn`, `tanggalbuat_artikelpbn`, `statusupload_artikelpbn`, `tanggalupload_artikelpbn`, `alamatweb_backlink`, `foto_artikelpbn`, `slug_in`, `slug_en`) VALUES (\'3\', \'inilah\', \'<p>bhjfh</p>\', \'nala\', \'2024-12-09T15:07\', \'Belum Diupload\', NULL, \'https://wisata\', \'inilah_09122024080841.jpg\', \'inilah\', \'\')')
 4 SYSTEMPATH\Database\BaseBuilder.php(2309): CodeIgniter\Database\BaseConnection->query('INSERT INTO `artikel_pbn` (`id_pbn`, `judul_artikelpbn`, `deskripsi_artikelpbn`, `creator_artikelpbn`, `tanggalbuat_artikelpbn`, `statusupload_artikelpbn`, `tanggalupload_artikelpbn`, `alamatweb_backlink`, `foto_artikelpbn`, `slug_in`, `slug_en`) VALUES (:id_pbn:, :judul_artikelpbn:, :deskripsi_artikelpbn:, :creator_artikelpbn:, :tanggalbuat_artikelpbn:, :statusupload_artikelpbn:, :tanggalupload_artikelpbn:, :alamatweb_backlink:, :foto_artikelpbn:, :slug_in:, :slug_en:)', [...], false)
 5 SYSTEMPATH\Model.php(330): CodeIgniter\Database\BaseBuilder->insert()
 6 SYSTEMPATH\BaseModel.php(782): CodeIgniter\Model->doInsert([...])
 7 SYSTEMPATH\Model.php(730): CodeIgniter\BaseModel->insert([...], true)
 8 APPPATH\Controllers\admin\ArtikelPBN.php(139): CodeIgniter\Model->insert([...])
 9 SYSTEMPATH\CodeIgniter.php(932): App\Controllers\admin\ArtikelPBN->proses_tambah()
10 SYSTEMPATH\CodeIgniter.php(497): CodeIgniter\CodeIgniter->runController(Object(App\Controllers\admin\ArtikelPBN))
11 SYSTEMPATH\CodeIgniter.php(366): CodeIgniter\CodeIgniter->handleRequest(null, Object(Config\Cache), false)
12 FCPATH\index.php(67): CodeIgniter\CodeIgniter->run()
13 SYSTEMPATH\Commands\Server\rewrite.php(47): require_once('C:\\Users\\WINDOWS\\OneDrive\\Documents\\GitHub\\Web_Elecomps\\public\\index.php')
INFO - 2024-12-09 08:08:45 --> Session: Class initialized using 'CodeIgniter\Session\Handlers\FileHandler' driver.
INFO - 2024-12-09 08:08:58 --> Session: Class initialized using 'CodeIgniter\Session\Handlers\FileHandler' driver.
INFO - 2024-12-09 08:08:58 --> CSRF token verified.
WARNING - 2024-12-09 08:08:58 --> [DEPRECATED] strtolower(): Passing null to parameter #1 ($string) of type string is deprecated in APPPATH\Controllers\admin\ArtikelPBN.php on line 21.
 1 APPPATH\Controllers\admin\ArtikelPBN.php(21): strtolower(null)
 2 APPPATH\Controllers\admin\ArtikelPBN.php(135): App\Controllers\admin\ArtikelPBN->generateSlug(null)
 3 SYSTEMPATH\CodeIgniter.php(932): App\Controllers\admin\ArtikelPBN->proses_tambah()
 4 SYSTEMPATH\CodeIgniter.php(497): CodeIgniter\CodeIgniter->runController(Object(App\Controllers\admin\ArtikelPBN))
 5 SYSTEMPATH\CodeIgniter.php(366): CodeIgniter\CodeIgniter->handleRequest(null, Object(Config\Cache), false)
 6 FCPATH\index.php(67): CodeIgniter\CodeIgniter->run()
 7 SYSTEMPATH\Commands\Server\rewrite.php(47): require_once('C:\\Users\\WINDOWS\\OneDrive\\Documents\\GitHub\\Web_Elecomps\\public\\index.php')
ERROR - 2024-12-09 08:08:58 --> mysqli_sql_exception: Unknown column 'slug_en' in 'field list' in C:\Users\WINDOWS\OneDrive\Documents\GitHub\Web_Elecomps\system\Database\MySQLi\Connection.php:295
Stack trace:
#0 C:\Users\WINDOWS\OneDrive\Documents\GitHub\Web_Elecomps\system\Database\MySQLi\Connection.php(295): mysqli->query('INSERT INTO `ar...', 0)
#1 C:\Users\WINDOWS\OneDrive\Documents\GitHub\Web_Elecomps\system\Database\BaseConnection.php(692): CodeIgniter\Database\MySQLi\Connection->execute('INSERT INTO `ar...')
#2 C:\Users\WINDOWS\OneDrive\Documents\GitHub\Web_Elecomps\system\Database\BaseConnection.php(606): CodeIgniter\Database\BaseConnection->simpleQuery('INSERT INTO `ar...')
#3 C:\Users\WINDOWS\OneDrive\Documents\GitHub\Web_Elecomps\system\Database\BaseBuilder.php(2309): CodeIgniter\Database\BaseConnection->query('INSERT INTO `ar...', Array, false)
#4 C:\Users\WINDOWS\OneDrive\Documents\GitHub\Web_Elecomps\system\Model.php(330): CodeIgniter\Database\BaseBuilder->insert()
#5 C:\Users\WINDOWS\OneDrive\Documents\GitHub\Web_Elecomps\system\BaseModel.php(782): CodeIgniter\Model->doInsert(Array)
#6 C:\Users\WINDOWS\OneDrive\Documents\GitHub\Web_Elecomps\system\Model.php(730): CodeIgniter\BaseModel->insert(Array, true)
#7 C:\Users\WINDOWS\OneDrive\Documents\GitHub\Web_Elecomps\app\Controllers\admin\ArtikelPBN.php(139): CodeIgniter\Model->insert(Array)
#8 C:\Users\WINDOWS\OneDrive\Documents\GitHub\Web_Elecomps\system\CodeIgniter.php(932): App\Controllers\admin\ArtikelPBN->proses_tambah()
#9 C:\Users\WINDOWS\OneDrive\Documents\GitHub\Web_Elecomps\system\CodeIgniter.php(497): CodeIgniter\CodeIgniter->runController(Object(App\Controllers\admin\ArtikelPBN))
#10 C:\Users\WINDOWS\OneDrive\Documents\GitHub\Web_Elecomps\system\CodeIgniter.php(366): CodeIgniter\CodeIgniter->handleRequest(NULL, Object(Config\Cache), false)
#11 C:\Users\WINDOWS\OneDrive\Documents\GitHub\Web_Elecomps\public\index.php(67): CodeIgniter\CodeIgniter->run()
#12 C:\Users\WINDOWS\OneDrive\Documents\GitHub\Web_Elecomps\system\Commands\Server\rewrite.php(47): require_once('C:\\Users\\WINDOW...')
#13 {main}
CRITICAL - 2024-12-09 08:08:58 --> Unknown column 'slug_en' in 'field list'
in SYSTEMPATH\Database\MySQLi\Connection.php on line 295.
 1 SYSTEMPATH\Database\MySQLi\Connection.php(295): mysqli->query('INSERT INTO `artikel_pbn` (`id_pbn`, `judul_artikelpbn`, `deskripsi_artikelpbn`, `creator_artikelpbn`, `tanggalbuat_artikelpbn`, `statusupload_artikelpbn`, `tanggalupload_artikelpbn`, `alamatweb_backlink`, `foto_artikelpbn`, `slug_in`, `slug_en`) VALUES (\'3\', \'inilah\', \'<p>bhjfh</p>\', \'nala\', \'2024-12-09T15:07\', \'Belum Diupload\', NULL, \'\', \'inilah_09122024080858.jpg\', \'inilah\', \'\')', 0)
 2 SYSTEMPATH\Database\BaseConnection.php(692): CodeIgniter\Database\MySQLi\Connection->execute('INSERT INTO `artikel_pbn` (`id_pbn`, `judul_artikelpbn`, `deskripsi_artikelpbn`, `creator_artikelpbn`, `tanggalbuat_artikelpbn`, `statusupload_artikelpbn`, `tanggalupload_artikelpbn`, `alamatweb_backlink`, `foto_artikelpbn`, `slug_in`, `slug_en`) VALUES (\'3\', \'inilah\', \'<p>bhjfh</p>\', \'nala\', \'2024-12-09T15:07\', \'Belum Diupload\', NULL, \'\', \'inilah_09122024080858.jpg\', \'inilah\', \'\')')
 3 SYSTEMPATH\Database\BaseConnection.php(606): CodeIgniter\Database\BaseConnection->simpleQuery('INSERT INTO `artikel_pbn` (`id_pbn`, `judul_artikelpbn`, `deskripsi_artikelpbn`, `creator_artikelpbn`, `tanggalbuat_artikelpbn`, `statusupload_artikelpbn`, `tanggalupload_artikelpbn`, `alamatweb_backlink`, `foto_artikelpbn`, `slug_in`, `slug_en`) VALUES (\'3\', \'inilah\', \'<p>bhjfh</p>\', \'nala\', \'2024-12-09T15:07\', \'Belum Diupload\', NULL, \'\', \'inilah_09122024080858.jpg\', \'inilah\', \'\')')
 4 SYSTEMPATH\Database\BaseBuilder.php(2309): CodeIgniter\Database\BaseConnection->query('INSERT INTO `artikel_pbn` (`id_pbn`, `judul_artikelpbn`, `deskripsi_artikelpbn`, `creator_artikelpbn`, `tanggalbuat_artikelpbn`, `statusupload_artikelpbn`, `tanggalupload_artikelpbn`, `alamatweb_backlink`, `foto_artikelpbn`, `slug_in`, `slug_en`) VALUES (:id_pbn:, :judul_artikelpbn:, :deskripsi_artikelpbn:, :creator_artikelpbn:, :tanggalbuat_artikelpbn:, :statusupload_artikelpbn:, :tanggalupload_artikelpbn:, :alamatweb_backlink:, :foto_artikelpbn:, :slug_in:, :slug_en:)', [...], false)
 5 SYSTEMPATH\Model.php(330): CodeIgniter\Database\BaseBuilder->insert()
 6 SYSTEMPATH\BaseModel.php(782): CodeIgniter\Model->doInsert([...])
 7 SYSTEMPATH\Model.php(730): CodeIgniter\BaseModel->insert([...], true)
 8 APPPATH\Controllers\admin\ArtikelPBN.php(139): CodeIgniter\Model->insert([...])
 9 SYSTEMPATH\CodeIgniter.php(932): App\Controllers\admin\ArtikelPBN->proses_tambah()
10 SYSTEMPATH\CodeIgniter.php(497): CodeIgniter\CodeIgniter->runController(Object(App\Controllers\admin\ArtikelPBN))
11 SYSTEMPATH\CodeIgniter.php(366): CodeIgniter\CodeIgniter->handleRequest(null, Object(Config\Cache), false)
12 FCPATH\index.php(67): CodeIgniter\CodeIgniter->run()
13 SYSTEMPATH\Commands\Server\rewrite.php(47): require_once('C:\\Users\\WINDOWS\\OneDrive\\Documents\\GitHub\\Web_Elecomps\\public\\index.php')
INFO - 2024-12-09 08:10:48 --> Session: Class initialized using 'CodeIgniter\Session\Handlers\FileHandler' driver.
INFO - 2024-12-09 08:10:48 --> CSRF token verified.
INFO - 2024-12-09 08:10:48 --> Session: Class initialized using 'CodeIgniter\Session\Handlers\FileHandler' driver.
INFO - 2024-12-09 08:11:43 --> Session: Class initialized using 'CodeIgniter\Session\Handlers\FileHandler' driver.
INFO - 2024-12-09 08:11:51 --> Session: Class initialized using 'CodeIgniter\Session\Handlers\FileHandler' driver.
INFO - 2024-12-09 08:11:57 --> Session: Class initialized using 'CodeIgniter\Session\Handlers\FileHandler' driver.
INFO - 2024-12-09 08:12:19 --> Session: Class initialized using 'CodeIgniter\Session\Handlers\FileHandler' driver.
INFO - 2024-12-09 08:12:27 --> Session: Class initialized using 'CodeIgniter\Session\Handlers\FileHandler' driver.
INFO - 2024-12-09 08:12:55 --> Session: Class initialized using 'CodeIgniter\Session\Handlers\FileHandler' driver.
INFO - 2024-12-09 08:13:02 --> Session: Class initialized using 'CodeIgniter\Session\Handlers\FileHandler' driver.
INFO - 2024-12-09 08:13:06 --> Session: Class initialized using 'CodeIgniter\Session\Handlers\FileHandler' driver.
INFO - 2024-12-09 08:13:15 --> Session: Class initialized using 'CodeIgniter\Session\Handlers\FileHandler' driver.
INFO - 2024-12-09 08:13:18 --> Session: Class initialized using 'CodeIgniter\Session\Handlers\FileHandler' driver.
INFO - 2024-12-09 08:13:25 --> Session: Class initialized using 'CodeIgniter\Session\Handlers\FileHandler' driver.
INFO - 2024-12-09 08:13:28 --> Session: Class initialized using 'CodeIgniter\Session\Handlers\FileHandler' driver.
INFO - 2024-12-09 08:13:36 --> Session: Class initialized using 'CodeIgniter\Session\Handlers\FileHandler' driver.
INFO - 2024-12-09 08:13:38 --> Session: Class initialized using 'CodeIgniter\Session\Handlers\FileHandler' driver.
INFO - 2024-12-09 08:13:55 --> Session: Class initialized using 'CodeIgniter\Session\Handlers\FileHandler' driver.
INFO - 2024-12-09 09:34:17 --> Session: Class initialized using 'CodeIgniter\Session\Handlers\FileHandler' driver.
INFO - 2024-12-09 09:53:48 --> Session: Class initialized using 'CodeIgniter\Session\Handlers\FileHandler' driver.
