DEBUG - 2024-10-07 02:05:14 --> LocaleFilter triggered.
DEBUG - 2024-10-07 02:05:14 --> Locale set to default: id
INFO - 2024-10-07 02:05:16 --> Session: Class initialized using 'CodeIgniter\Session\Handlers\FileHandler' driver.
DEBUG - 2024-10-07 02:05:18 --> LocaleFilter triggered.
DEBUG - 2024-10-07 02:05:18 --> Locale set to default: id
INFO - 2024-10-07 02:05:18 --> Session: Class initialized using 'CodeIgniter\Session\Handlers\FileHandler' driver.
DEBUG - 2024-10-07 02:05:18 --> LocaleFilter triggered.
DEBUG - 2024-10-07 02:05:18 --> Locale set to: en
INFO - 2024-10-07 02:05:18 --> Session: Class initialized using 'CodeIgniter\Session\Handlers\FileHandler' driver.
DEBUG - 2024-10-07 02:05:19 --> LocaleFilter triggered.
DEBUG - 2024-10-07 02:05:19 --> Locale set to default: id
INFO - 2024-10-07 02:05:20 --> Session: Class initialized using 'CodeIgniter\Session\Handlers\FileHandler' driver.
DEBUG - 2024-10-07 02:06:11 --> LocaleFilter triggered.
DEBUG - 2024-10-07 02:06:11 --> Locale set to: id
INFO - 2024-10-07 02:06:11 --> Session: Class initialized using 'CodeIgniter\Session\Handlers\FileHandler' driver.
DEBUG - 2024-10-07 02:06:14 --> LocaleFilter triggered.
DEBUG - 2024-10-07 02:06:14 --> Locale set to: id
INFO - 2024-10-07 02:06:14 --> Session: Class initialized using 'CodeIgniter\Session\Handlers\FileHandler' driver.
DEBUG - 2024-10-07 02:06:17 --> LocaleFilter triggered.
DEBUG - 2024-10-07 02:06:17 --> Locale set to default: id
INFO - 2024-10-07 02:06:17 --> Session: Class initialized using 'CodeIgniter\Session\Handlers\FileHandler' driver.
DEBUG - 2024-10-07 02:06:17 --> LocaleFilter triggered.
DEBUG - 2024-10-07 02:06:17 --> Locale set to: en
INFO - 2024-10-07 02:06:17 --> Session: Class initialized using 'CodeIgniter\Session\Handlers\FileHandler' driver.
DEBUG - 2024-10-07 02:06:20 --> LocaleFilter triggered.
DEBUG - 2024-10-07 02:06:20 --> Locale set to: en
INFO - 2024-10-07 02:06:20 --> Session: Class initialized using 'CodeIgniter\Session\Handlers\FileHandler' driver.
DEBUG - 2024-10-07 02:06:24 --> LocaleFilter triggered.
DEBUG - 2024-10-07 02:06:24 --> Locale set to default: id
INFO - 2024-10-07 02:06:24 --> Session: Class initialized using 'CodeIgniter\Session\Handlers\FileHandler' driver.
DEBUG - 2024-10-07 02:06:24 --> LocaleFilter triggered.
DEBUG - 2024-10-07 02:06:24 --> Locale set to: id
INFO - 2024-10-07 02:06:24 --> Session: Class initialized using 'CodeIgniter\Session\Handlers\FileHandler' driver.
DEBUG - 2024-10-07 02:07:55 --> LocaleFilter triggered.
DEBUG - 2024-10-07 02:07:55 --> Locale set to: id
INFO - 2024-10-07 02:07:55 --> Session: Class initialized using 'CodeIgniter\Session\Handlers\FileHandler' driver.
DEBUG - 2024-10-07 02:07:58 --> LocaleFilter triggered.
DEBUG - 2024-10-07 02:07:58 --> Locale set to: id
INFO - 2024-10-07 02:07:58 --> Session: Class initialized using 'CodeIgniter\Session\Handlers\FileHandler' driver.
DEBUG - 2024-10-07 02:08:10 --> LocaleFilter triggered.
DEBUG - 2024-10-07 02:08:10 --> Locale set to: id
INFO - 2024-10-07 02:08:10 --> Session: Class initialized using 'CodeIgniter\Session\Handlers\FileHandler' driver.
DEBUG - 2024-10-07 02:08:22 --> LocaleFilter triggered.
DEBUG - 2024-10-07 02:08:22 --> Locale set to default: id
DEBUG - 2024-10-07 02:08:22 --> LocaleFilter triggered.
DEBUG - 2024-10-07 02:08:22 --> Locale set to: id
INFO - 2024-10-07 02:08:22 --> Session: Class initialized using 'CodeIgniter\Session\Handlers\FileHandler' driver.
DEBUG - 2024-10-07 02:11:09 --> LocaleFilter triggered.
DEBUG - 2024-10-07 02:11:09 --> Locale set to: id
INFO - 2024-10-07 02:11:09 --> Session: Class initialized using 'CodeIgniter\Session\Handlers\FileHandler' driver.
DEBUG - 2024-10-07 02:11:20 --> LocaleFilter triggered.
DEBUG - 2024-10-07 02:11:20 --> Locale set to: id
INFO - 2024-10-07 02:11:20 --> Session: Class initialized using 'CodeIgniter\Session\Handlers\FileHandler' driver.
DEBUG - 2024-10-07 02:11:29 --> LocaleFilter triggered.
DEBUG - 2024-10-07 02:11:29 --> Locale set to: id
INFO - 2024-10-07 02:11:29 --> Session: Class initialized using 'CodeIgniter\Session\Handlers\FileHandler' driver.
DEBUG - 2024-10-07 02:11:36 --> LocaleFilter triggered.
DEBUG - 2024-10-07 02:11:36 --> Locale set to: id
INFO - 2024-10-07 02:11:36 --> Session: Class initialized using 'CodeIgniter\Session\Handlers\FileHandler' driver.
DEBUG - 2024-10-07 02:11:47 --> LocaleFilter triggered.
DEBUG - 2024-10-07 02:11:47 --> Locale set to default: id
DEBUG - 2024-10-07 02:11:47 --> LocaleFilter triggered.
DEBUG - 2024-10-07 02:11:47 --> Locale set to: id
INFO - 2024-10-07 02:11:47 --> Session: Class initialized using 'CodeIgniter\Session\Handlers\FileHandler' driver.
DEBUG - 2024-10-07 02:38:36 --> LocaleFilter triggered.
DEBUG - 2024-10-07 02:38:36 --> Locale set to: id
INFO - 2024-10-07 02:38:36 --> Session: Class initialized using 'CodeIgniter\Session\Handlers\FileHandler' driver.
DEBUG - 2024-10-07 02:38:37 --> LocaleFilter triggered.
DEBUG - 2024-10-07 02:38:37 --> Locale set to: id
INFO - 2024-10-07 02:38:37 --> Session: Class initialized using 'CodeIgniter\Session\Handlers\FileHandler' driver.
DEBUG - 2024-10-07 02:38:37 --> LocaleFilter triggered.
DEBUG - 2024-10-07 02:38:37 --> Locale set to: id
INFO - 2024-10-07 02:38:38 --> Session: Class initialized using 'CodeIgniter\Session\Handlers\FileHandler' driver.
DEBUG - 2024-10-07 02:38:48 --> LocaleFilter triggered.
DEBUG - 2024-10-07 02:38:48 --> Locale set to: id
INFO - 2024-10-07 02:38:48 --> Session: Class initialized using 'CodeIgniter\Session\Handlers\FileHandler' driver.
DEBUG - 2024-10-07 02:39:39 --> LocaleFilter triggered.
DEBUG - 2024-10-07 02:39:39 --> Locale set to: id
INFO - 2024-10-07 02:39:39 --> Session: Class initialized using 'CodeIgniter\Session\Handlers\FileHandler' driver.
DEBUG - 2024-10-07 02:39:59 --> LocaleFilter triggered.
DEBUG - 2024-10-07 02:39:59 --> Locale set to: id
INFO - 2024-10-07 02:39:59 --> Session: Class initialized using 'CodeIgniter\Session\Handlers\FileHandler' driver.
DEBUG - 2024-10-07 02:40:24 --> LocaleFilter triggered.
DEBUG - 2024-10-07 02:40:24 --> Locale set to: id
INFO - 2024-10-07 02:40:24 --> Session: Class initialized using 'CodeIgniter\Session\Handlers\FileHandler' driver.
DEBUG - 2024-10-07 02:47:20 --> LocaleFilter triggered.
DEBUG - 2024-10-07 02:47:20 --> Locale set to: id
INFO - 2024-10-07 02:47:20 --> Session: Class initialized using 'CodeIgniter\Session\Handlers\FileHandler' driver.
DEBUG - 2024-10-07 02:47:21 --> LocaleFilter triggered.
DEBUG - 2024-10-07 02:47:21 --> Locale set to default: id
INFO - 2024-10-07 02:47:21 --> Session: Class initialized using 'CodeIgniter\Session\Handlers\FileHandler' driver.
DEBUG - 2024-10-07 02:47:28 --> LocaleFilter triggered.
DEBUG - 2024-10-07 02:47:28 --> Locale set to: id
INFO - 2024-10-07 02:47:28 --> Session: Class initialized using 'CodeIgniter\Session\Handlers\FileHandler' driver.
DEBUG - 2024-10-07 03:43:46 --> LocaleFilter triggered.
DEBUG - 2024-10-07 03:43:46 --> Locale set to: id
INFO - 2024-10-07 03:43:46 --> Session: Class initialized using 'CodeIgniter\Session\Handlers\FileHandler' driver.
DEBUG - 2024-10-07 03:54:37 --> LocaleFilter triggered.
DEBUG - 2024-10-07 03:54:37 --> Locale set to default: id
DEBUG - 2024-10-07 03:54:37 --> LocaleFilter triggered.
DEBUG - 2024-10-07 03:54:37 --> Locale set to: id
INFO - 2024-10-07 03:54:37 --> Session: Class initialized using 'CodeIgniter\Session\Handlers\FileHandler' driver.
DEBUG - 2024-10-07 06:48:55 --> LocaleFilter triggered.
DEBUG - 2024-10-07 06:48:55 --> Locale set to: id
INFO - 2024-10-07 06:48:57 --> Session: Class initialized using 'CodeIgniter\Session\Handlers\FileHandler' driver.
DEBUG - 2024-10-07 06:49:04 --> LocaleFilter triggered.
DEBUG - 2024-10-07 06:49:04 --> Locale set to default: id
INFO - 2024-10-07 06:49:04 --> Session: Class initialized using 'CodeIgniter\Session\Handlers\FileHandler' driver.
DEBUG - 2024-10-07 07:03:23 --> LocaleFilter triggered.
DEBUG - 2024-10-07 07:03:23 --> Locale set to: id
INFO - 2024-10-07 07:03:23 --> Session: Class initialized using 'CodeIgniter\Session\Handlers\FileHandler' driver.
DEBUG - 2024-10-07 07:03:27 --> LocaleFilter triggered.
DEBUG - 2024-10-07 07:03:27 --> Locale set to: id
INFO - 2024-10-07 07:03:27 --> Session: Class initialized using 'CodeIgniter\Session\Handlers\FileHandler' driver.
DEBUG - 2024-10-07 07:03:30 --> LocaleFilter triggered.
DEBUG - 2024-10-07 07:03:30 --> Locale set to: id
INFO - 2024-10-07 07:03:31 --> Session: Class initialized using 'CodeIgniter\Session\Handlers\FileHandler' driver.
DEBUG - 2024-10-07 07:03:32 --> LocaleFilter triggered.
DEBUG - 2024-10-07 07:03:32 --> Locale set to: id
INFO - 2024-10-07 07:03:32 --> Session: Class initialized using 'CodeIgniter\Session\Handlers\FileHandler' driver.
DEBUG - 2024-10-07 07:04:56 --> LocaleFilter triggered.
DEBUG - 2024-10-07 07:04:56 --> Locale set to: id
INFO - 2024-10-07 07:04:56 --> Session: Class initialized using 'CodeIgniter\Session\Handlers\FileHandler' driver.
DEBUG - 2024-10-07 07:06:31 --> LocaleFilter triggered.
DEBUG - 2024-10-07 07:06:31 --> Locale set to: id
INFO - 2024-10-07 07:06:31 --> Session: Class initialized using 'CodeIgniter\Session\Handlers\FileHandler' driver.
DEBUG - 2024-10-07 07:06:46 --> LocaleFilter triggered.
DEBUG - 2024-10-07 07:06:46 --> Locale set to: id
INFO - 2024-10-07 07:06:46 --> Session: Class initialized using 'CodeIgniter\Session\Handlers\FileHandler' driver.
DEBUG - 2024-10-07 07:06:47 --> LocaleFilter triggered.
DEBUG - 2024-10-07 07:06:47 --> Locale set to: id
INFO - 2024-10-07 07:06:47 --> Session: Class initialized using 'CodeIgniter\Session\Handlers\FileHandler' driver.
DEBUG - 2024-10-07 07:06:50 --> LocaleFilter triggered.
DEBUG - 2024-10-07 07:06:50 --> Locale set to: id
INFO - 2024-10-07 07:06:50 --> Session: Class initialized using 'CodeIgniter\Session\Handlers\FileHandler' driver.
DEBUG - 2024-10-07 07:07:10 --> LocaleFilter triggered.
DEBUG - 2024-10-07 07:07:10 --> Locale set to: id
INFO - 2024-10-07 07:07:10 --> Session: Class initialized using 'CodeIgniter\Session\Handlers\FileHandler' driver.
DEBUG - 2024-10-07 07:07:12 --> LocaleFilter triggered.
DEBUG - 2024-10-07 07:07:12 --> Locale set to: id
INFO - 2024-10-07 07:07:12 --> Session: Class initialized using 'CodeIgniter\Session\Handlers\FileHandler' driver.
DEBUG - 2024-10-07 07:07:43 --> LocaleFilter triggered.
DEBUG - 2024-10-07 07:07:43 --> Locale set to: id
INFO - 2024-10-07 07:07:43 --> Session: Class initialized using 'CodeIgniter\Session\Handlers\FileHandler' driver.
DEBUG - 2024-10-07 07:07:46 --> LocaleFilter triggered.
DEBUG - 2024-10-07 07:07:46 --> Locale set to default: id
INFO - 2024-10-07 07:07:46 --> Session: Class initialized using 'CodeIgniter\Session\Handlers\FileHandler' driver.
DEBUG - 2024-10-07 07:07:46 --> LocaleFilter triggered.
DEBUG - 2024-10-07 07:07:46 --> Locale set to: id
INFO - 2024-10-07 07:07:46 --> Session: Class initialized using 'CodeIgniter\Session\Handlers\FileHandler' driver.
DEBUG - 2024-10-07 07:07:55 --> LocaleFilter triggered.
DEBUG - 2024-10-07 07:07:55 --> Locale set to: id
INFO - 2024-10-07 07:07:55 --> Session: Class initialized using 'CodeIgniter\Session\Handlers\FileHandler' driver.
DEBUG - 2024-10-07 07:07:57 --> LocaleFilter triggered.
DEBUG - 2024-10-07 07:07:57 --> Locale set to: id
INFO - 2024-10-07 07:07:57 --> Session: Class initialized using 'CodeIgniter\Session\Handlers\FileHandler' driver.
DEBUG - 2024-10-07 07:07:59 --> LocaleFilter triggered.
DEBUG - 2024-10-07 07:07:59 --> Locale set to: id
INFO - 2024-10-07 07:07:59 --> Session: Class initialized using 'CodeIgniter\Session\Handlers\FileHandler' driver.
DEBUG - 2024-10-07 07:11:20 --> LocaleFilter triggered.
DEBUG - 2024-10-07 07:11:20 --> Locale set to: id
INFO - 2024-10-07 07:11:20 --> Session: Class initialized using 'CodeIgniter\Session\Handlers\FileHandler' driver.
DEBUG - 2024-10-07 07:11:23 --> LocaleFilter triggered.
DEBUG - 2024-10-07 07:11:23 --> Locale set to: id
INFO - 2024-10-07 07:11:23 --> Session: Class initialized using 'CodeIgniter\Session\Handlers\FileHandler' driver.
DEBUG - 2024-10-07 07:11:45 --> LocaleFilter triggered.
DEBUG - 2024-10-07 07:11:45 --> Locale set to: id
INFO - 2024-10-07 07:11:45 --> Session: Class initialized using 'CodeIgniter\Session\Handlers\FileHandler' driver.
DEBUG - 2024-10-07 07:11:47 --> LocaleFilter triggered.
DEBUG - 2024-10-07 07:11:47 --> Locale set to: id
INFO - 2024-10-07 07:11:47 --> Session: Class initialized using 'CodeIgniter\Session\Handlers\FileHandler' driver.
DEBUG - 2024-10-07 07:11:50 --> LocaleFilter triggered.
DEBUG - 2024-10-07 07:11:50 --> Locale set to: id
INFO - 2024-10-07 07:11:50 --> Session: Class initialized using 'CodeIgniter\Session\Handlers\FileHandler' driver.
DEBUG - 2024-10-07 07:11:52 --> LocaleFilter triggered.
DEBUG - 2024-10-07 07:11:52 --> Locale set to: id
INFO - 2024-10-07 07:11:52 --> Session: Class initialized using 'CodeIgniter\Session\Handlers\FileHandler' driver.
DEBUG - 2024-10-07 07:12:26 --> LocaleFilter triggered.
DEBUG - 2024-10-07 07:12:26 --> Locale set to: id
INFO - 2024-10-07 07:12:26 --> Session: Class initialized using 'CodeIgniter\Session\Handlers\FileHandler' driver.
DEBUG - 2024-10-07 07:12:29 --> LocaleFilter triggered.
DEBUG - 2024-10-07 07:12:29 --> Locale set to: id
INFO - 2024-10-07 07:12:29 --> Session: Class initialized using 'CodeIgniter\Session\Handlers\FileHandler' driver.
DEBUG - 2024-10-07 07:12:39 --> LocaleFilter triggered.
DEBUG - 2024-10-07 07:12:39 --> Locale set to: id
INFO - 2024-10-07 07:12:39 --> Session: Class initialized using 'CodeIgniter\Session\Handlers\FileHandler' driver.
DEBUG - 2024-10-07 07:12:45 --> LocaleFilter triggered.
DEBUG - 2024-10-07 07:12:45 --> Locale set to: id
INFO - 2024-10-07 07:12:45 --> Session: Class initialized using 'CodeIgniter\Session\Handlers\FileHandler' driver.
DEBUG - 2024-10-07 07:12:47 --> LocaleFilter triggered.
DEBUG - 2024-10-07 07:12:47 --> Locale set to: id
INFO - 2024-10-07 07:12:47 --> Session: Class initialized using 'CodeIgniter\Session\Handlers\FileHandler' driver.
DEBUG - 2024-10-07 07:12:48 --> LocaleFilter triggered.
DEBUG - 2024-10-07 07:12:48 --> Locale set to: id
INFO - 2024-10-07 07:12:48 --> Session: Class initialized using 'CodeIgniter\Session\Handlers\FileHandler' driver.
DEBUG - 2024-10-07 07:14:12 --> LocaleFilter triggered.
DEBUG - 2024-10-07 07:14:12 --> Locale set to: id
INFO - 2024-10-07 07:14:12 --> Session: Class initialized using 'CodeIgniter\Session\Handlers\FileHandler' driver.
DEBUG - 2024-10-07 07:14:18 --> LocaleFilter triggered.
DEBUG - 2024-10-07 07:14:18 --> Locale set to: id
INFO - 2024-10-07 07:14:18 --> Session: Class initialized using 'CodeIgniter\Session\Handlers\FileHandler' driver.
DEBUG - 2024-10-07 07:14:21 --> LocaleFilter triggered.
DEBUG - 2024-10-07 07:14:21 --> Locale set to: id
INFO - 2024-10-07 07:14:21 --> Session: Class initialized using 'CodeIgniter\Session\Handlers\FileHandler' driver.
DEBUG - 2024-10-07 07:14:23 --> LocaleFilter triggered.
DEBUG - 2024-10-07 07:14:23 --> Locale set to: id
INFO - 2024-10-07 07:14:23 --> Session: Class initialized using 'CodeIgniter\Session\Handlers\FileHandler' driver.
DEBUG - 2024-10-07 07:14:25 --> LocaleFilter triggered.
DEBUG - 2024-10-07 07:14:25 --> Locale set to: id
INFO - 2024-10-07 07:14:25 --> Session: Class initialized using 'CodeIgniter\Session\Handlers\FileHandler' driver.
DEBUG - 2024-10-07 07:14:27 --> LocaleFilter triggered.
DEBUG - 2024-10-07 07:14:27 --> Locale set to: id
INFO - 2024-10-07 07:14:27 --> Session: Class initialized using 'CodeIgniter\Session\Handlers\FileHandler' driver.
DEBUG - 2024-10-07 07:15:07 --> LocaleFilter triggered.
DEBUG - 2024-10-07 07:15:07 --> Locale set to: id
INFO - 2024-10-07 07:15:07 --> Session: Class initialized using 'CodeIgniter\Session\Handlers\FileHandler' driver.
DEBUG - 2024-10-07 07:15:08 --> LocaleFilter triggered.
DEBUG - 2024-10-07 07:15:08 --> Locale set to: id
INFO - 2024-10-07 07:15:08 --> Session: Class initialized using 'CodeIgniter\Session\Handlers\FileHandler' driver.
DEBUG - 2024-10-07 07:15:11 --> LocaleFilter triggered.
DEBUG - 2024-10-07 07:15:11 --> Locale set to: id
INFO - 2024-10-07 07:15:11 --> Session: Class initialized using 'CodeIgniter\Session\Handlers\FileHandler' driver.
DEBUG - 2024-10-07 07:15:13 --> LocaleFilter triggered.
DEBUG - 2024-10-07 07:15:13 --> Locale set to: id
INFO - 2024-10-07 07:15:13 --> Session: Class initialized using 'CodeIgniter\Session\Handlers\FileHandler' driver.
DEBUG - 2024-10-07 07:15:15 --> LocaleFilter triggered.
DEBUG - 2024-10-07 07:15:15 --> Locale set to: id
INFO - 2024-10-07 07:15:15 --> Session: Class initialized using 'CodeIgniter\Session\Handlers\FileHandler' driver.
DEBUG - 2024-10-07 08:47:13 --> LocaleFilter triggered.
DEBUG - 2024-10-07 08:47:13 --> Locale set to: id
INFO - 2024-10-07 08:47:13 --> Session: Class initialized using 'CodeIgniter\Session\Handlers\FileHandler' driver.
DEBUG - 2024-10-07 08:47:22 --> LocaleFilter triggered.
DEBUG - 2024-10-07 08:47:22 --> Locale set to default: id
INFO - 2024-10-07 08:47:22 --> Session: Class initialized using 'CodeIgniter\Session\Handlers\FileHandler' driver.
DEBUG - 2024-10-07 08:53:16 --> LocaleFilter triggered.
DEBUG - 2024-10-07 08:53:16 --> Locale set to default: id
DEBUG - 2024-10-07 08:53:16 --> LocaleFilter triggered.
DEBUG - 2024-10-07 08:53:16 --> Locale set to: id
INFO - 2024-10-07 08:53:16 --> Session: Class initialized using 'CodeIgniter\Session\Handlers\FileHandler' driver.
DEBUG - 2024-10-07 08:55:26 --> LocaleFilter triggered.
DEBUG - 2024-10-07 08:55:26 --> Locale set to: id
INFO - 2024-10-07 08:55:26 --> Session: Class initialized using 'CodeIgniter\Session\Handlers\FileHandler' driver.
DEBUG - 2024-10-07 09:03:41 --> LocaleFilter triggered.
DEBUG - 2024-10-07 09:03:41 --> Locale set to: id
INFO - 2024-10-07 09:03:41 --> Session: Class initialized using 'CodeIgniter\Session\Handlers\FileHandler' driver.
DEBUG - 2024-10-07 09:21:07 --> LocaleFilter triggered.
DEBUG - 2024-10-07 09:21:07 --> Locale set to default: id
DEBUG - 2024-10-07 09:21:08 --> LocaleFilter triggered.
DEBUG - 2024-10-07 09:21:08 --> Locale set to: id
INFO - 2024-10-07 09:21:08 --> Session: Class initialized using 'CodeIgniter\Session\Handlers\FileHandler' driver.
