INFO - 2024-12-06 03:16:05 --> Session: Class initialized using 'CodeIgniter\Session\Handlers\FileHandler' driver.
INFO - 2024-12-06 03:16:05 --> Session: Class initialized using 'CodeIgniter\Session\Handlers\FileHandler' driver.
INFO - 2024-12-06 03:16:43 --> Session: Class initialized using 'CodeIgniter\Session\Handlers\FileHandler' driver.
INFO - 2024-12-06 03:17:23 --> Session: Class initialized using 'CodeIgniter\Session\Handlers\FileHandler' driver.
INFO - 2024-12-06 03:17:23 --> CSRF token verified.
INFO - 2024-12-06 03:17:24 --> Session: Class initialized using 'CodeIgniter\Session\Handlers\FileHandler' driver.
INFO - 2024-12-06 03:17:43 --> Session: Class initialized using 'CodeIgniter\Session\Handlers\FileHandler' driver.
INFO - 2024-12-06 03:17:48 --> Session: Class initialized using 'CodeIgniter\Session\Handlers\FileHandler' driver.
INFO - 2024-12-06 03:21:55 --> Session: Class initialized using 'CodeIgniter\Session\Handlers\FileHandler' driver.
INFO - 2024-12-06 03:21:57 --> Session: Class initialized using 'CodeIgniter\Session\Handlers\FileHandler' driver.
INFO - 2024-12-06 04:02:25 --> Session: Class initialized using 'CodeIgniter\Session\Handlers\FileHandler' driver.
INFO - 2024-12-06 04:13:36 --> Session: Class initialized using 'CodeIgniter\Session\Handlers\FileHandler' driver.
INFO - 2024-12-06 04:14:17 --> Session: Class initialized using 'CodeIgniter\Session\Handlers\FileHandler' driver.
INFO - 2024-12-06 04:20:24 --> Session: Class initialized using 'CodeIgniter\Session\Handlers\FileHandler' driver.
INFO - 2024-12-06 04:20:30 --> Session: Class initialized using 'CodeIgniter\Session\Handlers\FileHandler' driver.
INFO - 2024-12-06 04:20:45 --> Session: Class initialized using 'CodeIgniter\Session\Handlers\FileHandler' driver.
INFO - 2024-12-06 04:22:11 --> Session: Class initialized using 'CodeIgniter\Session\Handlers\FileHandler' driver.
INFO - 2024-12-06 04:28:50 --> Session: Class initialized using 'CodeIgniter\Session\Handlers\FileHandler' driver.
INFO - 2024-12-06 04:28:54 --> Session: Class initialized using 'CodeIgniter\Session\Handlers\FileHandler' driver.
INFO - 2024-12-06 04:29:08 --> Session: Class initialized using 'CodeIgniter\Session\Handlers\FileHandler' driver.
INFO - 2024-12-06 04:30:40 --> Session: Class initialized using 'CodeIgniter\Session\Handlers\FileHandler' driver.
INFO - 2024-12-06 04:31:03 --> Session: Class initialized using 'CodeIgniter\Session\Handlers\FileHandler' driver.
INFO - 2024-12-06 04:45:07 --> Session: Class initialized using 'CodeIgniter\Session\Handlers\FileHandler' driver.
INFO - 2024-12-06 04:45:15 --> Session: Class initialized using 'CodeIgniter\Session\Handlers\FileHandler' driver.
INFO - 2024-12-06 04:47:14 --> Session: Class initialized using 'CodeIgniter\Session\Handlers\FileHandler' driver.
INFO - 2024-12-06 04:51:09 --> Session: Class initialized using 'CodeIgniter\Session\Handlers\FileHandler' driver.
INFO - 2024-12-06 04:54:51 --> Session: Class initialized using 'CodeIgniter\Session\Handlers\FileHandler' driver.
INFO - 2024-12-06 04:55:07 --> Session: Class initialized using 'CodeIgniter\Session\Handlers\FileHandler' driver.
INFO - 2024-12-06 04:55:15 --> Session: Class initialized using 'CodeIgniter\Session\Handlers\FileHandler' driver.
INFO - 2024-12-06 04:57:17 --> Session: Class initialized using 'CodeIgniter\Session\Handlers\FileHandler' driver.
INFO - 2024-12-06 04:57:20 --> Session: Class initialized using 'CodeIgniter\Session\Handlers\FileHandler' driver.
INFO - 2024-12-06 04:59:14 --> Session: Class initialized using 'CodeIgniter\Session\Handlers\FileHandler' driver.
INFO - 2024-12-06 05:00:26 --> Session: Class initialized using 'CodeIgniter\Session\Handlers\FileHandler' driver.
INFO - 2024-12-06 05:00:29 --> Session: Class initialized using 'CodeIgniter\Session\Handlers\FileHandler' driver.
INFO - 2024-12-06 05:00:42 --> Session: Class initialized using 'CodeIgniter\Session\Handlers\FileHandler' driver.
INFO - 2024-12-06 05:05:35 --> Session: Class initialized using 'CodeIgniter\Session\Handlers\FileHandler' driver.
INFO - 2024-12-06 05:06:07 --> Session: Class initialized using 'CodeIgniter\Session\Handlers\FileHandler' driver.
INFO - 2024-12-06 05:08:44 --> Session: Class initialized using 'CodeIgniter\Session\Handlers\FileHandler' driver.
INFO - 2024-12-06 05:10:44 --> Session: Class initialized using 'CodeIgniter\Session\Handlers\FileHandler' driver.
INFO - 2024-12-06 05:10:48 --> Session: Class initialized using 'CodeIgniter\Session\Handlers\FileHandler' driver.
INFO - 2024-12-06 05:10:51 --> Session: Class initialized using 'CodeIgniter\Session\Handlers\FileHandler' driver.
INFO - 2024-12-06 05:11:05 --> Session: Class initialized using 'CodeIgniter\Session\Handlers\FileHandler' driver.
INFO - 2024-12-06 05:20:12 --> Session: Class initialized using 'CodeIgniter\Session\Handlers\FileHandler' driver.
ERROR - 2024-12-06 05:20:12 --> mysqli_sql_exception: Table 'u1658729_elecompid.tb_artikelpbn' doesn't exist in C:\Users\WINDOWS\OneDrive\Documents\GitHub\Web_Elecomps\system\Database\MySQLi\Connection.php:295
Stack trace:
#0 C:\Users\WINDOWS\OneDrive\Documents\GitHub\Web_Elecomps\system\Database\MySQLi\Connection.php(295): mysqli->query('SELECT *\nFROM `...', 0)
#1 C:\Users\WINDOWS\OneDrive\Documents\GitHub\Web_Elecomps\system\Database\BaseConnection.php(692): CodeIgniter\Database\MySQLi\Connection->execute('SELECT *\nFROM `...')
#2 C:\Users\WINDOWS\OneDrive\Documents\GitHub\Web_Elecomps\system\Database\BaseConnection.php(606): CodeIgniter\Database\BaseConnection->simpleQuery('SELECT *\nFROM `...')
#3 C:\Users\WINDOWS\OneDrive\Documents\GitHub\Web_Elecomps\system\Database\BaseBuilder.php(1616): CodeIgniter\Database\BaseConnection->query('SELECT *\nFROM `...', Array, false)
#4 C:\Users\WINDOWS\OneDrive\Documents\GitHub\Web_Elecomps\system\Model.php(241): CodeIgniter\Database\BaseBuilder->get()
#5 C:\Users\WINDOWS\OneDrive\Documents\GitHub\Web_Elecomps\system\BaseModel.php(618): CodeIgniter\Model->doFindAll(0, 0)
#6 C:\Users\WINDOWS\OneDrive\Documents\GitHub\Web_Elecomps\app\Controllers\admin\ArtikelPBN.php(35): CodeIgniter\BaseModel->findAll()
#7 C:\Users\WINDOWS\OneDrive\Documents\GitHub\Web_Elecomps\system\CodeIgniter.php(932): App\Controllers\admin\ArtikelPBN->index()
#8 C:\Users\WINDOWS\OneDrive\Documents\GitHub\Web_Elecomps\system\CodeIgniter.php(497): CodeIgniter\CodeIgniter->runController(Object(App\Controllers\admin\ArtikelPBN))
#9 C:\Users\WINDOWS\OneDrive\Documents\GitHub\Web_Elecomps\system\CodeIgniter.php(366): CodeIgniter\CodeIgniter->handleRequest(NULL, Object(Config\Cache), false)
#10 C:\Users\WINDOWS\OneDrive\Documents\GitHub\Web_Elecomps\public\index.php(67): CodeIgniter\CodeIgniter->run()
#11 C:\Users\WINDOWS\OneDrive\Documents\GitHub\Web_Elecomps\system\Commands\Server\rewrite.php(47): require_once('C:\\Users\\WINDOW...')
#12 {main}
CRITICAL - 2024-12-06 05:20:12 --> Table 'u1658729_elecompid.tb_artikelpbn' doesn't exist
in SYSTEMPATH\Database\MySQLi\Connection.php on line 295.
 1 SYSTEMPATH\Database\MySQLi\Connection.php(295): mysqli->query('SELECT *
FROM `tb_artikelpbn`', 0)
 2 SYSTEMPATH\Database\BaseConnection.php(692): CodeIgniter\Database\MySQLi\Connection->execute('SELECT *
FROM `tb_artikelpbn`')
 3 SYSTEMPATH\Database\BaseConnection.php(606): CodeIgniter\Database\BaseConnection->simpleQuery('SELECT *
FROM `tb_artikelpbn`')
 4 SYSTEMPATH\Database\BaseBuilder.php(1616): CodeIgniter\Database\BaseConnection->query('SELECT *
FROM `tb_artikelpbn`', [], false)
 5 SYSTEMPATH\Model.php(241): CodeIgniter\Database\BaseBuilder->get()
 6 SYSTEMPATH\BaseModel.php(618): CodeIgniter\Model->doFindAll(0, 0)
 7 APPPATH\Controllers\admin\ArtikelPBN.php(35): CodeIgniter\BaseModel->findAll()
 8 SYSTEMPATH\CodeIgniter.php(932): App\Controllers\admin\ArtikelPBN->index()
 9 SYSTEMPATH\CodeIgniter.php(497): CodeIgniter\CodeIgniter->runController(Object(App\Controllers\admin\ArtikelPBN))
10 SYSTEMPATH\CodeIgniter.php(366): CodeIgniter\CodeIgniter->handleRequest(null, Object(Config\Cache), false)
11 FCPATH\index.php(67): CodeIgniter\CodeIgniter->run()
12 SYSTEMPATH\Commands\Server\rewrite.php(47): require_once('C:\\Users\\WINDOWS\\OneDrive\\Documents\\GitHub\\Web_Elecomps\\public\\index.php')
INFO - 2024-12-06 05:21:39 --> Session: Class initialized using 'CodeIgniter\Session\Handlers\FileHandler' driver.
CRITICAL - 2024-12-06 05:21:39 --> Invalid file: "admin/artikelpbn/index.php"
in SYSTEMPATH\Exceptions\FrameworkException.php on line 33.
 1 SYSTEMPATH\View\View.php(212): CodeIgniter\Exceptions\FrameworkException::forInvalidFile('admin/artikelpbn/index.php')
 2 SYSTEMPATH\Common.php(1180): CodeIgniter\View\View->render('admin/artikelpbn/index', [], true)
 3 APPPATH\Controllers\admin\ArtikelPBN.php(38): view('admin/artikelpbn/index', [...])
 4 SYSTEMPATH\CodeIgniter.php(932): App\Controllers\admin\ArtikelPBN->index()
 5 SYSTEMPATH\CodeIgniter.php(497): CodeIgniter\CodeIgniter->runController(Object(App\Controllers\admin\ArtikelPBN))
 6 SYSTEMPATH\CodeIgniter.php(366): CodeIgniter\CodeIgniter->handleRequest(null, Object(Config\Cache), false)
 7 FCPATH\index.php(67): CodeIgniter\CodeIgniter->run()
 8 SYSTEMPATH\Commands\Server\rewrite.php(47): require_once('C:\\Users\\WINDOWS\\OneDrive\\Documents\\GitHub\\Web_Elecomps\\public\\index.php')
INFO - 2024-12-06 05:25:16 --> Session: Class initialized using 'CodeIgniter\Session\Handlers\FileHandler' driver.
CRITICAL - 2024-12-06 05:25:16 --> Invalid file: "admin/pbn/index.php"
in SYSTEMPATH\Exceptions\FrameworkException.php on line 33.
 1 SYSTEMPATH\View\View.php(212): CodeIgniter\Exceptions\FrameworkException::forInvalidFile('admin/pbn/index.php')
 2 SYSTEMPATH\Common.php(1180): CodeIgniter\View\View->render('admin/pbn/index', [], true)
 3 APPPATH\Controllers\admin\ArtikelPBN.php(38): view('admin/pbn/index', [...])
 4 SYSTEMPATH\CodeIgniter.php(932): App\Controllers\admin\ArtikelPBN->index()
 5 SYSTEMPATH\CodeIgniter.php(497): CodeIgniter\CodeIgniter->runController(Object(App\Controllers\admin\ArtikelPBN))
 6 SYSTEMPATH\CodeIgniter.php(366): CodeIgniter\CodeIgniter->handleRequest(null, Object(Config\Cache), false)
 7 FCPATH\index.php(67): CodeIgniter\CodeIgniter->run()
 8 SYSTEMPATH\Commands\Server\rewrite.php(47): require_once('C:\\Users\\WINDOWS\\OneDrive\\Documents\\GitHub\\Web_Elecomps\\public\\index.php')
INFO - 2024-12-06 05:25:19 --> Session: Class initialized using 'CodeIgniter\Session\Handlers\FileHandler' driver.
CRITICAL - 2024-12-06 05:25:19 --> Invalid file: "admin/pbn/index.php"
in SYSTEMPATH\Exceptions\FrameworkException.php on line 33.
 1 SYSTEMPATH\View\View.php(212): CodeIgniter\Exceptions\FrameworkException::forInvalidFile('admin/pbn/index.php')
 2 SYSTEMPATH\Common.php(1180): CodeIgniter\View\View->render('admin/pbn/index', [], true)
 3 APPPATH\Controllers\admin\ArtikelPBN.php(38): view('admin/pbn/index', [...])
 4 SYSTEMPATH\CodeIgniter.php(932): App\Controllers\admin\ArtikelPBN->index()
 5 SYSTEMPATH\CodeIgniter.php(497): CodeIgniter\CodeIgniter->runController(Object(App\Controllers\admin\ArtikelPBN))
 6 SYSTEMPATH\CodeIgniter.php(366): CodeIgniter\CodeIgniter->handleRequest(null, Object(Config\Cache), false)
 7 FCPATH\index.php(67): CodeIgniter\CodeIgniter->run()
 8 SYSTEMPATH\Commands\Server\rewrite.php(47): require_once('C:\\Users\\WINDOWS\\OneDrive\\Documents\\GitHub\\Web_Elecomps\\public\\index.php')
INFO - 2024-12-06 05:26:36 --> Session: Class initialized using 'CodeIgniter\Session\Handlers\FileHandler' driver.
CRITICAL - 2024-12-06 05:26:36 --> Invalid file: "admin/pbn/index.php"
in SYSTEMPATH\Exceptions\FrameworkException.php on line 33.
 1 SYSTEMPATH\View\View.php(212): CodeIgniter\Exceptions\FrameworkException::forInvalidFile('admin/pbn/index.php')
 2 SYSTEMPATH\Common.php(1180): CodeIgniter\View\View->render('admin/pbn/index', [], true)
 3 APPPATH\Controllers\admin\ArtikelPBN.php(38): view('admin/pbn/index', [...])
 4 SYSTEMPATH\CodeIgniter.php(932): App\Controllers\admin\ArtikelPBN->index()
 5 SYSTEMPATH\CodeIgniter.php(497): CodeIgniter\CodeIgniter->runController(Object(App\Controllers\admin\ArtikelPBN))
 6 SYSTEMPATH\CodeIgniter.php(366): CodeIgniter\CodeIgniter->handleRequest(null, Object(Config\Cache), false)
 7 FCPATH\index.php(67): CodeIgniter\CodeIgniter->run()
 8 SYSTEMPATH\Commands\Server\rewrite.php(47): require_once('C:\\Users\\WINDOWS\\OneDrive\\Documents\\GitHub\\Web_Elecomps\\public\\index.php')
INFO - 2024-12-06 05:37:41 --> Session: Class initialized using 'CodeIgniter\Session\Handlers\FileHandler' driver.
CRITICAL - 2024-12-06 05:37:41 --> Invalid file: "admin/pbn/index.php"
in SYSTEMPATH\Exceptions\FrameworkException.php on line 33.
 1 SYSTEMPATH\View\View.php(212): CodeIgniter\Exceptions\FrameworkException::forInvalidFile('admin/pbn/index.php')
 2 SYSTEMPATH\Common.php(1180): CodeIgniter\View\View->render('admin/pbn/index', [], true)
 3 APPPATH\Controllers\admin\ArtikelPBN.php(38): view('admin/pbn/index', [...])
 4 SYSTEMPATH\CodeIgniter.php(932): App\Controllers\admin\ArtikelPBN->index()
 5 SYSTEMPATH\CodeIgniter.php(497): CodeIgniter\CodeIgniter->runController(Object(App\Controllers\admin\ArtikelPBN))
 6 SYSTEMPATH\CodeIgniter.php(366): CodeIgniter\CodeIgniter->handleRequest(null, Object(Config\Cache), false)
 7 FCPATH\index.php(67): CodeIgniter\CodeIgniter->run()
 8 SYSTEMPATH\Commands\Server\rewrite.php(47): require_once('C:\\Users\\WINDOWS\\OneDrive\\Documents\\GitHub\\Web_Elecomps\\public\\index.php')
INFO - 2024-12-06 05:39:35 --> Session: Class initialized using 'CodeIgniter\Session\Handlers\FileHandler' driver.
CRITICAL - 2024-12-06 05:39:35 --> Invalid file: "admin/pbn/index.php"
in SYSTEMPATH\Exceptions\FrameworkException.php on line 33.
 1 SYSTEMPATH\View\View.php(212): CodeIgniter\Exceptions\FrameworkException::forInvalidFile('admin/pbn/index.php')
 2 SYSTEMPATH\Common.php(1180): CodeIgniter\View\View->render('admin/pbn/index', [], true)
 3 APPPATH\Controllers\admin\ArtikelPBN.php(38): view('admin/pbn/index', [...])
 4 SYSTEMPATH\CodeIgniter.php(932): App\Controllers\admin\ArtikelPBN->index()
 5 SYSTEMPATH\CodeIgniter.php(497): CodeIgniter\CodeIgniter->runController(Object(App\Controllers\admin\ArtikelPBN))
 6 SYSTEMPATH\CodeIgniter.php(366): CodeIgniter\CodeIgniter->handleRequest(null, Object(Config\Cache), false)
 7 FCPATH\index.php(67): CodeIgniter\CodeIgniter->run()
 8 SYSTEMPATH\Commands\Server\rewrite.php(47): require_once('C:\\Users\\WINDOWS\\OneDrive\\Documents\\GitHub\\Web_Elecomps\\public\\index.php')
INFO - 2024-12-06 05:42:49 --> Session: Class initialized using 'CodeIgniter\Session\Handlers\FileHandler' driver.
CRITICAL - 2024-12-06 05:42:49 --> Invalid file: "admin/pbn/index.php"
in SYSTEMPATH\Exceptions\FrameworkException.php on line 33.
 1 SYSTEMPATH\View\View.php(212): CodeIgniter\Exceptions\FrameworkException::forInvalidFile('admin/pbn/index.php')
 2 SYSTEMPATH\Common.php(1180): CodeIgniter\View\View->render('admin/pbn/index', [], true)
 3 APPPATH\Controllers\admin\ArtikelPBN.php(38): view('admin/pbn/index', [...])
 4 SYSTEMPATH\CodeIgniter.php(932): App\Controllers\admin\ArtikelPBN->index()
 5 SYSTEMPATH\CodeIgniter.php(497): CodeIgniter\CodeIgniter->runController(Object(App\Controllers\admin\ArtikelPBN))
 6 SYSTEMPATH\CodeIgniter.php(366): CodeIgniter\CodeIgniter->handleRequest(null, Object(Config\Cache), false)
 7 FCPATH\index.php(67): CodeIgniter\CodeIgniter->run()
 8 SYSTEMPATH\Commands\Server\rewrite.php(47): require_once('C:\\Users\\WINDOWS\\OneDrive\\Documents\\GitHub\\Web_Elecomps\\public\\index.php')
INFO - 2024-12-06 05:45:33 --> Session: Class initialized using 'CodeIgniter\Session\Handlers\FileHandler' driver.
CRITICAL - 2024-12-06 05:45:33 --> Invalid file: "admin/pbn/index.php"
in SYSTEMPATH\Exceptions\FrameworkException.php on line 33.
 1 SYSTEMPATH\View\View.php(212): CodeIgniter\Exceptions\FrameworkException::forInvalidFile('admin/pbn/index.php')
 2 SYSTEMPATH\Common.php(1180): CodeIgniter\View\View->render('admin/pbn/index', [], true)
 3 APPPATH\Controllers\admin\ArtikelPBN.php(38): view('admin/pbn/index', [...])
 4 SYSTEMPATH\CodeIgniter.php(932): App\Controllers\admin\ArtikelPBN->index()
 5 SYSTEMPATH\CodeIgniter.php(497): CodeIgniter\CodeIgniter->runController(Object(App\Controllers\admin\ArtikelPBN))
 6 SYSTEMPATH\CodeIgniter.php(366): CodeIgniter\CodeIgniter->handleRequest(null, Object(Config\Cache), false)
 7 FCPATH\index.php(67): CodeIgniter\CodeIgniter->run()
 8 SYSTEMPATH\Commands\Server\rewrite.php(47): require_once('C:\\Users\\WINDOWS\\OneDrive\\Documents\\GitHub\\Web_Elecomps\\public\\index.php')
INFO - 2024-12-06 05:50:47 --> Session: Class initialized using 'CodeIgniter\Session\Handlers\FileHandler' driver.
CRITICAL - 2024-12-06 05:50:47 --> Invalid file: "admin/pbn/index.php"
in SYSTEMPATH\Exceptions\FrameworkException.php on line 33.
 1 SYSTEMPATH\View\View.php(212): CodeIgniter\Exceptions\FrameworkException::forInvalidFile('admin/pbn/index.php')
 2 SYSTEMPATH\Common.php(1180): CodeIgniter\View\View->render('admin/pbn/index', [], true)
 3 APPPATH\Controllers\admin\ArtikelPBN.php(38): view('admin/pbn/index', [...])
 4 SYSTEMPATH\CodeIgniter.php(932): App\Controllers\admin\ArtikelPBN->index()
 5 SYSTEMPATH\CodeIgniter.php(497): CodeIgniter\CodeIgniter->runController(Object(App\Controllers\admin\ArtikelPBN))
 6 SYSTEMPATH\CodeIgniter.php(366): CodeIgniter\CodeIgniter->handleRequest(null, Object(Config\Cache), false)
 7 FCPATH\index.php(67): CodeIgniter\CodeIgniter->run()
 8 SYSTEMPATH\Commands\Server\rewrite.php(47): require_once('C:\\Users\\WINDOWS\\OneDrive\\Documents\\GitHub\\Web_Elecomps\\public\\index.php')
INFO - 2024-12-06 05:55:21 --> Session: Class initialized using 'CodeIgniter\Session\Handlers\FileHandler' driver.
CRITICAL - 2024-12-06 05:55:22 --> Invalid file: "admin/pbn/index.php"
in SYSTEMPATH\Exceptions\FrameworkException.php on line 33.
 1 SYSTEMPATH\View\View.php(212): CodeIgniter\Exceptions\FrameworkException::forInvalidFile('admin/pbn/index.php')
 2 SYSTEMPATH\Common.php(1180): CodeIgniter\View\View->render('admin/pbn/index', [], true)
 3 APPPATH\Controllers\admin\ArtikelPBN.php(38): view('admin/pbn/index', [...])
 4 SYSTEMPATH\CodeIgniter.php(932): App\Controllers\admin\ArtikelPBN->index()
 5 SYSTEMPATH\CodeIgniter.php(497): CodeIgniter\CodeIgniter->runController(Object(App\Controllers\admin\ArtikelPBN))
 6 SYSTEMPATH\CodeIgniter.php(366): CodeIgniter\CodeIgniter->handleRequest(null, Object(Config\Cache), false)
 7 FCPATH\index.php(67): CodeIgniter\CodeIgniter->run()
 8 SYSTEMPATH\Commands\Server\rewrite.php(47): require_once('C:\\Users\\WINDOWS\\OneDrive\\Documents\\GitHub\\Web_Elecomps\\public\\index.php')
INFO - 2024-12-06 05:58:40 --> Session: Class initialized using 'CodeIgniter\Session\Handlers\FileHandler' driver.
CRITICAL - 2024-12-06 05:58:40 --> Invalid file: "admin/pbn/index.php"
in SYSTEMPATH\Exceptions\FrameworkException.php on line 33.
 1 SYSTEMPATH\View\View.php(212): CodeIgniter\Exceptions\FrameworkException::forInvalidFile('admin/pbn/index.php')
 2 SYSTEMPATH\Common.php(1180): CodeIgniter\View\View->render('admin/pbn/index', [], true)
 3 APPPATH\Controllers\admin\ArtikelPBN.php(38): view('admin/pbn/index', [...])
 4 SYSTEMPATH\CodeIgniter.php(932): App\Controllers\admin\ArtikelPBN->index()
 5 SYSTEMPATH\CodeIgniter.php(497): CodeIgniter\CodeIgniter->runController(Object(App\Controllers\admin\ArtikelPBN))
 6 SYSTEMPATH\CodeIgniter.php(366): CodeIgniter\CodeIgniter->handleRequest(null, Object(Config\Cache), false)
 7 FCPATH\index.php(67): CodeIgniter\CodeIgniter->run()
 8 SYSTEMPATH\Commands\Server\rewrite.php(47): require_once('C:\\Users\\WINDOWS\\OneDrive\\Documents\\GitHub\\Web_Elecomps\\public\\index.php')
INFO - 2024-12-06 06:22:47 --> Session: Class initialized using 'CodeIgniter\Session\Handlers\FileHandler' driver.
CRITICAL - 2024-12-06 06:22:47 --> Invalid file: "admin/pbn/index.php"
in SYSTEMPATH\Exceptions\FrameworkException.php on line 33.
 1 SYSTEMPATH\View\View.php(212): CodeIgniter\Exceptions\FrameworkException::forInvalidFile('admin/pbn/index.php')
 2 SYSTEMPATH\Common.php(1180): CodeIgniter\View\View->render('admin/pbn/index', [], true)
 3 APPPATH\Controllers\admin\ArtikelPBN.php(38): view('admin/pbn/index', [...])
 4 SYSTEMPATH\CodeIgniter.php(932): App\Controllers\admin\ArtikelPBN->index()
 5 SYSTEMPATH\CodeIgniter.php(497): CodeIgniter\CodeIgniter->runController(Object(App\Controllers\admin\ArtikelPBN))
 6 SYSTEMPATH\CodeIgniter.php(366): CodeIgniter\CodeIgniter->handleRequest(null, Object(Config\Cache), false)
 7 FCPATH\index.php(67): CodeIgniter\CodeIgniter->run()
 8 SYSTEMPATH\Commands\Server\rewrite.php(47): require_once('C:\\Users\\WINDOWS\\OneDrive\\Documents\\GitHub\\Web_Elecomps\\public\\index.php')
INFO - 2024-12-06 08:15:19 --> Session: Class initialized using 'CodeIgniter\Session\Handlers\FileHandler' driver.
CRITICAL - 2024-12-06 08:15:19 --> Invalid file: "admin/pbn/index.php"
in SYSTEMPATH\Exceptions\FrameworkException.php on line 33.
 1 SYSTEMPATH\View\View.php(212): CodeIgniter\Exceptions\FrameworkException::forInvalidFile('admin/pbn/index.php')
 2 SYSTEMPATH\Common.php(1180): CodeIgniter\View\View->render('admin/pbn/index', [], true)
 3 APPPATH\Controllers\admin\ArtikelPBN.php(38): view('admin/pbn/index', [...])
 4 SYSTEMPATH\CodeIgniter.php(932): App\Controllers\admin\ArtikelPBN->index()
 5 SYSTEMPATH\CodeIgniter.php(497): CodeIgniter\CodeIgniter->runController(Object(App\Controllers\admin\ArtikelPBN))
 6 SYSTEMPATH\CodeIgniter.php(366): CodeIgniter\CodeIgniter->handleRequest(null, Object(Config\Cache), false)
 7 FCPATH\index.php(67): CodeIgniter\CodeIgniter->run()
 8 SYSTEMPATH\Commands\Server\rewrite.php(47): require_once('C:\\Users\\WINDOWS\\OneDrive\\Documents\\GitHub\\Web_Elecomps\\public\\index.php')
INFO - 2024-12-06 08:51:11 --> Session: Class initialized using 'CodeIgniter\Session\Handlers\FileHandler' driver.
CRITICAL - 2024-12-06 08:51:11 --> Invalid file: "admin/pbn/index.php"
in SYSTEMPATH\Exceptions\FrameworkException.php on line 33.
 1 SYSTEMPATH\View\View.php(212): CodeIgniter\Exceptions\FrameworkException::forInvalidFile('admin/pbn/index.php')
 2 SYSTEMPATH\Common.php(1180): CodeIgniter\View\View->render('admin/pbn/index', [], true)
 3 APPPATH\Controllers\admin\ArtikelPBN.php(38): view('admin/pbn/index', [...])
 4 SYSTEMPATH\CodeIgniter.php(932): App\Controllers\admin\ArtikelPBN->index()
 5 SYSTEMPATH\CodeIgniter.php(497): CodeIgniter\CodeIgniter->runController(Object(App\Controllers\admin\ArtikelPBN))
 6 SYSTEMPATH\CodeIgniter.php(366): CodeIgniter\CodeIgniter->handleRequest(null, Object(Config\Cache), false)
 7 FCPATH\index.php(67): CodeIgniter\CodeIgniter->run()
 8 SYSTEMPATH\Commands\Server\rewrite.php(47): require_once('C:\\Users\\WINDOWS\\OneDrive\\Documents\\GitHub\\Web_Elecomps\\public\\index.php')
INFO - 2024-12-06 09:04:15 --> Session: Class initialized using 'CodeIgniter\Session\Handlers\FileHandler' driver.
CRITICAL - 2024-12-06 09:04:15 --> Invalid file: "admin/pbn/index.php"
in SYSTEMPATH\Exceptions\FrameworkException.php on line 33.
 1 SYSTEMPATH\View\View.php(212): CodeIgniter\Exceptions\FrameworkException::forInvalidFile('admin/pbn/index.php')
 2 SYSTEMPATH\Common.php(1180): CodeIgniter\View\View->render('admin/pbn/index', [], true)
 3 APPPATH\Controllers\admin\ArtikelPBN.php(38): view('admin/pbn/index', [...])
 4 SYSTEMPATH\CodeIgniter.php(932): App\Controllers\admin\ArtikelPBN->index()
 5 SYSTEMPATH\CodeIgniter.php(497): CodeIgniter\CodeIgniter->runController(Object(App\Controllers\admin\ArtikelPBN))
 6 SYSTEMPATH\CodeIgniter.php(366): CodeIgniter\CodeIgniter->handleRequest(null, Object(Config\Cache), false)
 7 FCPATH\index.php(67): CodeIgniter\CodeIgniter->run()
 8 SYSTEMPATH\Commands\Server\rewrite.php(47): require_once('C:\\Users\\WINDOWS\\OneDrive\\Documents\\GitHub\\Web_Elecomps\\public\\index.php')
INFO - 2024-12-06 09:33:35 --> Session: Class initialized using 'CodeIgniter\Session\Handlers\FileHandler' driver.
CRITICAL - 2024-12-06 09:33:35 --> Invalid file: "admin/pbn/index.php"
in SYSTEMPATH\Exceptions\FrameworkException.php on line 33.
 1 SYSTEMPATH\View\View.php(212): CodeIgniter\Exceptions\FrameworkException::forInvalidFile('admin/pbn/index.php')
 2 SYSTEMPATH\Common.php(1180): CodeIgniter\View\View->render('admin/pbn/index', [], true)
 3 APPPATH\Controllers\admin\ArtikelPBN.php(38): view('admin/pbn/index', [...])
 4 SYSTEMPATH\CodeIgniter.php(932): App\Controllers\admin\ArtikelPBN->index()
 5 SYSTEMPATH\CodeIgniter.php(497): CodeIgniter\CodeIgniter->runController(Object(App\Controllers\admin\ArtikelPBN))
 6 SYSTEMPATH\CodeIgniter.php(366): CodeIgniter\CodeIgniter->handleRequest(null, Object(Config\Cache), false)
 7 FCPATH\index.php(67): CodeIgniter\CodeIgniter->run()
 8 SYSTEMPATH\Commands\Server\rewrite.php(47): require_once('C:\\Users\\WINDOWS\\OneDrive\\Documents\\GitHub\\Web_Elecomps\\public\\index.php')
INFO - 2024-12-06 09:36:24 --> Session: Class initialized using 'CodeIgniter\Session\Handlers\FileHandler' driver.
CRITICAL - 2024-12-06 09:36:24 --> Invalid file: "admin/pbn/index.php"
in SYSTEMPATH\Exceptions\FrameworkException.php on line 33.
 1 SYSTEMPATH\View\View.php(212): CodeIgniter\Exceptions\FrameworkException::forInvalidFile('admin/pbn/index.php')
 2 SYSTEMPATH\Common.php(1180): CodeIgniter\View\View->render('admin/pbn/index', [], true)
 3 APPPATH\Controllers\admin\ArtikelPBN.php(39): view('admin/pbn/index', [...])
 4 SYSTEMPATH\CodeIgniter.php(932): App\Controllers\admin\ArtikelPBN->index()
 5 SYSTEMPATH\CodeIgniter.php(497): CodeIgniter\CodeIgniter->runController(Object(App\Controllers\admin\ArtikelPBN))
 6 SYSTEMPATH\CodeIgniter.php(366): CodeIgniter\CodeIgniter->handleRequest(null, Object(Config\Cache), false)
 7 FCPATH\index.php(67): CodeIgniter\CodeIgniter->run()
 8 SYSTEMPATH\Commands\Server\rewrite.php(47): require_once('C:\\Users\\WINDOWS\\OneDrive\\Documents\\GitHub\\Web_Elecomps\\public\\index.php')
INFO - 2024-12-06 09:37:58 --> Session: Class initialized using 'CodeIgniter\Session\Handlers\FileHandler' driver.
INFO - 2024-12-06 09:42:52 --> Session: Class initialized using 'CodeIgniter\Session\Handlers\FileHandler' driver.
INFO - 2024-12-06 09:43:52 --> Session: Class initialized using 'CodeIgniter\Session\Handlers\FileHandler' driver.
INFO - 2024-12-06 09:49:50 --> Session: Class initialized using 'CodeIgniter\Session\Handlers\FileHandler' driver.
INFO - 2024-12-06 09:51:27 --> Session: Class initialized using 'CodeIgniter\Session\Handlers\FileHandler' driver.
INFO - 2024-12-06 09:51:31 --> Session: Class initialized using 'CodeIgniter\Session\Handlers\FileHandler' driver.
INFO - 2024-12-06 09:55:06 --> Session: Class initialized using 'CodeIgniter\Session\Handlers\FileHandler' driver.
INFO - 2024-12-06 09:55:13 --> Session: Class initialized using 'CodeIgniter\Session\Handlers\FileHandler' driver.
INFO - 2024-12-06 09:55:16 --> Session: Class initialized using 'CodeIgniter\Session\Handlers\FileHandler' driver.
INFO - 2024-12-06 09:58:55 --> Session: Class initialized using 'CodeIgniter\Session\Handlers\FileHandler' driver.
INFO - 2024-12-06 10:02:50 --> Session: Class initialized using 'CodeIgniter\Session\Handlers\FileHandler' driver.
INFO - 2024-12-06 10:03:01 --> Session: Class initialized using 'CodeIgniter\Session\Handlers\FileHandler' driver.
INFO - 2024-12-06 10:03:04 --> Session: Class initialized using 'CodeIgniter\Session\Handlers\FileHandler' driver.
INFO - 2024-12-06 10:04:11 --> Session: Class initialized using 'CodeIgniter\Session\Handlers\FileHandler' driver.
INFO - 2024-12-06 11:08:34 --> Session: Class initialized using 'CodeIgniter\Session\Handlers\FileHandler' driver.
