DEBUG - 2024-09-30 04:17:36 --> LocaleFilter triggered.
DEBUG - 2024-09-30 04:17:36 --> Locale set to: id
INFO - 2024-09-30 04:17:36 --> Session: Class initialized using 'CodeIgniter\Session\Handlers\FileHandler' driver.
ERROR - 2024-09-30 04:17:41 --> Error connecting to the database: mysqli_sql_exception: No connection could be made because the target machine actively refused it in C:\projectcomp\projek5\elecompid\41\system\Database\MySQLi\Connection.php:173
Stack trace:
#0 C:\projectcomp\projek5\elecompid\41\system\Database\MySQLi\Connection.php(173): mysqli->real_connect('localhost', 'root', Object(SensitiveParameterValue), 'u1658729_elecom...', 3306, '', 0)
#1 C:\projectcomp\projek5\elecompid\41\system\Database\BaseConnection.php(391): CodeIgniter\Database\MySQLi\Connection->connect(false)
#2 C:\projectcomp\projek5\elecompid\41\system\Database\BaseConnection.php(574): CodeIgniter\Database\BaseConnection->initialize()
#3 C:\projectcomp\projek5\elecompid\41\system\Database\BaseBuilder.php(1616): CodeIgniter\Database\BaseConnection->query('SELECT *\nFROM `...', Array, false)
#4 C:\projectcomp\projek5\elecompid\41\system\Model.php(241): CodeIgniter\Database\BaseBuilder->get()
#5 C:\projectcomp\projek5\elecompid\41\system\BaseModel.php(618): CodeIgniter\Model->doFindAll(0, 0)
#6 C:\projectcomp\projek5\elecompid\41\app\Controllers\user\Homectrl.php(29): CodeIgniter\BaseModel->findAll()
#7 C:\projectcomp\projek5\elecompid\41\system\CodeIgniter.php(932): App\Controllers\user\Homectrl->index()
#8 C:\projectcomp\projek5\elecompid\41\system\CodeIgniter.php(497): CodeIgniter\CodeIgniter->runController(Object(App\Controllers\user\Homectrl))
#9 C:\projectcomp\projek5\elecompid\41\system\CodeIgniter.php(366): CodeIgniter\CodeIgniter->handleRequest(NULL, Object(Config\Cache), false)
#10 C:\projectcomp\projek5\elecompid\41\public\index.php(67): CodeIgniter\CodeIgniter->run()
#11 C:\projectcomp\projek5\elecompid\41\system\Commands\Server\rewrite.php(47): require_once('C:\\projectcomp\\...')
#12 {main}

Next CodeIgniter\Database\Exceptions\DatabaseException: No connection could be made because the target machine actively refused it in C:\projectcomp\projek5\elecompid\41\system\Database\MySQLi\Connection.php:218
Stack trace:
#0 C:\projectcomp\projek5\elecompid\41\system\Database\BaseConnection.php(391): CodeIgniter\Database\MySQLi\Connection->connect(false)
#1 C:\projectcomp\projek5\elecompid\41\system\Database\BaseConnection.php(574): CodeIgniter\Database\BaseConnection->initialize()
#2 C:\projectcomp\projek5\elecompid\41\system\Database\BaseBuilder.php(1616): CodeIgniter\Database\BaseConnection->query('SELECT *\nFROM `...', Array, false)
#3 C:\projectcomp\projek5\elecompid\41\system\Model.php(241): CodeIgniter\Database\BaseBuilder->get()
#4 C:\projectcomp\projek5\elecompid\41\system\BaseModel.php(618): CodeIgniter\Model->doFindAll(0, 0)
#5 C:\projectcomp\projek5\elecompid\41\app\Controllers\user\Homectrl.php(29): CodeIgniter\BaseModel->findAll()
#6 C:\projectcomp\projek5\elecompid\41\system\CodeIgniter.php(932): App\Controllers\user\Homectrl->index()
#7 C:\projectcomp\projek5\elecompid\41\system\CodeIgniter.php(497): CodeIgniter\CodeIgniter->runController(Object(App\Controllers\user\Homectrl))
#8 C:\projectcomp\projek5\elecompid\41\system\CodeIgniter.php(366): CodeIgniter\CodeIgniter->handleRequest(NULL, Object(Config\Cache), false)
#9 C:\projectcomp\projek5\elecompid\41\public\index.php(67): CodeIgniter\CodeIgniter->run()
#10 C:\projectcomp\projek5\elecompid\41\system\Commands\Server\rewrite.php(47): require_once('C:\\projectcomp\\...')
#11 {main}
CRITICAL - 2024-09-30 04:17:41 --> Unable to connect to the database.
Main connection [MySQLi]: No connection could be made because the target machine actively refused it
in SYSTEMPATH\Database\BaseConnection.php on line 427.
 1 SYSTEMPATH\Database\BaseConnection.php(574): CodeIgniter\Database\BaseConnection->initialize()
 2 SYSTEMPATH\Database\BaseBuilder.php(1616): CodeIgniter\Database\BaseConnection->query('SELECT *
FROM `tb_profil`', [], false)
 3 SYSTEMPATH\Model.php(241): CodeIgniter\Database\BaseBuilder->get()
 4 SYSTEMPATH\BaseModel.php(618): CodeIgniter\Model->doFindAll(0, 0)
 5 APPPATH\Controllers\user\Homectrl.php(29): CodeIgniter\BaseModel->findAll()
 6 SYSTEMPATH\CodeIgniter.php(932): App\Controllers\user\Homectrl->index()
 7 SYSTEMPATH\CodeIgniter.php(497): CodeIgniter\CodeIgniter->runController(Object(App\Controllers\user\Homectrl))
 8 SYSTEMPATH\CodeIgniter.php(366): CodeIgniter\CodeIgniter->handleRequest(null, Object(Config\Cache), false)
 9 FCPATH\index.php(67): CodeIgniter\CodeIgniter->run()
10 SYSTEMPATH\Commands\Server\rewrite.php(47): require_once('C:\\projectcomp\\projek5\\elecompid\\41\\public\\index.php')
DEBUG - 2024-09-30 04:17:51 --> LocaleFilter triggered.
DEBUG - 2024-09-30 04:17:51 --> Locale set to: id
INFO - 2024-09-30 04:17:51 --> Session: Class initialized using 'CodeIgniter\Session\Handlers\FileHandler' driver.
ERROR - 2024-09-30 04:17:55 --> Error connecting to the database: mysqli_sql_exception: No connection could be made because the target machine actively refused it in C:\projectcomp\projek5\elecompid\41\system\Database\MySQLi\Connection.php:173
Stack trace:
#0 C:\projectcomp\projek5\elecompid\41\system\Database\MySQLi\Connection.php(173): mysqli->real_connect('localhost', 'root', Object(SensitiveParameterValue), 'u1658729_elecom...', 3306, '', 0)
#1 C:\projectcomp\projek5\elecompid\41\system\Database\BaseConnection.php(391): CodeIgniter\Database\MySQLi\Connection->connect(false)
#2 C:\projectcomp\projek5\elecompid\41\system\Database\BaseConnection.php(574): CodeIgniter\Database\BaseConnection->initialize()
#3 C:\projectcomp\projek5\elecompid\41\system\Database\BaseBuilder.php(1616): CodeIgniter\Database\BaseConnection->query('SELECT *\nFROM `...', Array, false)
#4 C:\projectcomp\projek5\elecompid\41\system\Model.php(241): CodeIgniter\Database\BaseBuilder->get()
#5 C:\projectcomp\projek5\elecompid\41\system\BaseModel.php(618): CodeIgniter\Model->doFindAll(0, 0)
#6 C:\projectcomp\projek5\elecompid\41\app\Controllers\user\Homectrl.php(29): CodeIgniter\BaseModel->findAll()
#7 C:\projectcomp\projek5\elecompid\41\system\CodeIgniter.php(932): App\Controllers\user\Homectrl->index()
#8 C:\projectcomp\projek5\elecompid\41\system\CodeIgniter.php(497): CodeIgniter\CodeIgniter->runController(Object(App\Controllers\user\Homectrl))
#9 C:\projectcomp\projek5\elecompid\41\system\CodeIgniter.php(366): CodeIgniter\CodeIgniter->handleRequest(NULL, Object(Config\Cache), false)
#10 C:\projectcomp\projek5\elecompid\41\public\index.php(67): CodeIgniter\CodeIgniter->run()
#11 C:\projectcomp\projek5\elecompid\41\system\Commands\Server\rewrite.php(47): require_once('C:\\projectcomp\\...')
#12 {main}

Next CodeIgniter\Database\Exceptions\DatabaseException: No connection could be made because the target machine actively refused it in C:\projectcomp\projek5\elecompid\41\system\Database\MySQLi\Connection.php:218
Stack trace:
#0 C:\projectcomp\projek5\elecompid\41\system\Database\BaseConnection.php(391): CodeIgniter\Database\MySQLi\Connection->connect(false)
#1 C:\projectcomp\projek5\elecompid\41\system\Database\BaseConnection.php(574): CodeIgniter\Database\BaseConnection->initialize()
#2 C:\projectcomp\projek5\elecompid\41\system\Database\BaseBuilder.php(1616): CodeIgniter\Database\BaseConnection->query('SELECT *\nFROM `...', Array, false)
#3 C:\projectcomp\projek5\elecompid\41\system\Model.php(241): CodeIgniter\Database\BaseBuilder->get()
#4 C:\projectcomp\projek5\elecompid\41\system\BaseModel.php(618): CodeIgniter\Model->doFindAll(0, 0)
#5 C:\projectcomp\projek5\elecompid\41\app\Controllers\user\Homectrl.php(29): CodeIgniter\BaseModel->findAll()
#6 C:\projectcomp\projek5\elecompid\41\system\CodeIgniter.php(932): App\Controllers\user\Homectrl->index()
#7 C:\projectcomp\projek5\elecompid\41\system\CodeIgniter.php(497): CodeIgniter\CodeIgniter->runController(Object(App\Controllers\user\Homectrl))
#8 C:\projectcomp\projek5\elecompid\41\system\CodeIgniter.php(366): CodeIgniter\CodeIgniter->handleRequest(NULL, Object(Config\Cache), false)
#9 C:\projectcomp\projek5\elecompid\41\public\index.php(67): CodeIgniter\CodeIgniter->run()
#10 C:\projectcomp\projek5\elecompid\41\system\Commands\Server\rewrite.php(47): require_once('C:\\projectcomp\\...')
#11 {main}
CRITICAL - 2024-09-30 04:17:55 --> Unable to connect to the database.
Main connection [MySQLi]: No connection could be made because the target machine actively refused it
in SYSTEMPATH\Database\BaseConnection.php on line 427.
 1 SYSTEMPATH\Database\BaseConnection.php(574): CodeIgniter\Database\BaseConnection->initialize()
 2 SYSTEMPATH\Database\BaseBuilder.php(1616): CodeIgniter\Database\BaseConnection->query('SELECT *
FROM `tb_profil`', [], false)
 3 SYSTEMPATH\Model.php(241): CodeIgniter\Database\BaseBuilder->get()
 4 SYSTEMPATH\BaseModel.php(618): CodeIgniter\Model->doFindAll(0, 0)
 5 APPPATH\Controllers\user\Homectrl.php(29): CodeIgniter\BaseModel->findAll()
 6 SYSTEMPATH\CodeIgniter.php(932): App\Controllers\user\Homectrl->index()
 7 SYSTEMPATH\CodeIgniter.php(497): CodeIgniter\CodeIgniter->runController(Object(App\Controllers\user\Homectrl))
 8 SYSTEMPATH\CodeIgniter.php(366): CodeIgniter\CodeIgniter->handleRequest(null, Object(Config\Cache), false)
 9 FCPATH\index.php(67): CodeIgniter\CodeIgniter->run()
10 SYSTEMPATH\Commands\Server\rewrite.php(47): require_once('C:\\projectcomp\\projek5\\elecompid\\41\\public\\index.php')
DEBUG - 2024-09-30 04:19:09 --> LocaleFilter triggered.
DEBUG - 2024-09-30 04:19:09 --> Locale set to: id
INFO - 2024-09-30 04:19:09 --> Session: Class initialized using 'CodeIgniter\Session\Handlers\FileHandler' driver.
DEBUG - 2024-09-30 04:19:16 --> LocaleFilter triggered.
DEBUG - 2024-09-30 04:19:16 --> Locale set to: en
INFO - 2024-09-30 04:19:16 --> Session: Class initialized using 'CodeIgniter\Session\Handlers\FileHandler' driver.
ERROR - 2024-09-30 04:19:20 --> Error connecting to the database: mysqli_sql_exception: No connection could be made because the target machine actively refused it in C:\projectcomp\projek5\elecompid\41\system\Database\MySQLi\Connection.php:173
Stack trace:
#0 C:\projectcomp\projek5\elecompid\41\system\Database\MySQLi\Connection.php(173): mysqli->real_connect('localhost', 'root', Object(SensitiveParameterValue), 'u1658729_elecom...', 3306, '', 0)
#1 C:\projectcomp\projek5\elecompid\41\system\Database\BaseConnection.php(391): CodeIgniter\Database\MySQLi\Connection->connect(false)
#2 C:\projectcomp\projek5\elecompid\41\system\Database\BaseConnection.php(574): CodeIgniter\Database\BaseConnection->initialize()
#3 C:\projectcomp\projek5\elecompid\41\system\Database\BaseBuilder.php(1616): CodeIgniter\Database\BaseConnection->query('SELECT *\nFROM `...', Array, false)
#4 C:\projectcomp\projek5\elecompid\41\system\Model.php(241): CodeIgniter\Database\BaseBuilder->get()
#5 C:\projectcomp\projek5\elecompid\41\system\BaseModel.php(618): CodeIgniter\Model->doFindAll(0, 0)
#6 C:\projectcomp\projek5\elecompid\41\app\Controllers\user\Artikelctrl.php(26): CodeIgniter\BaseModel->findAll()
#7 C:\projectcomp\projek5\elecompid\41\system\CodeIgniter.php(932): App\Controllers\user\Artikelctrl->index()
#8 C:\projectcomp\projek5\elecompid\41\system\CodeIgniter.php(497): CodeIgniter\CodeIgniter->runController(Object(App\Controllers\user\Artikelctrl))
#9 C:\projectcomp\projek5\elecompid\41\system\CodeIgniter.php(366): CodeIgniter\CodeIgniter->handleRequest(NULL, Object(Config\Cache), false)
#10 C:\projectcomp\projek5\elecompid\41\public\index.php(67): CodeIgniter\CodeIgniter->run()
#11 C:\projectcomp\projek5\elecompid\41\system\Commands\Server\rewrite.php(47): require_once('C:\\projectcomp\\...')
#12 {main}

Next CodeIgniter\Database\Exceptions\DatabaseException: No connection could be made because the target machine actively refused it in C:\projectcomp\projek5\elecompid\41\system\Database\MySQLi\Connection.php:218
Stack trace:
#0 C:\projectcomp\projek5\elecompid\41\system\Database\BaseConnection.php(391): CodeIgniter\Database\MySQLi\Connection->connect(false)
#1 C:\projectcomp\projek5\elecompid\41\system\Database\BaseConnection.php(574): CodeIgniter\Database\BaseConnection->initialize()
#2 C:\projectcomp\projek5\elecompid\41\system\Database\BaseBuilder.php(1616): CodeIgniter\Database\BaseConnection->query('SELECT *\nFROM `...', Array, false)
#3 C:\projectcomp\projek5\elecompid\41\system\Model.php(241): CodeIgniter\Database\BaseBuilder->get()
#4 C:\projectcomp\projek5\elecompid\41\system\BaseModel.php(618): CodeIgniter\Model->doFindAll(0, 0)
#5 C:\projectcomp\projek5\elecompid\41\app\Controllers\user\Artikelctrl.php(26): CodeIgniter\BaseModel->findAll()
#6 C:\projectcomp\projek5\elecompid\41\system\CodeIgniter.php(932): App\Controllers\user\Artikelctrl->index()
#7 C:\projectcomp\projek5\elecompid\41\system\CodeIgniter.php(497): CodeIgniter\CodeIgniter->runController(Object(App\Controllers\user\Artikelctrl))
#8 C:\projectcomp\projek5\elecompid\41\system\CodeIgniter.php(366): CodeIgniter\CodeIgniter->handleRequest(NULL, Object(Config\Cache), false)
#9 C:\projectcomp\projek5\elecompid\41\public\index.php(67): CodeIgniter\CodeIgniter->run()
#10 C:\projectcomp\projek5\elecompid\41\system\Commands\Server\rewrite.php(47): require_once('C:\\projectcomp\\...')
#11 {main}
CRITICAL - 2024-09-30 04:19:20 --> Unable to connect to the database.
Main connection [MySQLi]: No connection could be made because the target machine actively refused it
in SYSTEMPATH\Database\BaseConnection.php on line 427.
 1 SYSTEMPATH\Database\BaseConnection.php(574): CodeIgniter\Database\BaseConnection->initialize()
 2 SYSTEMPATH\Database\BaseBuilder.php(1616): CodeIgniter\Database\BaseConnection->query('SELECT *
FROM `tb_profil`', [], false)
 3 SYSTEMPATH\Model.php(241): CodeIgniter\Database\BaseBuilder->get()
 4 SYSTEMPATH\BaseModel.php(618): CodeIgniter\Model->doFindAll(0, 0)
 5 APPPATH\Controllers\user\Artikelctrl.php(26): CodeIgniter\BaseModel->findAll()
 6 SYSTEMPATH\CodeIgniter.php(932): App\Controllers\user\Artikelctrl->index()
 7 SYSTEMPATH\CodeIgniter.php(497): CodeIgniter\CodeIgniter->runController(Object(App\Controllers\user\Artikelctrl))
 8 SYSTEMPATH\CodeIgniter.php(366): CodeIgniter\CodeIgniter->handleRequest(null, Object(Config\Cache), false)
 9 FCPATH\index.php(67): CodeIgniter\CodeIgniter->run()
10 SYSTEMPATH\Commands\Server\rewrite.php(47): require_once('C:\\projectcomp\\projek5\\elecompid\\41\\public\\index.php')
DEBUG - 2024-09-30 04:19:33 --> LocaleFilter triggered.
DEBUG - 2024-09-30 04:19:33 --> Locale set to: en
INFO - 2024-09-30 04:19:33 --> Session: Class initialized using 'CodeIgniter\Session\Handlers\FileHandler' driver.
DEBUG - 2024-09-30 04:19:38 --> LocaleFilter triggered.
DEBUG - 2024-09-30 04:19:38 --> Locale set to: en
INFO - 2024-09-30 04:19:38 --> Session: Class initialized using 'CodeIgniter\Session\Handlers\FileHandler' driver.
DEBUG - 2024-09-30 04:19:40 --> LocaleFilter triggered.
DEBUG - 2024-09-30 04:19:40 --> Locale set to default: id
INFO - 2024-09-30 04:19:40 --> Session: Class initialized using 'CodeIgniter\Session\Handlers\FileHandler' driver.
DEBUG - 2024-09-30 04:19:41 --> LocaleFilter triggered.
DEBUG - 2024-09-30 04:19:41 --> Locale set to: id
INFO - 2024-09-30 04:19:41 --> Session: Class initialized using 'CodeIgniter\Session\Handlers\FileHandler' driver.
DEBUG - 2024-09-30 04:19:43 --> LocaleFilter triggered.
DEBUG - 2024-09-30 04:19:43 --> Locale set to: id
INFO - 2024-09-30 04:19:43 --> Session: Class initialized using 'CodeIgniter\Session\Handlers\FileHandler' driver.
DEBUG - 2024-09-30 04:19:45 --> LocaleFilter triggered.
DEBUG - 2024-09-30 04:19:45 --> Locale set to: id
INFO - 2024-09-30 04:19:45 --> Session: Class initialized using 'CodeIgniter\Session\Handlers\FileHandler' driver.
DEBUG - 2024-09-30 04:25:09 --> LocaleFilter triggered.
DEBUG - 2024-09-30 04:25:09 --> Locale set to: id
INFO - 2024-09-30 04:25:09 --> Session: Class initialized using 'CodeIgniter\Session\Handlers\FileHandler' driver.
DEBUG - 2024-09-30 04:25:12 --> LocaleFilter triggered.
DEBUG - 2024-09-30 04:25:12 --> Locale set to: id
INFO - 2024-09-30 04:25:12 --> Session: Class initialized using 'CodeIgniter\Session\Handlers\FileHandler' driver.
DEBUG - 2024-09-30 04:25:14 --> LocaleFilter triggered.
DEBUG - 2024-09-30 04:25:14 --> Locale set to: id
INFO - 2024-09-30 04:25:14 --> Session: Class initialized using 'CodeIgniter\Session\Handlers\FileHandler' driver.
DEBUG - 2024-09-30 04:28:10 --> LocaleFilter triggered.
DEBUG - 2024-09-30 04:28:10 --> Locale set to: id
INFO - 2024-09-30 04:28:10 --> Session: Class initialized using 'CodeIgniter\Session\Handlers\FileHandler' driver.
DEBUG - 2024-09-30 04:28:15 --> LocaleFilter triggered.
DEBUG - 2024-09-30 04:28:15 --> Locale set to: id
INFO - 2024-09-30 04:28:15 --> Session: Class initialized using 'CodeIgniter\Session\Handlers\FileHandler' driver.
DEBUG - 2024-09-30 04:34:18 --> LocaleFilter triggered.
DEBUG - 2024-09-30 04:34:18 --> Locale set to: id
INFO - 2024-09-30 04:34:18 --> Session: Class initialized using 'CodeIgniter\Session\Handlers\FileHandler' driver.
CRITICAL - 2024-09-30 04:34:18 --> Undefined array key "locale"
in APPPATH\Controllers\user\Artikelctrl.php on line 81.
 1 APPPATH\Controllers\user\Artikelctrl.php(81): CodeIgniter\Debug\Exceptions->errorHandler(2, 'Undefined array key "locale"', 'C:\\projectcomp\\projek5\\elecompid\\41\\app\\Controllers\\user\\Artikelctrl.php', 81)
 2 APPPATH\Controllers\user\Artikelctrl.php(34): App\Controllers\user\Artikelctrl->generateMetaDescription([...])
 3 SYSTEMPATH\CodeIgniter.php(932): App\Controllers\user\Artikelctrl->index()
 4 SYSTEMPATH\CodeIgniter.php(497): CodeIgniter\CodeIgniter->runController(Object(App\Controllers\user\Artikelctrl))
 5 SYSTEMPATH\CodeIgniter.php(366): CodeIgniter\CodeIgniter->handleRequest(null, Object(Config\Cache), false)
 6 FCPATH\index.php(67): CodeIgniter\CodeIgniter->run()
 7 SYSTEMPATH\Commands\Server\rewrite.php(47): require_once('C:\\projectcomp\\projek5\\elecompid\\41\\public\\index.php')
DEBUG - 2024-09-30 04:35:23 --> LocaleFilter triggered.
DEBUG - 2024-09-30 04:35:23 --> Locale set to: id
INFO - 2024-09-30 04:35:23 --> Session: Class initialized using 'CodeIgniter\Session\Handlers\FileHandler' driver.
CRITICAL - 2024-09-30 04:35:23 --> Undefined array key "locale"
in APPPATH\Controllers\user\Artikelctrl.php on line 83.
 1 APPPATH\Controllers\user\Artikelctrl.php(83): CodeIgniter\Debug\Exceptions->errorHandler(2, 'Undefined array key "locale"', 'C:\\projectcomp\\projek5\\elecompid\\41\\app\\Controllers\\user\\Artikelctrl.php', 83)
 2 APPPATH\Controllers\user\Artikelctrl.php(36): App\Controllers\user\Artikelctrl->generateMetaDescription([...])
 3 SYSTEMPATH\CodeIgniter.php(932): App\Controllers\user\Artikelctrl->index()
 4 SYSTEMPATH\CodeIgniter.php(497): CodeIgniter\CodeIgniter->runController(Object(App\Controllers\user\Artikelctrl))
 5 SYSTEMPATH\CodeIgniter.php(366): CodeIgniter\CodeIgniter->handleRequest(null, Object(Config\Cache), false)
 6 FCPATH\index.php(67): CodeIgniter\CodeIgniter->run()
 7 SYSTEMPATH\Commands\Server\rewrite.php(47): require_once('C:\\projectcomp\\projek5\\elecompid\\41\\public\\index.php')
DEBUG - 2024-09-30 04:35:55 --> LocaleFilter triggered.
DEBUG - 2024-09-30 04:35:55 --> Locale set to: id
INFO - 2024-09-30 04:35:55 --> Session: Class initialized using 'CodeIgniter\Session\Handlers\FileHandler' driver.
DEBUG - 2024-09-30 04:35:58 --> LocaleFilter triggered.
DEBUG - 2024-09-30 04:35:58 --> Locale set to: id
INFO - 2024-09-30 04:35:58 --> Session: Class initialized using 'CodeIgniter\Session\Handlers\FileHandler' driver.
DEBUG - 2024-09-30 04:35:59 --> LocaleFilter triggered.
DEBUG - 2024-09-30 04:35:59 --> Locale set to: id
INFO - 2024-09-30 04:35:59 --> Session: Class initialized using 'CodeIgniter\Session\Handlers\FileHandler' driver.
DEBUG - 2024-09-30 04:36:01 --> LocaleFilter triggered.
DEBUG - 2024-09-30 04:36:01 --> Locale set to: id
INFO - 2024-09-30 04:36:01 --> Session: Class initialized using 'CodeIgniter\Session\Handlers\FileHandler' driver.
DEBUG - 2024-09-30 04:36:03 --> LocaleFilter triggered.
DEBUG - 2024-09-30 04:36:03 --> Locale set to: id
INFO - 2024-09-30 04:36:03 --> Session: Class initialized using 'CodeIgniter\Session\Handlers\FileHandler' driver.
DEBUG - 2024-09-30 04:39:00 --> LocaleFilter triggered.
DEBUG - 2024-09-30 04:39:00 --> Locale set to: id
INFO - 2024-09-30 04:39:00 --> Session: Class initialized using 'CodeIgniter\Session\Handlers\FileHandler' driver.
DEBUG - 2024-09-30 04:39:04 --> LocaleFilter triggered.
DEBUG - 2024-09-30 04:39:04 --> Locale set to: id
INFO - 2024-09-30 04:39:04 --> Session: Class initialized using 'CodeIgniter\Session\Handlers\FileHandler' driver.
DEBUG - 2024-09-30 04:39:07 --> LocaleFilter triggered.
DEBUG - 2024-09-30 04:39:07 --> Locale set to: id
INFO - 2024-09-30 04:39:07 --> Session: Class initialized using 'CodeIgniter\Session\Handlers\FileHandler' driver.
DEBUG - 2024-09-30 04:39:09 --> LocaleFilter triggered.
DEBUG - 2024-09-30 04:39:09 --> Locale set to: id
INFO - 2024-09-30 04:39:09 --> Session: Class initialized using 'CodeIgniter\Session\Handlers\FileHandler' driver.
DEBUG - 2024-09-30 04:39:11 --> LocaleFilter triggered.
DEBUG - 2024-09-30 04:39:11 --> Locale set to: id
INFO - 2024-09-30 04:39:11 --> Session: Class initialized using 'CodeIgniter\Session\Handlers\FileHandler' driver.
DEBUG - 2024-09-30 04:39:39 --> LocaleFilter triggered.
DEBUG - 2024-09-30 04:39:39 --> Locale set to: id
INFO - 2024-09-30 04:39:39 --> Session: Class initialized using 'CodeIgniter\Session\Handlers\FileHandler' driver.
DEBUG - 2024-09-30 04:39:40 --> LocaleFilter triggered.
DEBUG - 2024-09-30 04:39:40 --> Locale set to: id
INFO - 2024-09-30 04:39:40 --> Session: Class initialized using 'CodeIgniter\Session\Handlers\FileHandler' driver.
DEBUG - 2024-09-30 04:43:21 --> LocaleFilter triggered.
DEBUG - 2024-09-30 04:43:21 --> Locale set to: id
INFO - 2024-09-30 04:43:21 --> Session: Class initialized using 'CodeIgniter\Session\Handlers\FileHandler' driver.
DEBUG - 2024-09-30 06:08:48 --> LocaleFilter triggered.
DEBUG - 2024-09-30 06:08:48 --> Locale set to default: id
INFO - 2024-09-30 06:08:49 --> Session: Class initialized using 'CodeIgniter\Session\Handlers\FileHandler' driver.
DEBUG - 2024-09-30 06:08:49 --> LocaleFilter triggered.
DEBUG - 2024-09-30 06:08:49 --> Locale set to: en
INFO - 2024-09-30 06:08:49 --> Session: Class initialized using 'CodeIgniter\Session\Handlers\FileHandler' driver.
DEBUG - 2024-09-30 06:09:00 --> LocaleFilter triggered.
DEBUG - 2024-09-30 06:09:00 --> Locale set to: en
INFO - 2024-09-30 06:09:00 --> Session: Class initialized using 'CodeIgniter\Session\Handlers\FileHandler' driver.
DEBUG - 2024-09-30 06:09:03 --> LocaleFilter triggered.
DEBUG - 2024-09-30 06:09:03 --> Locale set to: en
INFO - 2024-09-30 06:09:03 --> Session: Class initialized using 'CodeIgniter\Session\Handlers\FileHandler' driver.
DEBUG - 2024-09-30 06:09:18 --> LocaleFilter triggered.
DEBUG - 2024-09-30 06:09:18 --> Locale set to: en
INFO - 2024-09-30 06:09:18 --> Session: Class initialized using 'CodeIgniter\Session\Handlers\FileHandler' driver.
DEBUG - 2024-09-30 08:11:53 --> LocaleFilter triggered.
DEBUG - 2024-09-30 08:11:53 --> Locale set to: en
INFO - 2024-09-30 08:11:53 --> Session: Class initialized using 'CodeIgniter\Session\Handlers\FileHandler' driver.
DEBUG - 2024-09-30 08:12:16 --> LocaleFilter triggered.
DEBUG - 2024-09-30 08:12:16 --> Locale set to: en
INFO - 2024-09-30 08:12:16 --> Session: Class initialized using 'CodeIgniter\Session\Handlers\FileHandler' driver.
