INFO - 2024-12-12 07:25:40 --> Session: Class initialized using 'CodeIgniter\Session\Handlers\FileHandler' driver.
INFO - 2024-12-12 07:25:41 --> Session: Class initialized using 'CodeIgniter\Session\Handlers\FileHandler' driver.
INFO - 2024-12-12 07:25:51 --> Session: Class initialized using 'CodeIgniter\Session\Handlers\FileHandler' driver.
INFO - 2024-12-12 07:26:07 --> Session: Class initialized using 'CodeIgniter\Session\Handlers\FileHandler' driver.
INFO - 2024-12-12 07:26:07 --> CSRF token verified.
INFO - 2024-12-12 07:26:07 --> Session: Class initialized using 'CodeIgniter\Session\Handlers\FileHandler' driver.
INFO - 2024-12-12 07:36:51 --> Session: Class initialized using 'CodeIgniter\Session\Handlers\FileHandler' driver.
INFO - 2024-12-12 07:36:59 --> Session: Class initialized using 'CodeIgniter\Session\Handlers\FileHandler' driver.
INFO - 2024-12-12 07:37:07 --> Session: Class initialized using 'CodeIgniter\Session\Handlers\FileHandler' driver.
INFO - 2024-12-12 07:37:14 --> Session: Class initialized using 'CodeIgniter\Session\Handlers\FileHandler' driver.
INFO - 2024-12-12 07:37:21 --> Session: Class initialized using 'CodeIgniter\Session\Handlers\FileHandler' driver.
INFO - 2024-12-12 07:37:35 --> Session: Class initialized using 'CodeIgniter\Session\Handlers\FileHandler' driver.
INFO - 2024-12-12 07:37:40 --> Session: Class initialized using 'CodeIgniter\Session\Handlers\FileHandler' driver.
INFO - 2024-12-12 07:39:01 --> Session: Class initialized using 'CodeIgniter\Session\Handlers\FileHandler' driver.
INFO - 2024-12-12 08:14:07 --> Session: Class initialized using 'CodeIgniter\Session\Handlers\FileHandler' driver.
INFO - 2024-12-12 08:14:07 --> Session: Class initialized using 'CodeIgniter\Session\Handlers\FileHandler' driver.
INFO - 2024-12-12 08:14:27 --> Session: Class initialized using 'CodeIgniter\Session\Handlers\FileHandler' driver.
INFO - 2024-12-12 08:14:28 --> Session: Class initialized using 'CodeIgniter\Session\Handlers\FileHandler' driver.
INFO - 2024-12-12 08:14:35 --> Session: Class initialized using 'CodeIgniter\Session\Handlers\FileHandler' driver.
INFO - 2024-12-12 08:14:40 --> Session: Class initialized using 'CodeIgniter\Session\Handlers\FileHandler' driver.
INFO - 2024-12-12 08:15:24 --> Session: Class initialized using 'CodeIgniter\Session\Handlers\FileHandler' driver.
INFO - 2024-12-12 08:15:24 --> CSRF token verified.
INFO - 2024-12-12 08:15:25 --> Session: Class initialized using 'CodeIgniter\Session\Handlers\FileHandler' driver.
INFO - 2024-12-12 08:15:28 --> Session: Class initialized using 'CodeIgniter\Session\Handlers\FileHandler' driver.
INFO - 2024-12-12 08:15:40 --> Session: Class initialized using 'CodeIgniter\Session\Handlers\FileHandler' driver.
INFO - 2024-12-12 08:16:21 --> Session: Class initialized using 'CodeIgniter\Session\Handlers\FileHandler' driver.
INFO - 2024-12-12 08:16:21 --> CSRF token verified.
ERROR - 2024-12-12 08:16:21 --> mysqli_sql_exception: Unknown column 'created_at' in 'field list' in C:\Users\WINDOWS\OneDrive\Documents\GitHub\Web_Elecomps\system\Database\MySQLi\Connection.php:295
Stack trace:
#0 C:\Users\WINDOWS\OneDrive\Documents\GitHub\Web_Elecomps\system\Database\MySQLi\Connection.php(295): mysqli->query('INSERT INTO `tb...', 0)
#1 C:\Users\WINDOWS\OneDrive\Documents\GitHub\Web_Elecomps\system\Database\BaseConnection.php(692): CodeIgniter\Database\MySQLi\Connection->execute('INSERT INTO `tb...')
#2 C:\Users\WINDOWS\OneDrive\Documents\GitHub\Web_Elecomps\system\Database\BaseConnection.php(606): CodeIgniter\Database\BaseConnection->simpleQuery('INSERT INTO `tb...')
#3 C:\Users\WINDOWS\OneDrive\Documents\GitHub\Web_Elecomps\system\Database\BaseBuilder.php(2309): CodeIgniter\Database\BaseConnection->query('INSERT INTO `tb...', Array, false)
#4 C:\Users\WINDOWS\OneDrive\Documents\GitHub\Web_Elecomps\system\Model.php(330): CodeIgniter\Database\BaseBuilder->insert()
#5 C:\Users\WINDOWS\OneDrive\Documents\GitHub\Web_Elecomps\system\BaseModel.php(782): CodeIgniter\Model->doInsert(Array)
#6 C:\Users\WINDOWS\OneDrive\Documents\GitHub\Web_Elecomps\system\Model.php(730): CodeIgniter\BaseModel->insert(Array, false)
#7 C:\Users\WINDOWS\OneDrive\Documents\GitHub\Web_Elecomps\system\BaseModel.php(692): CodeIgniter\Model->insert(Array, false)
#8 C:\Users\WINDOWS\OneDrive\Documents\GitHub\Web_Elecomps\app\Controllers\admin\PBN.php(84): CodeIgniter\BaseModel->save(Array)
#9 C:\Users\WINDOWS\OneDrive\Documents\GitHub\Web_Elecomps\system\CodeIgniter.php(932): App\Controllers\admin\PBN->proses_tambah()
#10 C:\Users\WINDOWS\OneDrive\Documents\GitHub\Web_Elecomps\system\CodeIgniter.php(497): CodeIgniter\CodeIgniter->runController(Object(App\Controllers\admin\PBN))
#11 C:\Users\WINDOWS\OneDrive\Documents\GitHub\Web_Elecomps\system\CodeIgniter.php(366): CodeIgniter\CodeIgniter->handleRequest(NULL, Object(Config\Cache), false)
#12 C:\Users\WINDOWS\OneDrive\Documents\GitHub\Web_Elecomps\public\index.php(67): CodeIgniter\CodeIgniter->run()
#13 C:\Users\WINDOWS\OneDrive\Documents\GitHub\Web_Elecomps\system\Commands\Server\rewrite.php(47): require_once('C:\\Users\\WINDOW...')
#14 {main}
CRITICAL - 2024-12-12 08:16:21 --> Unknown column 'created_at' in 'field list'
in SYSTEMPATH\Database\MySQLi\Connection.php on line 295.
 1 SYSTEMPATH\Database\MySQLi\Connection.php(295): mysqli->query('INSERT INTO `tb_pbn` (`id_emailpbn`, `creator_pbn`, `tanggalbuat_pbn`, `alamat_pbn`, `tema_pbn`, `created_at`, `updated_at`) VALUES (\'21\', \'Bryan Tosin Saputro\', \'2024-12-12 08:16:21\', \'https://tempatwisatakotabaturekomendasi.blogspot.com/\', \'Wisata\', \'2024-12-12 08:16:21\', \'2024-12-12 08:16:21\')', 0)
 2 SYSTEMPATH\Database\BaseConnection.php(692): CodeIgniter\Database\MySQLi\Connection->execute('INSERT INTO `tb_pbn` (`id_emailpbn`, `creator_pbn`, `tanggalbuat_pbn`, `alamat_pbn`, `tema_pbn`, `created_at`, `updated_at`) VALUES (\'21\', \'Bryan Tosin Saputro\', \'2024-12-12 08:16:21\', \'https://tempatwisatakotabaturekomendasi.blogspot.com/\', \'Wisata\', \'2024-12-12 08:16:21\', \'2024-12-12 08:16:21\')')
 3 SYSTEMPATH\Database\BaseConnection.php(606): CodeIgniter\Database\BaseConnection->simpleQuery('INSERT INTO `tb_pbn` (`id_emailpbn`, `creator_pbn`, `tanggalbuat_pbn`, `alamat_pbn`, `tema_pbn`, `created_at`, `updated_at`) VALUES (\'21\', \'Bryan Tosin Saputro\', \'2024-12-12 08:16:21\', \'https://tempatwisatakotabaturekomendasi.blogspot.com/\', \'Wisata\', \'2024-12-12 08:16:21\', \'2024-12-12 08:16:21\')')
 4 SYSTEMPATH\Database\BaseBuilder.php(2309): CodeIgniter\Database\BaseConnection->query('INSERT INTO `tb_pbn` (`id_emailpbn`, `creator_pbn`, `tanggalbuat_pbn`, `alamat_pbn`, `tema_pbn`, `created_at`, `updated_at`) VALUES (:id_emailpbn:, :creator_pbn:, :tanggalbuat_pbn:, :alamat_pbn:, :tema_pbn:, :created_at:, :updated_at:)', [...], false)
 5 SYSTEMPATH\Model.php(330): CodeIgniter\Database\BaseBuilder->insert()
 6 SYSTEMPATH\BaseModel.php(782): CodeIgniter\Model->doInsert([...])
 7 SYSTEMPATH\Model.php(730): CodeIgniter\BaseModel->insert([...], false)
 8 SYSTEMPATH\BaseModel.php(692): CodeIgniter\Model->insert([...], false)
 9 APPPATH\Controllers\admin\PBN.php(84): CodeIgniter\BaseModel->save([...])
10 SYSTEMPATH\CodeIgniter.php(932): App\Controllers\admin\PBN->proses_tambah()
11 SYSTEMPATH\CodeIgniter.php(497): CodeIgniter\CodeIgniter->runController(Object(App\Controllers\admin\PBN))
12 SYSTEMPATH\CodeIgniter.php(366): CodeIgniter\CodeIgniter->handleRequest(null, Object(Config\Cache), false)
13 FCPATH\index.php(67): CodeIgniter\CodeIgniter->run()
14 SYSTEMPATH\Commands\Server\rewrite.php(47): require_once('C:\\Users\\WINDOWS\\OneDrive\\Documents\\GitHub\\Web_Elecomps\\public\\index.php')
INFO - 2024-12-12 08:25:44 --> Session: Class initialized using 'CodeIgniter\Session\Handlers\FileHandler' driver.
INFO - 2024-12-12 08:25:44 --> CSRF token verified.
INFO - 2024-12-12 08:25:45 --> Session: Class initialized using 'CodeIgniter\Session\Handlers\FileHandler' driver.
INFO - 2024-12-12 08:26:25 --> Session: Class initialized using 'CodeIgniter\Session\Handlers\FileHandler' driver.
INFO - 2024-12-12 08:26:58 --> Session: Class initialized using 'CodeIgniter\Session\Handlers\FileHandler' driver.
INFO - 2024-12-12 08:26:58 --> CSRF token verified.
INFO - 2024-12-12 08:26:58 --> Session: Class initialized using 'CodeIgniter\Session\Handlers\FileHandler' driver.
INFO - 2024-12-12 08:27:14 --> Session: Class initialized using 'CodeIgniter\Session\Handlers\FileHandler' driver.
INFO - 2024-12-12 08:27:41 --> Session: Class initialized using 'CodeIgniter\Session\Handlers\FileHandler' driver.
INFO - 2024-12-12 08:27:41 --> CSRF token verified.
INFO - 2024-12-12 08:27:41 --> Session: Class initialized using 'CodeIgniter\Session\Handlers\FileHandler' driver.
INFO - 2024-12-12 08:27:52 --> Session: Class initialized using 'CodeIgniter\Session\Handlers\FileHandler' driver.
INFO - 2024-12-12 08:28:09 --> Session: Class initialized using 'CodeIgniter\Session\Handlers\FileHandler' driver.
INFO - 2024-12-12 08:28:19 --> Session: Class initialized using 'CodeIgniter\Session\Handlers\FileHandler' driver.
INFO - 2024-12-12 08:28:30 --> Session: Class initialized using 'CodeIgniter\Session\Handlers\FileHandler' driver.
INFO - 2024-12-12 08:28:41 --> Session: Class initialized using 'CodeIgniter\Session\Handlers\FileHandler' driver.
INFO - 2024-12-12 08:28:52 --> Session: Class initialized using 'CodeIgniter\Session\Handlers\FileHandler' driver.
INFO - 2024-12-12 08:29:03 --> Session: Class initialized using 'CodeIgniter\Session\Handlers\FileHandler' driver.
INFO - 2024-12-12 08:29:25 --> Session: Class initialized using 'CodeIgniter\Session\Handlers\FileHandler' driver.
INFO - 2024-12-12 08:30:34 --> Session: Class initialized using 'CodeIgniter\Session\Handlers\FileHandler' driver.
INFO - 2024-12-12 08:30:34 --> CSRF token verified.
INFO - 2024-12-12 08:30:35 --> Session: Class initialized using 'CodeIgniter\Session\Handlers\FileHandler' driver.
INFO - 2024-12-12 08:30:49 --> Session: Class initialized using 'CodeIgniter\Session\Handlers\FileHandler' driver.
INFO - 2024-12-12 08:33:21 --> Session: Class initialized using 'CodeIgniter\Session\Handlers\FileHandler' driver.
INFO - 2024-12-12 08:33:21 --> CSRF token verified.
INFO - 2024-12-12 08:33:21 --> Session: Class initialized using 'CodeIgniter\Session\Handlers\FileHandler' driver.
INFO - 2024-12-12 08:34:10 --> Session: Class initialized using 'CodeIgniter\Session\Handlers\FileHandler' driver.
INFO - 2024-12-12 08:35:08 --> Session: Class initialized using 'CodeIgniter\Session\Handlers\FileHandler' driver.
INFO - 2024-12-12 08:35:08 --> CSRF token verified.
INFO - 2024-12-12 08:35:08 --> Session: Class initialized using 'CodeIgniter\Session\Handlers\FileHandler' driver.
INFO - 2024-12-12 08:35:26 --> Session: Class initialized using 'CodeIgniter\Session\Handlers\FileHandler' driver.
INFO - 2024-12-12 08:36:05 --> Session: Class initialized using 'CodeIgniter\Session\Handlers\FileHandler' driver.
INFO - 2024-12-12 08:36:05 --> CSRF token verified.
INFO - 2024-12-12 08:36:05 --> Session: Class initialized using 'CodeIgniter\Session\Handlers\FileHandler' driver.
INFO - 2024-12-12 08:36:16 --> Session: Class initialized using 'CodeIgniter\Session\Handlers\FileHandler' driver.
INFO - 2024-12-12 08:36:54 --> Session: Class initialized using 'CodeIgniter\Session\Handlers\FileHandler' driver.
INFO - 2024-12-12 08:36:54 --> CSRF token verified.
INFO - 2024-12-12 08:36:54 --> Session: Class initialized using 'CodeIgniter\Session\Handlers\FileHandler' driver.
INFO - 2024-12-12 08:37:08 --> Session: Class initialized using 'CodeIgniter\Session\Handlers\FileHandler' driver.
INFO - 2024-12-12 08:39:21 --> Session: Class initialized using 'CodeIgniter\Session\Handlers\FileHandler' driver.
INFO - 2024-12-12 08:39:21 --> CSRF token verified.
INFO - 2024-12-12 08:39:21 --> Session: Class initialized using 'CodeIgniter\Session\Handlers\FileHandler' driver.
INFO - 2024-12-12 08:39:33 --> Session: Class initialized using 'CodeIgniter\Session\Handlers\FileHandler' driver.
INFO - 2024-12-12 08:40:01 --> Session: Class initialized using 'CodeIgniter\Session\Handlers\FileHandler' driver.
INFO - 2024-12-12 08:40:01 --> CSRF token verified.
INFO - 2024-12-12 08:40:02 --> Session: Class initialized using 'CodeIgniter\Session\Handlers\FileHandler' driver.
INFO - 2024-12-12 08:40:14 --> Session: Class initialized using 'CodeIgniter\Session\Handlers\FileHandler' driver.
INFO - 2024-12-12 08:40:44 --> Session: Class initialized using 'CodeIgniter\Session\Handlers\FileHandler' driver.
INFO - 2024-12-12 08:40:44 --> CSRF token verified.
INFO - 2024-12-12 08:40:44 --> Session: Class initialized using 'CodeIgniter\Session\Handlers\FileHandler' driver.
INFO - 2024-12-12 08:48:37 --> Session: Class initialized using 'CodeIgniter\Session\Handlers\FileHandler' driver.
INFO - 2024-12-12 09:01:42 --> Session: Class initialized using 'CodeIgniter\Session\Handlers\FileHandler' driver.
CRITICAL - 2024-12-12 09:01:43 --> Undefined property: stdClass::$alamat_pbn
in APPPATH\Views\admin\artikelpbn\index.php on line 43.
 1 APPPATH\Views\admin\artikelpbn\index.php(43): CodeIgniter\Debug\Exceptions->errorHandler(2, 'Undefined property: stdClass::$alamat_pbn', 'C:\\Users\\WINDOWS\\OneDrive\\Documents\\GitHub\\Web_Elecomps\\app\\Views\\admin\\artikelpbn\\index.php', 43)
 2 SYSTEMPATH\View\View.php(224): include('C:\\Users\\WINDOWS\\OneDrive\\Documents\\GitHub\\Web_Elecomps\\app\\Views\\admin\\artikelpbn\\index.php')
 3 SYSTEMPATH\View\View.php(227): CodeIgniter\View\View->CodeIgniter\View\{closure}()
 4 SYSTEMPATH\Common.php(1180): CodeIgniter\View\View->render('admin/artikelpbn/index', [], true)
 5 APPPATH\Controllers\admin\ArtikelPBN.php(61): view('admin/artikelpbn/index', [...])
 6 SYSTEMPATH\CodeIgniter.php(932): App\Controllers\admin\ArtikelPBN->index()
 7 SYSTEMPATH\CodeIgniter.php(497): CodeIgniter\CodeIgniter->runController(Object(App\Controllers\admin\ArtikelPBN))
 8 SYSTEMPATH\CodeIgniter.php(366): CodeIgniter\CodeIgniter->handleRequest(null, Object(Config\Cache), false)
 9 FCPATH\index.php(67): CodeIgniter\CodeIgniter->run()
10 SYSTEMPATH\Commands\Server\rewrite.php(47): require_once('C:\\Users\\WINDOWS\\OneDrive\\Documents\\GitHub\\Web_Elecomps\\public\\index.php')
INFO - 2024-12-12 09:02:00 --> Session: Class initialized using 'CodeIgniter\Session\Handlers\FileHandler' driver.
CRITICAL - 2024-12-12 09:02:01 --> Undefined variable $pager
in APPPATH\Views\admin\artikelpbn\index.php on line 69.
 1 APPPATH\Views\admin\artikelpbn\index.php(69): CodeIgniter\Debug\Exceptions->errorHandler(2, 'Undefined variable $pager', 'C:\\Users\\WINDOWS\\OneDrive\\Documents\\GitHub\\Web_Elecomps\\app\\Views\\admin\\artikelpbn\\index.php', 69)
 2 SYSTEMPATH\View\View.php(224): include('C:\\Users\\WINDOWS\\OneDrive\\Documents\\GitHub\\Web_Elecomps\\app\\Views\\admin\\artikelpbn\\index.php')
 3 SYSTEMPATH\View\View.php(227): CodeIgniter\View\View->CodeIgniter\View\{closure}()
 4 SYSTEMPATH\Common.php(1180): CodeIgniter\View\View->render('admin/artikelpbn/index', [], true)
 5 APPPATH\Controllers\admin\ArtikelPBN.php(55): view('admin/artikelpbn/index', [...])
 6 SYSTEMPATH\CodeIgniter.php(932): App\Controllers\admin\ArtikelPBN->index()
 7 SYSTEMPATH\CodeIgniter.php(497): CodeIgniter\CodeIgniter->runController(Object(App\Controllers\admin\ArtikelPBN))
 8 SYSTEMPATH\CodeIgniter.php(366): CodeIgniter\CodeIgniter->handleRequest(null, Object(Config\Cache), false)
 9 FCPATH\index.php(67): CodeIgniter\CodeIgniter->run()
10 SYSTEMPATH\Commands\Server\rewrite.php(47): require_once('C:\\Users\\WINDOWS\\OneDrive\\Documents\\GitHub\\Web_Elecomps\\public\\index.php')
INFO - 2024-12-12 09:03:03 --> Session: Class initialized using 'CodeIgniter\Session\Handlers\FileHandler' driver.
INFO - 2024-12-12 09:06:29 --> Session: Class initialized using 'CodeIgniter\Session\Handlers\FileHandler' driver.
CRITICAL - 2024-12-12 09:06:29 --> Invalid file: "admin/artikelpbn/index.php"
in SYSTEMPATH\Exceptions\FrameworkException.php on line 33.
 1 SYSTEMPATH\View\View.php(212): CodeIgniter\Exceptions\FrameworkException::forInvalidFile('admin/artikelpbn/index.php')
 2 SYSTEMPATH\Common.php(1180): CodeIgniter\View\View->render('admin/artikelpbn/index', [], true)
 3 APPPATH\Controllers\admin\ArtikelPBN.php(55): view('admin/artikelpbn/index', [...])
 4 SYSTEMPATH\CodeIgniter.php(932): App\Controllers\admin\ArtikelPBN->index()
 5 SYSTEMPATH\CodeIgniter.php(497): CodeIgniter\CodeIgniter->runController(Object(App\Controllers\admin\ArtikelPBN))
 6 SYSTEMPATH\CodeIgniter.php(366): CodeIgniter\CodeIgniter->handleRequest(null, Object(Config\Cache), false)
 7 FCPATH\index.php(67): CodeIgniter\CodeIgniter->run()
 8 SYSTEMPATH\Commands\Server\rewrite.php(47): require_once('C:\\Users\\WINDOWS\\OneDrive\\Documents\\GitHub\\Web_Elecomps\\public\\index.php')
INFO - 2024-12-12 09:06:45 --> Session: Class initialized using 'CodeIgniter\Session\Handlers\FileHandler' driver.
INFO - 2024-12-12 09:06:54 --> Session: Class initialized using 'CodeIgniter\Session\Handlers\FileHandler' driver.
CRITICAL - 2024-12-12 09:06:54 --> Invalid file: "admin/artikelpbn/index.php"
in SYSTEMPATH\Exceptions\FrameworkException.php on line 33.
 1 SYSTEMPATH\View\View.php(212): CodeIgniter\Exceptions\FrameworkException::forInvalidFile('admin/artikelpbn/index.php')
 2 SYSTEMPATH\Common.php(1180): CodeIgniter\View\View->render('admin/artikelpbn/index', [], true)
 3 APPPATH\Controllers\admin\ArtikelPBN.php(55): view('admin/artikelpbn/index', [...])
 4 SYSTEMPATH\CodeIgniter.php(932): App\Controllers\admin\ArtikelPBN->index()
 5 SYSTEMPATH\CodeIgniter.php(497): CodeIgniter\CodeIgniter->runController(Object(App\Controllers\admin\ArtikelPBN))
 6 SYSTEMPATH\CodeIgniter.php(366): CodeIgniter\CodeIgniter->handleRequest(null, Object(Config\Cache), false)
 7 FCPATH\index.php(67): CodeIgniter\CodeIgniter->run()
 8 SYSTEMPATH\Commands\Server\rewrite.php(47): require_once('C:\\Users\\WINDOWS\\OneDrive\\Documents\\GitHub\\Web_Elecomps\\public\\index.php')
INFO - 2024-12-12 09:08:32 --> Session: Class initialized using 'CodeIgniter\Session\Handlers\FileHandler' driver.
INFO - 2024-12-12 09:08:38 --> Session: Class initialized using 'CodeIgniter\Session\Handlers\FileHandler' driver.
INFO - 2024-12-12 09:08:38 --> Session: Class initialized using 'CodeIgniter\Session\Handlers\FileHandler' driver.
INFO - 2024-12-12 09:08:50 --> Session: Class initialized using 'CodeIgniter\Session\Handlers\FileHandler' driver.
INFO - 2024-12-12 09:09:03 --> Session: Class initialized using 'CodeIgniter\Session\Handlers\FileHandler' driver.
INFO - 2024-12-12 09:09:15 --> Session: Class initialized using 'CodeIgniter\Session\Handlers\FileHandler' driver.
INFO - 2024-12-12 09:09:18 --> Session: Class initialized using 'CodeIgniter\Session\Handlers\FileHandler' driver.
INFO - 2024-12-12 09:09:25 --> Session: Class initialized using 'CodeIgniter\Session\Handlers\FileHandler' driver.
INFO - 2024-12-12 09:09:29 --> Session: Class initialized using 'CodeIgniter\Session\Handlers\FileHandler' driver.
INFO - 2024-12-12 09:09:41 --> Session: Class initialized using 'CodeIgniter\Session\Handlers\FileHandler' driver.
INFO - 2024-12-12 09:09:49 --> Session: Class initialized using 'CodeIgniter\Session\Handlers\FileHandler' driver.
